[2023-02-20 13:05:17,044] multiqc                                            [DEBUG  ]  This is MultiQC v1.14
[2023-02-20 13:05:17,045] multiqc                                            [DEBUG  ]  Command used: /athena/angsd/scratch/mef3005/share/envs/multiqc/bin/multiqc /athena/angsd/scratch/xil4009/SMG6_RNA_SEQ/fastqc/SRR16684375_fastqc/ /athena/angsd/scratch/xil4009/SMG6_RNA_SEQ/fastqc/SRR16684376_fastqc/ /athena/angsd/scratch/xil4009/SMG6_RNA_SEQ/fastqc/SRR16684377_fastqc/ /athena/angsd/scratch/xil4009/SMG6_RNA_SEQ/fastqc/SRR16684378_fastqc/ /athena/angsd/scratch/xil4009/SMG6_RNA_SEQ/fastqc/SRR16684379_fastqc/ /athena/angsd/scratch/xil4009/SMG6_RNA_SEQ/fastqc/SRR16684380_fastqc/ /athena/angsd/scratch/xil4009/SMG6_RNA_SEQ/fastqc/SRR16684381_fastqc/ /athena/angsd/scratch/xil4009/SMG6_RNA_SEQ/fastqc/SRR16684382_fastqc/ /athena/angsd/scratch/xil4009/SMG6_RNA_SEQ/fastqc/SRR16684383_fastqc/ /athena/angsd/scratch/xil4009/SMG6_RNA_SEQ/fastqc/SRR16684384_fastqc/ /athena/angsd/scratch/xil4009/SMG6_RNA_SEQ/fastqc/SRR16684385_fastqc/
[2023-02-20 13:05:17,865] multiqc                                            [DEBUG  ]  Latest MultiQC version is v1.14
[2023-02-20 13:05:17,865] multiqc                                            [DEBUG  ]  Working dir : /pbtech_mounts/homes064/xil4009/project_scripts
[2023-02-20 13:05:17,865] multiqc                                            [DEBUG  ]  Template    : default
[2023-02-20 13:05:17,865] multiqc                                            [DEBUG  ]  Running Python 3.10.8 | packaged by conda-forge | (main, Nov 22 2022, 08:26:04) [GCC 10.4.0]
[2023-02-20 13:05:17,866] multiqc                                            [DEBUG  ]  Analysing modules: custom_content, ccs, ngsderive, purple, conpair, lima, peddy, somalier, methylQA, mosdepth, phantompeakqualtools, qualimap, preseq, hifiasm, quast, qorts, rna_seqc, rockhopper, rsem, rseqc, busco, bustools, goleft_indexcov, gffcompare, disambiguate, supernova, deeptools, sargasso, verifybamid, mirtrace, happy, mirtop, sambamba, gopeaks, homer, hops, macs2, theta2, snpeff, gatk, htseq, bcftools, featureCounts, fgbio, dragen, dragen_fastqc, dedup, pbmarkdup, damageprofiler, biobambam2, jcvi, mtnucratio, picard, vep, sentieon, prokka, qc3C, nanostat, samblaster, samtools, sexdeterrmine, eigenstratdatabasetools, bamtools, jellyfish, vcftools, longranger, stacks, varscan2, snippy, umitools, bbmap, bismark, biscuit, diamond, hicexplorer, hicup, hicpro, salmon, kallisto, slamdunk, star, hisat2, tophat, bowtie2, bowtie1, cellranger, snpsplit, odgi, pangolin, nextclade, humid, kat, leehom, adapterRemoval, bbduk, clipandmerge, cutadapt, flexbar, kaiju, kraken, malt, motus, trimmomatic, sickle, skewer, sortmerna, biobloomtools, fastq_screen, afterqc, fastp, fastqc, filtlong, prinseqplusplus, pychopper, porechop, pycoqc, minionqc, anglerfish, multivcfanalyzer, clusterflow, checkqc, bcl2fastq, bclconvert, interop, ivar, flash, seqyclean, optitype, whatshap
[2023-02-20 13:05:17,866] multiqc                                            [DEBUG  ]  Using temporary directory for creating report: /tmp/tmpjuqju9r1
[2023-02-20 13:05:18,310] multiqc                                            [INFO   ]  Search path : /athena/angsd/scratch/xil4009/SMG6_RNA_SEQ/fastqc/SRR16684375_fastqc
[2023-02-20 13:05:18,310] multiqc                                            [INFO   ]  Search path : /athena/angsd/scratch/xil4009/SMG6_RNA_SEQ/fastqc/SRR16684376_fastqc
[2023-02-20 13:05:18,310] multiqc                                            [INFO   ]  Search path : /athena/angsd/scratch/xil4009/SMG6_RNA_SEQ/fastqc/SRR16684377_fastqc
[2023-02-20 13:05:18,310] multiqc                                            [INFO   ]  Search path : /athena/angsd/scratch/xil4009/SMG6_RNA_SEQ/fastqc/SRR16684378_fastqc
[2023-02-20 13:05:18,311] multiqc                                            [INFO   ]  Search path : /athena/angsd/scratch/xil4009/SMG6_RNA_SEQ/fastqc/SRR16684379_fastqc
[2023-02-20 13:05:18,311] multiqc                                            [INFO   ]  Search path : /athena/angsd/scratch/xil4009/SMG6_RNA_SEQ/fastqc/SRR16684380_fastqc
[2023-02-20 13:05:18,311] multiqc                                            [INFO   ]  Search path : /athena/angsd/scratch/xil4009/SMG6_RNA_SEQ/fastqc/SRR16684381_fastqc
[2023-02-20 13:05:18,311] multiqc                                            [INFO   ]  Search path : /athena/angsd/scratch/xil4009/SMG6_RNA_SEQ/fastqc/SRR16684382_fastqc
[2023-02-20 13:05:18,311] multiqc                                            [INFO   ]  Search path : /athena/angsd/scratch/xil4009/SMG6_RNA_SEQ/fastqc/SRR16684383_fastqc
[2023-02-20 13:05:18,311] multiqc                                            [INFO   ]  Search path : /athena/angsd/scratch/xil4009/SMG6_RNA_SEQ/fastqc/SRR16684384_fastqc
[2023-02-20 13:05:18,311] multiqc                                            [INFO   ]  Search path : /athena/angsd/scratch/xil4009/SMG6_RNA_SEQ/fastqc/SRR16684385_fastqc
[2023-02-20 13:05:20,595] multiqc                                            [DEBUG  ]  Summary of files that were skipped by the search: [skipped_module_specific_max_filesize: 176] // [skipped_no_match: 165]
[2023-02-20 13:05:23,691] multiqc.plots.bargraph                             [DEBUG  ]  Using matplotlib version 3.6.3
[2023-02-20 13:05:23,696] multiqc.plots.linegraph                            [DEBUG  ]  Using matplotlib version 3.6.3
[2023-02-20 13:05:23,698] multiqc                                            [DEBUG  ]  No samples found: custom_content
[2023-02-20 13:05:23,786] multiqc.modules.fastqc.fastqc                      [INFO   ]  Found 11 reports
[2023-02-20 13:05:23,913] multiqc                                            [INFO   ]  Compressing plot data
[2023-02-20 13:05:24,058] multiqc                                            [INFO   ]  Report      : multiqc_report.html
[2023-02-20 13:05:24,058] multiqc                                            [INFO   ]  Data        : multiqc_data
[2023-02-20 13:05:24,058] multiqc                                            [DEBUG  ]  Moving data file from '/tmp/tmpjuqju9r1/multiqc_data' to '/pbtech_mounts/homes064/xil4009/project_scripts/multiqc_data'
[2023-02-20 13:05:24,521] multiqc                                            [INFO   ]  MultiQC complete
