[2023-03-13 14:00:15,242] multiqc                                            [DEBUG  ]  This is MultiQC v1.14
[2023-03-13 14:00:15,243] multiqc                                            [DEBUG  ]  Command used: /athena/angsd/scratch/mef3005/share/envs/multiqc/bin/multiqc /athena/angsd/scratch/xil4009/SMG6_RNA_SEQ
[2023-03-13 14:00:15,823] multiqc                                            [DEBUG  ]  Latest MultiQC version is v1.14
[2023-03-13 14:00:15,823] multiqc                                            [DEBUG  ]  Working dir : /pbtech_mounts/homes064/xil4009/project_scripts
[2023-03-13 14:00:15,823] multiqc                                            [DEBUG  ]  Template    : default
[2023-03-13 14:00:15,823] multiqc                                            [DEBUG  ]  Running Python 3.10.8 | packaged by conda-forge | (main, Nov 22 2022, 08:26:04) [GCC 10.4.0]
[2023-03-13 14:00:15,824] multiqc                                            [DEBUG  ]  Analysing modules: custom_content, ccs, ngsderive, purple, conpair, lima, peddy, somalier, methylQA, mosdepth, phantompeakqualtools, qualimap, preseq, hifiasm, quast, qorts, rna_seqc, rockhopper, rsem, rseqc, busco, bustools, goleft_indexcov, gffcompare, disambiguate, supernova, deeptools, sargasso, verifybamid, mirtrace, happy, mirtop, sambamba, gopeaks, homer, hops, macs2, theta2, snpeff, gatk, htseq, bcftools, featureCounts, fgbio, dragen, dragen_fastqc, dedup, pbmarkdup, damageprofiler, biobambam2, jcvi, mtnucratio, picard, vep, sentieon, prokka, qc3C, nanostat, samblaster, samtools, sexdeterrmine, eigenstratdatabasetools, bamtools, jellyfish, vcftools, longranger, stacks, varscan2, snippy, umitools, bbmap, bismark, biscuit, diamond, hicexplorer, hicup, hicpro, salmon, kallisto, slamdunk, star, hisat2, tophat, bowtie2, bowtie1, cellranger, snpsplit, odgi, pangolin, nextclade, humid, kat, leehom, adapterRemoval, bbduk, clipandmerge, cutadapt, flexbar, kaiju, kraken, malt, motus, trimmomatic, sickle, skewer, sortmerna, biobloomtools, fastq_screen, afterqc, fastp, fastqc, filtlong, prinseqplusplus, pychopper, porechop, pycoqc, minionqc, anglerfish, multivcfanalyzer, clusterflow, checkqc, bcl2fastq, bclconvert, interop, ivar, flash, seqyclean, optitype, whatshap
[2023-03-13 14:00:15,824] multiqc                                            [DEBUG  ]  Using temporary directory for creating report: /tmp/tmp9u540_yf
[2023-03-13 14:00:16,326] multiqc                                            [INFO   ]  Search path : /athena/angsd/scratch/xil4009/SMG6_RNA_SEQ
[2023-03-13 14:01:31,551] multiqc                                            [DEBUG  ]  Summary of files that were skipped by the search: [skipped_module_specific_max_filesize: 1039] // [skipped_no_match: 809] // [skipped_ignore_pattern: 341] // [skipped_not_a_file: 1] // [skipped_filesize_limit: 1]
[2023-03-13 14:01:34,604] multiqc.plots.bargraph                             [DEBUG  ]  Using matplotlib version 3.6.3
[2023-03-13 14:01:34,622] multiqc.plots.linegraph                            [DEBUG  ]  Using matplotlib version 3.6.3
[2023-03-13 14:01:34,624] multiqc                                            [DEBUG  ]  No samples found: custom_content
[2023-03-13 14:01:34,651] multiqc.modules.qorts.qorts                        [INFO   ]  Found 11 logs
[2023-03-13 14:01:34,693] multiqc.modules.featureCounts.feature_counts       [INFO   ]  Found 11 reports
[2023-03-13 14:01:34,723] multiqc.modules.star.star                          [INFO   ]  Found 11 reports
[2023-03-13 14:01:34,768] multiqc.modules.cutadapt.cutadapt                  [INFO   ]  Found 11 reports
[2023-03-13 14:01:34,947] multiqc.modules.fastqc.fastqc                      [DEBUG  ]  Duplicate sample name found! Overwriting: SRR16684379
[2023-03-13 14:01:34,962] multiqc.modules.fastqc.fastqc                      [DEBUG  ]  Duplicate sample name found! Overwriting: SRR16684383
[2023-03-13 14:01:34,971] multiqc.modules.fastqc.fastqc                      [DEBUG  ]  Duplicate sample name found! Overwriting: SRR16684378
[2023-03-13 14:01:34,987] multiqc.modules.fastqc.fastqc                      [DEBUG  ]  Duplicate sample name found! Overwriting: SRR16684377
[2023-03-13 14:01:35,001] multiqc.modules.fastqc.fastqc                      [DEBUG  ]  Duplicate sample name found! Overwriting: SRR16684375
[2023-03-13 14:01:35,015] multiqc.modules.fastqc.fastqc                      [DEBUG  ]  Duplicate sample name found! Overwriting: SRR16684380
[2023-03-13 14:01:35,027] multiqc.modules.fastqc.fastqc                      [DEBUG  ]  Duplicate sample name found! Overwriting: SRR16684382
[2023-03-13 14:01:35,040] multiqc.modules.fastqc.fastqc                      [DEBUG  ]  Duplicate sample name found! Overwriting: SRR16684381
[2023-03-13 14:01:35,058] multiqc.modules.fastqc.fastqc                      [DEBUG  ]  Duplicate sample name found! Overwriting: SRR16684384
[2023-03-13 14:01:35,065] multiqc.modules.fastqc.fastqc                      [DEBUG  ]  Duplicate sample name found! Overwriting: SRR16684376
[2023-03-13 14:01:35,078] multiqc.modules.fastqc.fastqc                      [DEBUG  ]  Duplicate sample name found! Overwriting: SRR16684385
[2023-03-13 14:01:35,108] multiqc.modules.fastqc.fastqc                      [DEBUG  ]  Duplicate sample name found! Overwriting: SRR16684381
[2023-03-13 14:01:35,141] multiqc.modules.fastqc.fastqc                      [DEBUG  ]  Duplicate sample name found! Overwriting: SRR16684383
[2023-03-13 14:01:35,177] multiqc.modules.fastqc.fastqc                      [DEBUG  ]  Duplicate sample name found! Overwriting: SRR16684385
[2023-03-13 14:01:35,219] multiqc.modules.fastqc.fastqc                      [DEBUG  ]  Duplicate sample name found! Overwriting: SRR16684376
[2023-03-13 14:01:35,245] multiqc.modules.fastqc.fastqc                      [DEBUG  ]  Duplicate sample name found! Overwriting: SRR16684378
[2023-03-13 14:01:35,275] multiqc.modules.fastqc.fastqc                      [DEBUG  ]  Duplicate sample name found! Overwriting: SRR16684379
[2023-03-13 14:01:35,294] multiqc.modules.fastqc.fastqc                      [DEBUG  ]  Duplicate sample name found! Overwriting: SRR16684382
[2023-03-13 14:01:35,319] multiqc.modules.fastqc.fastqc                      [DEBUG  ]  Duplicate sample name found! Overwriting: SRR16684375
[2023-03-13 14:01:35,371] multiqc.modules.fastqc.fastqc                      [DEBUG  ]  Duplicate sample name found! Overwriting: SRR16684380
[2023-03-13 14:01:35,403] multiqc.modules.fastqc.fastqc                      [DEBUG  ]  Duplicate sample name found! Overwriting: SRR16684377
[2023-03-13 14:01:35,456] multiqc.modules.fastqc.fastqc                      [DEBUG  ]  Duplicate sample name found! Overwriting: SRR16684384
[2023-03-13 14:01:35,458] multiqc.modules.fastqc.fastqc                      [DEBUG  ]  Skipping 'SRR16684378_fastqc.zip' as already parsed 'SRR16684378'
[2023-03-13 14:01:35,458] multiqc.modules.fastqc.fastqc                      [DEBUG  ]  Skipping 'SRR16684379_fastqc.zip' as already parsed 'SRR16684379'
[2023-03-13 14:01:35,458] multiqc.modules.fastqc.fastqc                      [DEBUG  ]  Skipping 'SRR16684376_fastqc.zip' as already parsed 'SRR16684376'
[2023-03-13 14:01:35,458] multiqc.modules.fastqc.fastqc                      [DEBUG  ]  Skipping 'SRR16684380_fastqc.zip' as already parsed 'SRR16684380'
[2023-03-13 14:01:35,458] multiqc.modules.fastqc.fastqc                      [DEBUG  ]  Skipping 'SRR16684375_fastqc.zip' as already parsed 'SRR16684375'
[2023-03-13 14:01:35,459] multiqc.modules.fastqc.fastqc                      [DEBUG  ]  Skipping 'SRR16684384_fastqc.zip' as already parsed 'SRR16684384'
[2023-03-13 14:01:35,459] multiqc.modules.fastqc.fastqc                      [DEBUG  ]  Skipping 'SRR16684381_fastqc.zip' as already parsed 'SRR16684381'
[2023-03-13 14:01:35,459] multiqc.modules.fastqc.fastqc                      [DEBUG  ]  Skipping 'SRR16684383_fastqc.zip' as already parsed 'SRR16684383'
[2023-03-13 14:01:35,459] multiqc.modules.fastqc.fastqc                      [DEBUG  ]  Skipping 'SRR16684377_fastqc.zip' as already parsed 'SRR16684377'
[2023-03-13 14:01:35,459] multiqc.modules.fastqc.fastqc                      [DEBUG  ]  Skipping 'SRR16684382_fastqc.zip' as already parsed 'SRR16684382'
[2023-03-13 14:01:35,459] multiqc.modules.fastqc.fastqc                      [DEBUG  ]  Skipping 'SRR16684385_fastqc.zip' as already parsed 'SRR16684385'
[2023-03-13 14:01:35,459] multiqc.modules.fastqc.fastqc                      [INFO   ]  Found 11 reports
[2023-03-13 14:01:35,628] multiqc                                            [INFO   ]  Compressing plot data
[2023-03-13 14:01:35,862] multiqc                                            [INFO   ]  Report      : multiqc_report.html
[2023-03-13 14:01:35,863] multiqc                                            [INFO   ]  Data        : multiqc_data
[2023-03-13 14:01:35,863] multiqc                                            [DEBUG  ]  Moving data file from '/tmp/tmp9u540_yf/multiqc_data' to '/pbtech_mounts/homes064/xil4009/project_scripts/multiqc_data'
[2023-03-13 14:01:36,475] multiqc                                            [INFO   ]  MultiQC complete
