the fastqc dir will be created within fastq dir /athena/angsd/scratch/xil4009/SMG6_RNA_SEQ/fastq_trimmed
---------------FastQC SRR16684375----------------
Started analysis of SRR16684375_trimmed.fq.gz
Approx 5% complete for SRR16684375_trimmed.fq.gz
Approx 10% complete for SRR16684375_trimmed.fq.gz
Approx 15% complete for SRR16684375_trimmed.fq.gz
Approx 20% complete for SRR16684375_trimmed.fq.gz
Approx 25% complete for SRR16684375_trimmed.fq.gz
Approx 30% complete for SRR16684375_trimmed.fq.gz
Approx 35% complete for SRR16684375_trimmed.fq.gz
Approx 40% complete for SRR16684375_trimmed.fq.gz
Approx 45% complete for SRR16684375_trimmed.fq.gz
Approx 50% complete for SRR16684375_trimmed.fq.gz
Approx 55% complete for SRR16684375_trimmed.fq.gz
Approx 60% complete for SRR16684375_trimmed.fq.gz
Approx 65% complete for SRR16684375_trimmed.fq.gz
Approx 70% complete for SRR16684375_trimmed.fq.gz
Approx 75% complete for SRR16684375_trimmed.fq.gz
Approx 80% complete for SRR16684375_trimmed.fq.gz
Approx 85% complete for SRR16684375_trimmed.fq.gz
Approx 90% complete for SRR16684375_trimmed.fq.gz
Approx 95% complete for SRR16684375_trimmed.fq.gz
Analysis complete for SRR16684375_trimmed.fq.gz
 
---------------FastQC SRR16684376----------------
Started analysis of SRR16684376_trimmed.fq.gz
Approx 5% complete for SRR16684376_trimmed.fq.gz
Approx 10% complete for SRR16684376_trimmed.fq.gz
Approx 15% complete for SRR16684376_trimmed.fq.gz
Approx 20% complete for SRR16684376_trimmed.fq.gz
Approx 25% complete for SRR16684376_trimmed.fq.gz
Approx 30% complete for SRR16684376_trimmed.fq.gz
Approx 35% complete for SRR16684376_trimmed.fq.gz
Approx 40% complete for SRR16684376_trimmed.fq.gz
Approx 45% complete for SRR16684376_trimmed.fq.gz
Approx 50% complete for SRR16684376_trimmed.fq.gz
Approx 55% complete for SRR16684376_trimmed.fq.gz
Approx 60% complete for SRR16684376_trimmed.fq.gz
Approx 65% complete for SRR16684376_trimmed.fq.gz
Approx 70% complete for SRR16684376_trimmed.fq.gz
Approx 75% complete for SRR16684376_trimmed.fq.gz
Approx 80% complete for SRR16684376_trimmed.fq.gz
Approx 85% complete for SRR16684376_trimmed.fq.gz
Approx 90% complete for SRR16684376_trimmed.fq.gz
Approx 95% complete for SRR16684376_trimmed.fq.gz
Analysis complete for SRR16684376_trimmed.fq.gz
 
---------------FastQC SRR16684377----------------
Started analysis of SRR16684377_trimmed.fq.gz
Approx 5% complete for SRR16684377_trimmed.fq.gz
Approx 10% complete for SRR16684377_trimmed.fq.gz
Approx 15% complete for SRR16684377_trimmed.fq.gz
Approx 20% complete for SRR16684377_trimmed.fq.gz
Approx 25% complete for SRR16684377_trimmed.fq.gz
Approx 30% complete for SRR16684377_trimmed.fq.gz
Approx 35% complete for SRR16684377_trimmed.fq.gz
Approx 40% complete for SRR16684377_trimmed.fq.gz
Approx 45% complete for SRR16684377_trimmed.fq.gz
Approx 50% complete for SRR16684377_trimmed.fq.gz
Approx 55% complete for SRR16684377_trimmed.fq.gz
Approx 60% complete for SRR16684377_trimmed.fq.gz
Approx 65% complete for SRR16684377_trimmed.fq.gz
Approx 70% complete for SRR16684377_trimmed.fq.gz
Approx 75% complete for SRR16684377_trimmed.fq.gz
Approx 80% complete for SRR16684377_trimmed.fq.gz
Approx 85% complete for SRR16684377_trimmed.fq.gz
Approx 90% complete for SRR16684377_trimmed.fq.gz
Approx 95% complete for SRR16684377_trimmed.fq.gz
Approx 100% complete for SRR16684377_trimmed.fq.gz
Analysis complete for SRR16684377_trimmed.fq.gz
 
---------------FastQC SRR16684378----------------
Started analysis of SRR16684378_trimmed.fq.gz
Approx 5% complete for SRR16684378_trimmed.fq.gz
Approx 10% complete for SRR16684378_trimmed.fq.gz
Approx 15% complete for SRR16684378_trimmed.fq.gz
Approx 20% complete for SRR16684378_trimmed.fq.gz
Approx 25% complete for SRR16684378_trimmed.fq.gz
Approx 30% complete for SRR16684378_trimmed.fq.gz
Approx 35% complete for SRR16684378_trimmed.fq.gz
Approx 40% complete for SRR16684378_trimmed.fq.gz
Approx 45% complete for SRR16684378_trimmed.fq.gz
Approx 50% complete for SRR16684378_trimmed.fq.gz
Approx 55% complete for SRR16684378_trimmed.fq.gz
Approx 60% complete for SRR16684378_trimmed.fq.gz
Approx 65% complete for SRR16684378_trimmed.fq.gz
Approx 70% complete for SRR16684378_trimmed.fq.gz
Approx 75% complete for SRR16684378_trimmed.fq.gz
Approx 80% complete for SRR16684378_trimmed.fq.gz
Approx 85% complete for SRR16684378_trimmed.fq.gz
Approx 90% complete for SRR16684378_trimmed.fq.gz
Approx 95% complete for SRR16684378_trimmed.fq.gz
Analysis complete for SRR16684378_trimmed.fq.gz
 
---------------FastQC SRR16684379----------------
Started analysis of SRR16684379_trimmed.fq.gz
Approx 5% complete for SRR16684379_trimmed.fq.gz
Approx 10% complete for SRR16684379_trimmed.fq.gz
Approx 15% complete for SRR16684379_trimmed.fq.gz
Approx 20% complete for SRR16684379_trimmed.fq.gz
Approx 25% complete for SRR16684379_trimmed.fq.gz
Approx 30% complete for SRR16684379_trimmed.fq.gz
Approx 35% complete for SRR16684379_trimmed.fq.gz
Approx 40% complete for SRR16684379_trimmed.fq.gz
Approx 45% complete for SRR16684379_trimmed.fq.gz
Approx 50% complete for SRR16684379_trimmed.fq.gz
Approx 55% complete for SRR16684379_trimmed.fq.gz
Approx 60% complete for SRR16684379_trimmed.fq.gz
Approx 65% complete for SRR16684379_trimmed.fq.gz
Approx 70% complete for SRR16684379_trimmed.fq.gz
Approx 75% complete for SRR16684379_trimmed.fq.gz
Approx 80% complete for SRR16684379_trimmed.fq.gz
Approx 85% complete for SRR16684379_trimmed.fq.gz
Approx 90% complete for SRR16684379_trimmed.fq.gz
Approx 95% complete for SRR16684379_trimmed.fq.gz
Analysis complete for SRR16684379_trimmed.fq.gz
 
---------------FastQC SRR16684380----------------
Started analysis of SRR16684380_trimmed.fq.gz
Approx 5% complete for SRR16684380_trimmed.fq.gz
Approx 10% complete for SRR16684380_trimmed.fq.gz
Approx 15% complete for SRR16684380_trimmed.fq.gz
Approx 20% complete for SRR16684380_trimmed.fq.gz
Approx 25% complete for SRR16684380_trimmed.fq.gz
Approx 30% complete for SRR16684380_trimmed.fq.gz
Approx 35% complete for SRR16684380_trimmed.fq.gz
Approx 40% complete for SRR16684380_trimmed.fq.gz
Approx 45% complete for SRR16684380_trimmed.fq.gz
Approx 50% complete for SRR16684380_trimmed.fq.gz
Approx 55% complete for SRR16684380_trimmed.fq.gz
Approx 60% complete for SRR16684380_trimmed.fq.gz
Approx 65% complete for SRR16684380_trimmed.fq.gz
Approx 70% complete for SRR16684380_trimmed.fq.gz
Approx 75% complete for SRR16684380_trimmed.fq.gz
Approx 80% complete for SRR16684380_trimmed.fq.gz
Approx 85% complete for SRR16684380_trimmed.fq.gz
Approx 90% complete for SRR16684380_trimmed.fq.gz
Approx 95% complete for SRR16684380_trimmed.fq.gz
Analysis complete for SRR16684380_trimmed.fq.gz
 
---------------FastQC SRR16684381----------------
Started analysis of SRR16684381_trimmed.fq.gz
Approx 5% complete for SRR16684381_trimmed.fq.gz
Approx 10% complete for SRR16684381_trimmed.fq.gz
Approx 15% complete for SRR16684381_trimmed.fq.gz
Approx 20% complete for SRR16684381_trimmed.fq.gz
Approx 25% complete for SRR16684381_trimmed.fq.gz
Approx 30% complete for SRR16684381_trimmed.fq.gz
Approx 35% complete for SRR16684381_trimmed.fq.gz
Approx 40% complete for SRR16684381_trimmed.fq.gz
Approx 45% complete for SRR16684381_trimmed.fq.gz
Approx 50% complete for SRR16684381_trimmed.fq.gz
Approx 55% complete for SRR16684381_trimmed.fq.gz
Approx 60% complete for SRR16684381_trimmed.fq.gz
Approx 65% complete for SRR16684381_trimmed.fq.gz
Approx 70% complete for SRR16684381_trimmed.fq.gz
Approx 75% complete for SRR16684381_trimmed.fq.gz
Approx 80% complete for SRR16684381_trimmed.fq.gz
Approx 85% complete for SRR16684381_trimmed.fq.gz
Approx 90% complete for SRR16684381_trimmed.fq.gz
Approx 95% complete for SRR16684381_trimmed.fq.gz
Analysis complete for SRR16684381_trimmed.fq.gz
 
---------------FastQC SRR16684382----------------
Started analysis of SRR16684382_trimmed.fq.gz
Approx 5% complete for SRR16684382_trimmed.fq.gz
Approx 10% complete for SRR16684382_trimmed.fq.gz
Approx 15% complete for SRR16684382_trimmed.fq.gz
Approx 20% complete for SRR16684382_trimmed.fq.gz
Approx 25% complete for SRR16684382_trimmed.fq.gz
Approx 30% complete for SRR16684382_trimmed.fq.gz
Approx 35% complete for SRR16684382_trimmed.fq.gz
Approx 40% complete for SRR16684382_trimmed.fq.gz
Approx 45% complete for SRR16684382_trimmed.fq.gz
Approx 50% complete for SRR16684382_trimmed.fq.gz
Approx 55% complete for SRR16684382_trimmed.fq.gz
Approx 60% complete for SRR16684382_trimmed.fq.gz
Approx 65% complete for SRR16684382_trimmed.fq.gz
Approx 70% complete for SRR16684382_trimmed.fq.gz
Approx 75% complete for SRR16684382_trimmed.fq.gz
Approx 80% complete for SRR16684382_trimmed.fq.gz
Approx 85% complete for SRR16684382_trimmed.fq.gz
Approx 90% complete for SRR16684382_trimmed.fq.gz
Approx 95% complete for SRR16684382_trimmed.fq.gz
Analysis complete for SRR16684382_trimmed.fq.gz
 
---------------FastQC SRR16684383----------------
Started analysis of SRR16684383_trimmed.fq.gz
Approx 5% complete for SRR16684383_trimmed.fq.gz
Approx 10% complete for SRR16684383_trimmed.fq.gz
Approx 15% complete for SRR16684383_trimmed.fq.gz
Approx 20% complete for SRR16684383_trimmed.fq.gz
Approx 25% complete for SRR16684383_trimmed.fq.gz
Approx 30% complete for SRR16684383_trimmed.fq.gz
Approx 35% complete for SRR16684383_trimmed.fq.gz
Approx 40% complete for SRR16684383_trimmed.fq.gz
Approx 45% complete for SRR16684383_trimmed.fq.gz
Approx 50% complete for SRR16684383_trimmed.fq.gz
Approx 55% complete for SRR16684383_trimmed.fq.gz
Approx 60% complete for SRR16684383_trimmed.fq.gz
Approx 65% complete for SRR16684383_trimmed.fq.gz
Approx 70% complete for SRR16684383_trimmed.fq.gz
Approx 75% complete for SRR16684383_trimmed.fq.gz
Approx 80% complete for SRR16684383_trimmed.fq.gz
Approx 85% complete for SRR16684383_trimmed.fq.gz
Approx 90% complete for SRR16684383_trimmed.fq.gz
Approx 95% complete for SRR16684383_trimmed.fq.gz
Analysis complete for SRR16684383_trimmed.fq.gz
 
---------------FastQC SRR16684384----------------
Started analysis of SRR16684384_trimmed.fq.gz
Approx 5% complete for SRR16684384_trimmed.fq.gz
Approx 10% complete for SRR16684384_trimmed.fq.gz
Approx 15% complete for SRR16684384_trimmed.fq.gz
Approx 20% complete for SRR16684384_trimmed.fq.gz
Approx 25% complete for SRR16684384_trimmed.fq.gz
Approx 30% complete for SRR16684384_trimmed.fq.gz
Approx 35% complete for SRR16684384_trimmed.fq.gz
Approx 40% complete for SRR16684384_trimmed.fq.gz
Approx 45% complete for SRR16684384_trimmed.fq.gz
Approx 50% complete for SRR16684384_trimmed.fq.gz
Approx 55% complete for SRR16684384_trimmed.fq.gz
Approx 60% complete for SRR16684384_trimmed.fq.gz
Approx 65% complete for SRR16684384_trimmed.fq.gz
Approx 70% complete for SRR16684384_trimmed.fq.gz
Approx 75% complete for SRR16684384_trimmed.fq.gz
Approx 80% complete for SRR16684384_trimmed.fq.gz
Approx 85% complete for SRR16684384_trimmed.fq.gz
Approx 90% complete for SRR16684384_trimmed.fq.gz
Approx 95% complete for SRR16684384_trimmed.fq.gz
Analysis complete for SRR16684384_trimmed.fq.gz
 
---------------FastQC SRR16684385----------------
Started analysis of SRR16684385_trimmed.fq.gz
Approx 5% complete for SRR16684385_trimmed.fq.gz
Approx 10% complete for SRR16684385_trimmed.fq.gz
Approx 15% complete for SRR16684385_trimmed.fq.gz
Approx 20% complete for SRR16684385_trimmed.fq.gz
Approx 25% complete for SRR16684385_trimmed.fq.gz
Approx 30% complete for SRR16684385_trimmed.fq.gz
Approx 35% complete for SRR16684385_trimmed.fq.gz
Approx 40% complete for SRR16684385_trimmed.fq.gz
Approx 45% complete for SRR16684385_trimmed.fq.gz
Approx 50% complete for SRR16684385_trimmed.fq.gz
Approx 55% complete for SRR16684385_trimmed.fq.gz
Approx 60% complete for SRR16684385_trimmed.fq.gz
Approx 65% complete for SRR16684385_trimmed.fq.gz
Approx 70% complete for SRR16684385_trimmed.fq.gz
Approx 75% complete for SRR16684385_trimmed.fq.gz
Approx 80% complete for SRR16684385_trimmed.fq.gz
Approx 85% complete for SRR16684385_trimmed.fq.gz
Approx 90% complete for SRR16684385_trimmed.fq.gz
Approx 95% complete for SRR16684385_trimmed.fq.gz
Analysis complete for SRR16684385_trimmed.fq.gz
 
--------------- Script Termination ----------------
