the fastqc dir will be created within fastq dir /athena/angsd/scratch/xil4009/SMG6_RNA_SEQ/fastq_raw
making fastqc dir /athena/angsd/scratch/xil4009/SMG6_RNA_SEQ/fastq_raw/fastqc
---------------FastQC SRR16684375----------------
Started analysis of SRR16684375.fastq.gz
Approx 5% complete for SRR16684375.fastq.gz
Approx 10% complete for SRR16684375.fastq.gz
Approx 15% complete for SRR16684375.fastq.gz
Approx 20% complete for SRR16684375.fastq.gz
Approx 25% complete for SRR16684375.fastq.gz
Approx 30% complete for SRR16684375.fastq.gz
Approx 35% complete for SRR16684375.fastq.gz
Approx 40% complete for SRR16684375.fastq.gz
Approx 45% complete for SRR16684375.fastq.gz
Approx 50% complete for SRR16684375.fastq.gz
Approx 55% complete for SRR16684375.fastq.gz
Approx 60% complete for SRR16684375.fastq.gz
Approx 65% complete for SRR16684375.fastq.gz
Approx 70% complete for SRR16684375.fastq.gz
Approx 75% complete for SRR16684375.fastq.gz
Approx 80% complete for SRR16684375.fastq.gz
Approx 85% complete for SRR16684375.fastq.gz
Approx 90% complete for SRR16684375.fastq.gz
Approx 95% complete for SRR16684375.fastq.gz
Analysis complete for SRR16684375.fastq.gz
---------------FastQC SRR16684376----------------
Started analysis of SRR16684376.fastq.gz
Approx 5% complete for SRR16684376.fastq.gz
Approx 10% complete for SRR16684376.fastq.gz
Approx 15% complete for SRR16684376.fastq.gz
Approx 20% complete for SRR16684376.fastq.gz
Approx 25% complete for SRR16684376.fastq.gz
Approx 30% complete for SRR16684376.fastq.gz
Approx 35% complete for SRR16684376.fastq.gz
Approx 40% complete for SRR16684376.fastq.gz
Approx 45% complete for SRR16684376.fastq.gz
Approx 50% complete for SRR16684376.fastq.gz
Approx 55% complete for SRR16684376.fastq.gz
Approx 60% complete for SRR16684376.fastq.gz
Approx 65% complete for SRR16684376.fastq.gz
Approx 70% complete for SRR16684376.fastq.gz
Approx 75% complete for SRR16684376.fastq.gz
Approx 80% complete for SRR16684376.fastq.gz
Approx 85% complete for SRR16684376.fastq.gz
Approx 90% complete for SRR16684376.fastq.gz
Approx 95% complete for SRR16684376.fastq.gz
Analysis complete for SRR16684376.fastq.gz
---------------FastQC SRR16684377----------------
Started analysis of SRR16684377.fastq.gz
Approx 5% complete for SRR16684377.fastq.gz
Approx 10% complete for SRR16684377.fastq.gz
Approx 15% complete for SRR16684377.fastq.gz
Approx 20% complete for SRR16684377.fastq.gz
Approx 25% complete for SRR16684377.fastq.gz
Approx 30% complete for SRR16684377.fastq.gz
Approx 35% complete for SRR16684377.fastq.gz
Approx 40% complete for SRR16684377.fastq.gz
Approx 45% complete for SRR16684377.fastq.gz
Approx 50% complete for SRR16684377.fastq.gz
Approx 55% complete for SRR16684377.fastq.gz
Approx 60% complete for SRR16684377.fastq.gz
Approx 65% complete for SRR16684377.fastq.gz
Approx 70% complete for SRR16684377.fastq.gz
Approx 75% complete for SRR16684377.fastq.gz
Approx 80% complete for SRR16684377.fastq.gz
Approx 85% complete for SRR16684377.fastq.gz
Approx 90% complete for SRR16684377.fastq.gz
Approx 95% complete for SRR16684377.fastq.gz
Approx 100% complete for SRR16684377.fastq.gz
Analysis complete for SRR16684377.fastq.gz
---------------FastQC SRR16684378----------------
Started analysis of SRR16684378.fastq.gz
Approx 5% complete for SRR16684378.fastq.gz
Approx 10% complete for SRR16684378.fastq.gz
Approx 15% complete for SRR16684378.fastq.gz
Approx 20% complete for SRR16684378.fastq.gz
Approx 25% complete for SRR16684378.fastq.gz
Approx 30% complete for SRR16684378.fastq.gz
Approx 35% complete for SRR16684378.fastq.gz
Approx 40% complete for SRR16684378.fastq.gz
Approx 45% complete for SRR16684378.fastq.gz
Approx 50% complete for SRR16684378.fastq.gz
Approx 55% complete for SRR16684378.fastq.gz
Approx 60% complete for SRR16684378.fastq.gz
Approx 65% complete for SRR16684378.fastq.gz
Approx 70% complete for SRR16684378.fastq.gz
Approx 75% complete for SRR16684378.fastq.gz
Approx 80% complete for SRR16684378.fastq.gz
Approx 85% complete for SRR16684378.fastq.gz
Approx 90% complete for SRR16684378.fastq.gz
Approx 95% complete for SRR16684378.fastq.gz
Analysis complete for SRR16684378.fastq.gz
---------------FastQC SRR16684379----------------
Started analysis of SRR16684379.fastq.gz
Approx 5% complete for SRR16684379.fastq.gz
Approx 10% complete for SRR16684379.fastq.gz
Approx 15% complete for SRR16684379.fastq.gz
Approx 20% complete for SRR16684379.fastq.gz
Approx 25% complete for SRR16684379.fastq.gz
Approx 30% complete for SRR16684379.fastq.gz
Approx 35% complete for SRR16684379.fastq.gz
Approx 40% complete for SRR16684379.fastq.gz
Approx 45% complete for SRR16684379.fastq.gz
Approx 50% complete for SRR16684379.fastq.gz
Approx 55% complete for SRR16684379.fastq.gz
Approx 60% complete for SRR16684379.fastq.gz
Approx 65% complete for SRR16684379.fastq.gz
Approx 70% complete for SRR16684379.fastq.gz
Approx 75% complete for SRR16684379.fastq.gz
Approx 80% complete for SRR16684379.fastq.gz
Approx 85% complete for SRR16684379.fastq.gz
Approx 90% complete for SRR16684379.fastq.gz
Approx 95% complete for SRR16684379.fastq.gz
Analysis complete for SRR16684379.fastq.gz
---------------FastQC SRR16684380----------------
Started analysis of SRR16684380.fastq.gz
Approx 5% complete for SRR16684380.fastq.gz
Approx 10% complete for SRR16684380.fastq.gz
Approx 15% complete for SRR16684380.fastq.gz
Approx 20% complete for SRR16684380.fastq.gz
Approx 25% complete for SRR16684380.fastq.gz
Approx 30% complete for SRR16684380.fastq.gz
Approx 35% complete for SRR16684380.fastq.gz
Approx 40% complete for SRR16684380.fastq.gz
Approx 45% complete for SRR16684380.fastq.gz
Approx 50% complete for SRR16684380.fastq.gz
Approx 55% complete for SRR16684380.fastq.gz
Approx 60% complete for SRR16684380.fastq.gz
Approx 65% complete for SRR16684380.fastq.gz
Approx 70% complete for SRR16684380.fastq.gz
Approx 75% complete for SRR16684380.fastq.gz
Approx 80% complete for SRR16684380.fastq.gz
Approx 85% complete for SRR16684380.fastq.gz
Approx 90% complete for SRR16684380.fastq.gz
Approx 95% complete for SRR16684380.fastq.gz
Analysis complete for SRR16684380.fastq.gz
---------------FastQC SRR16684381----------------
Started analysis of SRR16684381.fastq.gz
Approx 5% complete for SRR16684381.fastq.gz
Approx 10% complete for SRR16684381.fastq.gz
Approx 15% complete for SRR16684381.fastq.gz
Approx 20% complete for SRR16684381.fastq.gz
Approx 25% complete for SRR16684381.fastq.gz
Approx 30% complete for SRR16684381.fastq.gz
Approx 35% complete for SRR16684381.fastq.gz
Approx 40% complete for SRR16684381.fastq.gz
Approx 45% complete for SRR16684381.fastq.gz
Approx 50% complete for SRR16684381.fastq.gz
Approx 55% complete for SRR16684381.fastq.gz
Approx 60% complete for SRR16684381.fastq.gz
Approx 65% complete for SRR16684381.fastq.gz
Approx 70% complete for SRR16684381.fastq.gz
Approx 75% complete for SRR16684381.fastq.gz
Approx 80% complete for SRR16684381.fastq.gz
Approx 85% complete for SRR16684381.fastq.gz
Approx 90% complete for SRR16684381.fastq.gz
Approx 95% complete for SRR16684381.fastq.gz
Analysis complete for SRR16684381.fastq.gz
---------------FastQC SRR16684382----------------
Started analysis of SRR16684382.fastq.gz
Approx 5% complete for SRR16684382.fastq.gz
Approx 10% complete for SRR16684382.fastq.gz
Approx 15% complete for SRR16684382.fastq.gz
Approx 20% complete for SRR16684382.fastq.gz
Approx 25% complete for SRR16684382.fastq.gz
Approx 30% complete for SRR16684382.fastq.gz
Approx 35% complete for SRR16684382.fastq.gz
Approx 40% complete for SRR16684382.fastq.gz
Approx 45% complete for SRR16684382.fastq.gz
Approx 50% complete for SRR16684382.fastq.gz
Approx 55% complete for SRR16684382.fastq.gz
Approx 60% complete for SRR16684382.fastq.gz
Approx 65% complete for SRR16684382.fastq.gz
Approx 70% complete for SRR16684382.fastq.gz
Approx 75% complete for SRR16684382.fastq.gz
Approx 80% complete for SRR16684382.fastq.gz
Approx 85% complete for SRR16684382.fastq.gz
Approx 90% complete for SRR16684382.fastq.gz
Approx 95% complete for SRR16684382.fastq.gz
Analysis complete for SRR16684382.fastq.gz
---------------FastQC SRR16684383----------------
Started analysis of SRR16684383.fastq.gz
Approx 5% complete for SRR16684383.fastq.gz
Approx 10% complete for SRR16684383.fastq.gz
Approx 15% complete for SRR16684383.fastq.gz
Approx 20% complete for SRR16684383.fastq.gz
Approx 25% complete for SRR16684383.fastq.gz
Approx 30% complete for SRR16684383.fastq.gz
Approx 35% complete for SRR16684383.fastq.gz
Approx 40% complete for SRR16684383.fastq.gz
Approx 45% complete for SRR16684383.fastq.gz
Approx 50% complete for SRR16684383.fastq.gz
Approx 55% complete for SRR16684383.fastq.gz
Approx 60% complete for SRR16684383.fastq.gz
Approx 65% complete for SRR16684383.fastq.gz
Approx 70% complete for SRR16684383.fastq.gz
Approx 75% complete for SRR16684383.fastq.gz
Approx 80% complete for SRR16684383.fastq.gz
Approx 85% complete for SRR16684383.fastq.gz
Approx 90% complete for SRR16684383.fastq.gz
Approx 95% complete for SRR16684383.fastq.gz
Analysis complete for SRR16684383.fastq.gz
---------------FastQC SRR16684384----------------
Started analysis of SRR16684384.fastq.gz
Approx 5% complete for SRR16684384.fastq.gz
Approx 10% complete for SRR16684384.fastq.gz
Approx 15% complete for SRR16684384.fastq.gz
Approx 20% complete for SRR16684384.fastq.gz
Approx 25% complete for SRR16684384.fastq.gz
Approx 30% complete for SRR16684384.fastq.gz
Approx 35% complete for SRR16684384.fastq.gz
Approx 40% complete for SRR16684384.fastq.gz
Approx 45% complete for SRR16684384.fastq.gz
Approx 50% complete for SRR16684384.fastq.gz
Approx 55% complete for SRR16684384.fastq.gz
Approx 60% complete for SRR16684384.fastq.gz
Approx 65% complete for SRR16684384.fastq.gz
Approx 70% complete for SRR16684384.fastq.gz
Approx 75% complete for SRR16684384.fastq.gz
Approx 80% complete for SRR16684384.fastq.gz
Approx 85% complete for SRR16684384.fastq.gz
Approx 90% complete for SRR16684384.fastq.gz
Approx 95% complete for SRR16684384.fastq.gz
Analysis complete for SRR16684384.fastq.gz
---------------FastQC SRR16684385----------------
Started analysis of SRR16684385.fastq.gz
Approx 5% complete for SRR16684385.fastq.gz
Approx 10% complete for SRR16684385.fastq.gz
Approx 15% complete for SRR16684385.fastq.gz
Approx 20% complete for SRR16684385.fastq.gz
Approx 25% complete for SRR16684385.fastq.gz
Approx 30% complete for SRR16684385.fastq.gz
Approx 35% complete for SRR16684385.fastq.gz
Approx 40% complete for SRR16684385.fastq.gz
Approx 45% complete for SRR16684385.fastq.gz
Approx 50% complete for SRR16684385.fastq.gz
Approx 55% complete for SRR16684385.fastq.gz
Approx 60% complete for SRR16684385.fastq.gz
Approx 65% complete for SRR16684385.fastq.gz
Approx 70% complete for SRR16684385.fastq.gz
Approx 75% complete for SRR16684385.fastq.gz
Approx 80% complete for SRR16684385.fastq.gz
Approx 85% complete for SRR16684385.fastq.gz
Approx 90% complete for SRR16684385.fastq.gz
Approx 95% complete for SRR16684385.fastq.gz
Analysis complete for SRR16684385.fastq.gz
--------------- Script Termination ----------------
