deleting old alignment_qc_dir
making new alignment_qc_dir
---------------AlignQC SRR16684375----------------
Starting QoRTs v1.3.6 (Compiled Tue Sep 25 11:21:46 EDT 2018)
Starting time: (Fri Feb 24 21:41:55 EST 2023)
INPUT_COMMAND(QC)
  INPUT_ARG(infile)=/athena/angsd/scratch/xil4009/SMG6_RNA_SEQ/alignment_star/SRR16684375.Aligned.sortedByCoord.out.bam
  INPUT_ARG(gtffile)=/athena/angsd/scratch/xil4009/genomes/Mus_musculus.GRCm39.109.gtf
  INPUT_ARG(outdir)=/athena/angsd/scratch/xil4009/SMG6_RNA_SEQ/alignment_qc/SRR16684375
  INPUT_ARG(generatePlots)=true
  INPUT_ARG(singleEnded)=true
  INPUT_ARG(stranded)=true
Creating Directory: /athena/angsd/scratch/xil4009/SMG6_RNA_SEQ/alignment_qc/SRR16684375
Created Log File: /athena/angsd/scratch/xil4009/SMG6_RNA_SEQ/alignment_qc/SRR16684375/QC.riR1qTDLH3Y9.log
Starting QC
[Time: 2023-02-24 21:41:55] [Mem usage: [38MB / 704MB]] [Elapsed Time: 00:00:00.0000]
QoRTs is Running in single-end mode.
Note: read-sorting is irrelevant in single-ended mode.
Running functions: CigarOpDistribution, GCDistribution, GeneCalcs, JunctionCalcs, NVC, 
        QualityScoreDistribution, StrandCheck, chromCounts, 
        cigarLocusCounts, readLengthDistro, writeBiotypeCounts, 
        writeClippedNVC, writeDESeq, writeDEXSeq, writeGeneBody, 
        writeGeneCounts, writeGenewiseGeneBody, 
        writeJunctionSeqCounts, writeKnownSplices, 
        writeNovelSplices, writeSpliceExon
Checking first 10000 reads. Checking SAM file for formatting errors...
NOTE: Read length is not consistent.
   In the first 10000 reads, read length varies from 20 to 51 (param maxReadLength=51)
Note that using data that is hard-clipped prior to alignment is NOT recommended, because this makes it difficult (or impossible) to determine the sequencer read-cycle of each nucleotide base. This may obfuscate cycle-specific artifacts, trends, or errors, the detection of which is one of the primary purposes of QoRTs!In addition, hard clipping (whether before or after alignment) removes quality score data, and thus quality score metrics may be misleadingly optimistic. A MUCH preferable method of removing undesired sequence is to replace such sequence with N's, which preserves the quality score and the sequencer cycle information.
   WARNING WARNING WARNING: Read length is not consistent, AND "--maxReadLength" option is not set!
      QoRTs has ATTEMPTED to determine the maximum read length (51).
      It is STRONGLY recommended that you use the --maxReadLength option 
      to set the maximum possible read length, or else errors may occur if/when 
      reads longer than 51 appear.
Done checking first 10000 reads. WARNINGS FOUND!
SAMRecord Reader Generated. Read length: 51.
[Time: 2023-02-24 21:41:58] [Mem usage: [508MB / 1308MB]] [Elapsed Time: 00:00:02.0511]
Compiling flat feature annotation, internally in memory...
Internal flat feature annotation compiled!
QC Utilities Generated!
[Time: 2023-02-24 21:43:33] [Mem usage: [1388MB / 14GB]] [Elapsed Time: 00:01:37.0354]
..........[1000000 Read-Pairs processed] [Time: 2023-02-24 21:44:27] 
..........[2000000 Read-Pairs processed] [Time: 2023-02-24 21:45:11] 
..........[3000000 Read-Pairs processed] [Time: 2023-02-24 21:45:54] 
..........[4000000 Read-Pairs processed] [Time: 2023-02-24 21:46:38] 
..........[5000000 Read-Pairs processed] [Time: 2023-02-24 21:47:26] 
..........[6000000 Read-Pairs processed] [Time: 2023-02-24 21:48:10] 
..........[7000000 Read-Pairs processed] [Time: 2023-02-24 21:48:55] 
..........[8000000 Read-Pairs processed] [Time: 2023-02-24 21:49:40] 
..........[9000000 Read-Pairs processed] [Time: 2023-02-24 21:50:23] 
..........[10000000 Read-Pairs processed] [Time: 2023-02-24 21:51:04] 
..........[11000000 Read-Pairs processed] [Time: 2023-02-24 21:51:07] 
..........[12000000 Read-Pairs processed] [Time: 2023-02-24 21:51:08] 
..........[13000000 Read-Pairs processed] [Time: 2023-02-24 21:51:09] 
..........[14000000 Read-Pairs processed] [Time: 2023-02-24 21:51:11] 
..........[15000000 Read-Pairs processed] [Time: 2023-02-24 21:51:36] 
..........[16000000 Read-Pairs processed] [Time: 2023-02-24 21:52:16] 
..........[17000000 Read-Pairs processed] [Time: 2023-02-24 21:52:55] 
..........[18000000 Read-Pairs processed] [Time: 2023-02-24 21:53:36] 
..........[19000000 Read-Pairs processed] [Time: 2023-02-24 21:54:18] 
..........[20000000 Read-Pairs processed] [Time: 2023-02-24 21:55:01] 
..........[21000000 Read-Pairs processed] [Time: 2023-02-24 21:55:44] 
..........[22000000 Read-Pairs processed] [Time: 2023-02-24 21:56:11] 
..........[23000000 Read-Pairs processed] [Time: 2023-02-24 21:56:54] 
..........[24000000 Read-Pairs processed] [Time: 2023-02-24 21:57:37] 
..........[25000000 Read-Pairs processed] [Time: 2023-02-24 21:58:22] 
..........[26000000 Read-Pairs processed] [Time: 2023-02-24 21:59:05] 
..........[27000000 Read-Pairs processed] [Time: 2023-02-24 21:59:48] 
..........[28000000 Read-Pairs processed] [Time: 2023-02-24 22:00:28] 
..........[29000000 Read-Pairs processed] [Time: 2023-02-24 22:01:12] 
..........[30000000 Read-Pairs processed] [Time: 2023-02-24 22:01:54] 
..........[31000000 Read-Pairs processed] [Time: 2023-02-24 22:02:35] 
..........[32000000 Read-Pairs processed] [Time: 2023-02-24 22:03:20] 
..........[33000000 Read-Pairs processed] [Time: 2023-02-24 22:04:04] 
..........[34000000 Read-Pairs processed] [Time: 2023-02-24 22:04:46] 
..........[35000000 Read-Pairs processed] [Time: 2023-02-24 22:05:30] 
..........[36000000 Read-Pairs processed] [Time: 2023-02-24 22:06:12] 
..........[37000000 Read-Pairs processed] [Time: 2023-02-24 22:06:56] 
..........[38000000 Read-Pairs processed] [Time: 2023-02-24 22:07:40] 
..........[39000000 Read-Pairs processed] [Time: 2023-02-24 22:08:22] 
..........[40000000 Read-Pairs processed] [Time: 2023-02-24 22:09:01] 
..........[41000000 Read-Pairs processed] [Time: 2023-02-24 22:09:28] 
..........[42000000 Read-Pairs processed] [Time: 2023-02-24 22:10:15] 
..........[43000000 Read-Pairs processed] [Time: 2023-02-24 22:11:00] 
..........[44000000 Read-Pairs processed] [Time: 2023-02-24 22:11:45] 
..........[45000000 Read-Pairs processed] [Time: 2023-02-24 22:12:28] 
..........[46000000 Read-Pairs processed] [Time: 2023-02-24 22:13:11] 
..........[47000000 Read-Pairs processed] [Time: 2023-02-24 22:13:54] 
..........[48000000 Read-Pairs processed] [Time: 2023-02-24 22:14:39] 
..........[49000000 Read-Pairs processed] [Time: 2023-02-24 22:15:24] 
..........[50000000 Read-Pairs processed] [Time: 2023-02-24 22:16:06] 
..........[51000000 Read-Pairs processed] [Time: 2023-02-24 22:16:59] 
..........[52000000 Read-Pairs processed] [Time: 2023-02-24 22:17:40] 
..........[53000000 Read-Pairs processed] [Time: 2023-02-24 22:18:25] 
..........[54000000 Read-Pairs processed] [Time: 2023-02-24 22:19:03] 
....
Finished reading SAM. Read: 54480249 reads/read-pairs.
Finished reading SAM. Used: 42491398 reads/read-pairs.
[Time: 2023-02-24 22:19:21] [Mem usage: [9GB / 16GB]] [Elapsed Time: 00:37:25.0770]
> Read Stats:
>   READ_PAIR_OK                   42491398
>   TOTAL_READ_PAIRS               54480249
>   DROPPED_NOT_PROPER_PAIR        -1
>   DROPPED_READ_FAILS_VENDOR_QC   0
>   DROPPED_MARKED_NOT_VALID       0
>   DROPPED_CHROMS_MISMATCH        -1
>   DROPPED_PAIR_STRANDS_MISMATCH  -1
>   DROPPED_IGNORED_CHROMOSOME     0
>   DROPPED_NOT_UNIQUE_ALIGNMENT   11988851
>   DROPPED_NO_ALN_BLOCKS   0
>   DROPPED_NOT_MARKED_RG   -1
Pre-alignment read count unknown (Set --seqReadCt or --rawfastq)
Writing Output...
QoRTs completed WITH WARNINGS! See log for details.
Generating plots...
Creating Directory: /athena/angsd/scratch/xil4009/SMG6_RNA_SEQ/alignment_qc/SRR16684375/QCplots
Successfully Created Directory: /athena/angsd/scratch/xil4009/SMG6_RNA_SEQ/alignment_qc/SRR16684375/QCplots
 > Starting R execution. (generating plots)
 > Finished R execution.
Done.
Time spent on setup:           00:01:37.0354
Time spent on SAM iteration:   00:35:48.0416
                               (0.6571188762371478 minutes per million read-pairs)
                               (0.8425234679263789 minutes per million read-pairs used)
Time spent on file output:     00:01:08.0143
Total runtime:                 00:38:33.0913
Done. (Fri Feb 24 22:20:29 EST 2023)
 
---------------AlignQC SRR16684376----------------
Starting QoRTs v1.3.6 (Compiled Tue Sep 25 11:21:46 EDT 2018)
Starting time: (Fri Feb 24 22:20:30 EST 2023)
INPUT_COMMAND(QC)
  INPUT_ARG(infile)=/athena/angsd/scratch/xil4009/SMG6_RNA_SEQ/alignment_star/SRR16684376.Aligned.sortedByCoord.out.bam
  INPUT_ARG(gtffile)=/athena/angsd/scratch/xil4009/genomes/Mus_musculus.GRCm39.109.gtf
  INPUT_ARG(outdir)=/athena/angsd/scratch/xil4009/SMG6_RNA_SEQ/alignment_qc/SRR16684376
  INPUT_ARG(generatePlots)=true
  INPUT_ARG(singleEnded)=true
  INPUT_ARG(stranded)=true
Creating Directory: /athena/angsd/scratch/xil4009/SMG6_RNA_SEQ/alignment_qc/SRR16684376
Created Log File: /athena/angsd/scratch/xil4009/SMG6_RNA_SEQ/alignment_qc/SRR16684376/QC.mPWE8AWgLtWg.log
Starting QC
[Time: 2023-02-24 22:20:30] [Mem usage: [38MB / 704MB]] [Elapsed Time: 00:00:00.0000]
QoRTs is Running in single-end mode.
Note: read-sorting is irrelevant in single-ended mode.
Running functions: CigarOpDistribution, GCDistribution, GeneCalcs, JunctionCalcs, NVC, 
        QualityScoreDistribution, StrandCheck, chromCounts, 
        cigarLocusCounts, readLengthDistro, writeBiotypeCounts, 
        writeClippedNVC, writeDESeq, writeDEXSeq, writeGeneBody, 
        writeGeneCounts, writeGenewiseGeneBody, 
        writeJunctionSeqCounts, writeKnownSplices, 
        writeNovelSplices, writeSpliceExon
Checking first 10000 reads. Checking SAM file for formatting errors...
NOTE: Read length is not consistent.
   In the first 10000 reads, read length varies from 21 to 51 (param maxReadLength=51)
Note that using data that is hard-clipped prior to alignment is NOT recommended, because this makes it difficult (or impossible) to determine the sequencer read-cycle of each nucleotide base. This may obfuscate cycle-specific artifacts, trends, or errors, the detection of which is one of the primary purposes of QoRTs!In addition, hard clipping (whether before or after alignment) removes quality score data, and thus quality score metrics may be misleadingly optimistic. A MUCH preferable method of removing undesired sequence is to replace such sequence with N's, which preserves the quality score and the sequencer cycle information.
   WARNING WARNING WARNING: Read length is not consistent, AND "--maxReadLength" option is not set!
      QoRTs has ATTEMPTED to determine the maximum read length (51).
      It is STRONGLY recommended that you use the --maxReadLength option 
      to set the maximum possible read length, or else errors may occur if/when 
      reads longer than 51 appear.
Done checking first 10000 reads. WARNINGS FOUND!
SAMRecord Reader Generated. Read length: 51.
[Time: 2023-02-24 22:20:33] [Mem usage: [524MB / 1325MB]] [Elapsed Time: 00:00:02.0684]
Compiling flat feature annotation, internally in memory...
Internal flat feature annotation compiled!
QC Utilities Generated!
[Time: 2023-02-24 22:22:07] [Mem usage: [1614MB / 14GB]] [Elapsed Time: 00:01:36.0762]
..........[1000000 Read-Pairs processed] [Time: 2023-02-24 22:23:02] 
..........[2000000 Read-Pairs processed] [Time: 2023-02-24 22:23:53] 
..........[3000000 Read-Pairs processed] [Time: 2023-02-24 22:24:41] 
..........[4000000 Read-Pairs processed] [Time: 2023-02-24 22:25:33] 
..........[5000000 Read-Pairs processed] [Time: 2023-02-24 22:26:26] 
..........[6000000 Read-Pairs processed] [Time: 2023-02-24 22:27:19] 
..........[7000000 Read-Pairs processed] [Time: 2023-02-24 22:28:08] 
..........[8000000 Read-Pairs processed] [Time: 2023-02-24 22:28:59] 
..........[9000000 Read-Pairs processed] [Time: 2023-02-24 22:29:52] 
..........[10000000 Read-Pairs processed] [Time: 2023-02-24 22:30:40] 
..........[11000000 Read-Pairs processed] [Time: 2023-02-24 22:31:26] 
..........[12000000 Read-Pairs processed] [Time: 2023-02-24 22:31:32] 
..........[13000000 Read-Pairs processed] [Time: 2023-02-24 22:31:33] 
..........[14000000 Read-Pairs processed] [Time: 2023-02-24 22:31:34] 
..........[15000000 Read-Pairs processed] [Time: 2023-02-24 22:32:00] 
..........[16000000 Read-Pairs processed] [Time: 2023-02-24 22:32:49] 
..........[17000000 Read-Pairs processed] [Time: 2023-02-24 22:33:33] 
..........[18000000 Read-Pairs processed] [Time: 2023-02-24 22:34:19] 
..........[19000000 Read-Pairs processed] [Time: 2023-02-24 22:35:06] 
..........[20000000 Read-Pairs processed] [Time: 2023-02-24 22:35:57] 
..........[21000000 Read-Pairs processed] [Time: 2023-02-24 22:36:49] 
..........[22000000 Read-Pairs processed] [Time: 2023-02-24 22:37:20] 
..........[23000000 Read-Pairs processed] [Time: 2023-02-24 22:38:09] 
..........[24000000 Read-Pairs processed] [Time: 2023-02-24 22:38:58] 
..........[25000000 Read-Pairs processed] [Time: 2023-02-24 22:39:47] 
..........[26000000 Read-Pairs processed] [Time: 2023-02-24 22:40:40] 
..........[27000000 Read-Pairs processed] [Time: 2023-02-24 22:41:29] 
..........[28000000 Read-Pairs processed] [Time: 2023-02-24 22:42:20] 
..........[29000000 Read-Pairs processed] [Time: 2023-02-24 22:43:09] 
..........[30000000 Read-Pairs processed] [Time: 2023-02-24 22:43:56] 
..........[31000000 Read-Pairs processed] [Time: 2023-02-24 22:44:44] 
..........[32000000 Read-Pairs processed] [Time: 2023-02-24 22:45:34] 
..........[33000000 Read-Pairs processed] [Time: 2023-02-24 22:46:16] 
..........[34000000 Read-Pairs processed] [Time: 2023-02-24 22:47:05] 
..........[35000000 Read-Pairs processed] [Time: 2023-02-24 22:47:54] 
..........[36000000 Read-Pairs processed] [Time: 2023-02-24 22:48:39] 
..........[37000000 Read-Pairs processed] [Time: 2023-02-24 22:49:28] 
..........[38000000 Read-Pairs processed] [Time: 2023-02-24 22:50:13] 
..........[39000000 Read-Pairs processed] [Time: 2023-02-24 22:51:00] 
..........[40000000 Read-Pairs processed] [Time: 2023-02-24 22:51:47] 
..........[41000000 Read-Pairs processed] [Time: 2023-02-24 22:52:36] 
..........[42000000 Read-Pairs processed] [Time: 2023-02-24 22:53:19] 
..........[43000000 Read-Pairs processed] [Time: 2023-02-24 22:53:58] 
..........[44000000 Read-Pairs processed] [Time: 2023-02-24 22:54:32] 
..........[45000000 Read-Pairs processed] [Time: 2023-02-24 22:55:21] 
..........[46000000 Read-Pairs processed] [Time: 2023-02-24 22:56:08] 
..........[47000000 Read-Pairs processed] [Time: 2023-02-24 22:56:56] 
..........[48000000 Read-Pairs processed] [Time: 2023-02-24 22:57:44] 
..........[49000000 Read-Pairs processed] [Time: 2023-02-24 22:58:30] 
..........[50000000 Read-Pairs processed] [Time: 2023-02-24 22:59:19] 
..........[51000000 Read-Pairs processed] [Time: 2023-02-24 23:00:06] 
..........[52000000 Read-Pairs processed] [Time: 2023-02-24 23:00:56] 
..........[53000000 Read-Pairs processed] [Time: 2023-02-24 23:01:39] 
..........[54000000 Read-Pairs processed] [Time: 2023-02-24 23:02:28] 
..........[55000000 Read-Pairs processed] [Time: 2023-02-24 23:03:20] 
..........[56000000 Read-Pairs processed] [Time: 2023-02-24 23:04:08] 
..........[57000000 Read-Pairs processed] [Time: 2023-02-24 23:04:57] 
..........[58000000 Read-Pairs processed] [Time: 2023-02-24 23:05:38] 
......
Finished reading SAM. Read: 58662004 reads/read-pairs.
Finished reading SAM. Used: 47110436 reads/read-pairs.
[Time: 2023-02-24 23:06:04] [Mem usage: [2019MB / 17GB]] [Elapsed Time: 00:45:33.0674]
> Read Stats:
>   READ_PAIR_OK                   47110436
>   TOTAL_READ_PAIRS               58662004
>   DROPPED_NOT_PROPER_PAIR        -1
>   DROPPED_READ_FAILS_VENDOR_QC   0
>   DROPPED_MARKED_NOT_VALID       0
>   DROPPED_CHROMS_MISMATCH        -1
>   DROPPED_PAIR_STRANDS_MISMATCH  -1
>   DROPPED_IGNORED_CHROMOSOME     0
>   DROPPED_NOT_UNIQUE_ALIGNMENT   11551568
>   DROPPED_NO_ALN_BLOCKS   0
>   DROPPED_NOT_MARKED_RG   -1
Pre-alignment read count unknown (Set --seqReadCt or --rawfastq)
Writing Output...
QoRTs completed WITH WARNINGS! See log for details.
Generating plots...
Creating Directory: /athena/angsd/scratch/xil4009/SMG6_RNA_SEQ/alignment_qc/SRR16684376/QCplots
Successfully Created Directory: /athena/angsd/scratch/xil4009/SMG6_RNA_SEQ/alignment_qc/SRR16684376/QCplots
 > Starting R execution. (generating plots)
 > Finished R execution.
Done.
Time spent on setup:           00:01:36.0763
Time spent on SAM iteration:   00:43:56.0911
                               (0.7489231587337747 minutes per million read-pairs)
                               (0.9325605335797217 minutes per million read-pairs used)
Time spent on file output:     00:01:05.0950
Total runtime:                 00:46:39.0624
Done. (Fri Feb 24 23:07:10 EST 2023)
 
---------------AlignQC SRR16684377----------------
Starting QoRTs v1.3.6 (Compiled Tue Sep 25 11:21:46 EDT 2018)
Starting time: (Fri Feb 24 23:07:10 EST 2023)
INPUT_COMMAND(QC)
  INPUT_ARG(infile)=/athena/angsd/scratch/xil4009/SMG6_RNA_SEQ/alignment_star/SRR16684377.Aligned.sortedByCoord.out.bam
  INPUT_ARG(gtffile)=/athena/angsd/scratch/xil4009/genomes/Mus_musculus.GRCm39.109.gtf
  INPUT_ARG(outdir)=/athena/angsd/scratch/xil4009/SMG6_RNA_SEQ/alignment_qc/SRR16684377
  INPUT_ARG(generatePlots)=true
  INPUT_ARG(singleEnded)=true
  INPUT_ARG(stranded)=true
Creating Directory: /athena/angsd/scratch/xil4009/SMG6_RNA_SEQ/alignment_qc/SRR16684377
Created Log File: /athena/angsd/scratch/xil4009/SMG6_RNA_SEQ/alignment_qc/SRR16684377/QC.Z9hd8IzkgRMy.log
Starting QC
[Time: 2023-02-24 23:07:10] [Mem usage: [38MB / 704MB]] [Elapsed Time: 00:00:00.0000]
QoRTs is Running in single-end mode.
Note: read-sorting is irrelevant in single-ended mode.
Running functions: CigarOpDistribution, GCDistribution, GeneCalcs, JunctionCalcs, NVC, 
        QualityScoreDistribution, StrandCheck, chromCounts, 
        cigarLocusCounts, readLengthDistro, writeBiotypeCounts, 
        writeClippedNVC, writeDESeq, writeDEXSeq, writeGeneBody, 
        writeGeneCounts, writeGenewiseGeneBody, 
        writeJunctionSeqCounts, writeKnownSplices, 
        writeNovelSplices, writeSpliceExon
Checking first 10000 reads. Checking SAM file for formatting errors...
NOTE: Read length is not consistent.
   In the first 10000 reads, read length varies from 21 to 51 (param maxReadLength=51)
Note that using data that is hard-clipped prior to alignment is NOT recommended, because this makes it difficult (or impossible) to determine the sequencer read-cycle of each nucleotide base. This may obfuscate cycle-specific artifacts, trends, or errors, the detection of which is one of the primary purposes of QoRTs!In addition, hard clipping (whether before or after alignment) removes quality score data, and thus quality score metrics may be misleadingly optimistic. A MUCH preferable method of removing undesired sequence is to replace such sequence with N's, which preserves the quality score and the sequencer cycle information.
   WARNING WARNING WARNING: Read length is not consistent, AND "--maxReadLength" option is not set!
      QoRTs has ATTEMPTED to determine the maximum read length (51).
      It is STRONGLY recommended that you use the --maxReadLength option 
      to set the maximum possible read length, or else errors may occur if/when 
      reads longer than 51 appear.
Done checking first 10000 reads. WARNINGS FOUND!
SAMRecord Reader Generated. Read length: 51.
[Time: 2023-02-24 23:07:13] [Mem usage: [524MB / 1258MB]] [Elapsed Time: 00:00:02.0641]
Compiling flat feature annotation, internally in memory...
Internal flat feature annotation compiled!
QC Utilities Generated!
[Time: 2023-02-24 23:10:06] [Mem usage: [1602MB / 14GB]] [Elapsed Time: 00:02:55.0528]
..........[1000000 Read-Pairs processed] [Time: 2023-02-24 23:11:28] 
..........[2000000 Read-Pairs processed] [Time: 2023-02-24 23:12:14] 
..........[3000000 Read-Pairs processed] [Time: 2023-02-24 23:13:05] 
..........[4000000 Read-Pairs processed] [Time: 2023-02-24 23:13:57] 
..........[5000000 Read-Pairs processed] [Time: 2023-02-24 23:14:49] 
..........[6000000 Read-Pairs processed] [Time: 2023-02-24 23:15:38] 
..........[7000000 Read-Pairs processed] [Time: 2023-02-24 23:16:29] 
..........[8000000 Read-Pairs processed] [Time: 2023-02-24 23:17:16] 
..........[9000000 Read-Pairs processed] [Time: 2023-02-24 23:18:03] 
..........[10000000 Read-Pairs processed] [Time: 2023-02-24 23:18:06] 
..........[11000000 Read-Pairs processed] [Time: 2023-02-24 23:18:07] 
..........[12000000 Read-Pairs processed] [Time: 2023-02-24 23:18:08] 
..........[13000000 Read-Pairs processed] [Time: 2023-02-24 23:18:39] 
..........[14000000 Read-Pairs processed] [Time: 2023-02-24 23:19:23] 
..........[15000000 Read-Pairs processed] [Time: 2023-02-24 23:20:06] 
..........[16000000 Read-Pairs processed] [Time: 2023-02-24 23:20:51] 
..........[17000000 Read-Pairs processed] [Time: 2023-02-24 23:21:39] 
..........[18000000 Read-Pairs processed] [Time: 2023-02-24 23:22:29] 
..........[19000000 Read-Pairs processed] [Time: 2023-02-24 23:22:59] 
..........[20000000 Read-Pairs processed] [Time: 2023-02-24 23:23:44] 
..........[21000000 Read-Pairs processed] [Time: 2023-02-24 23:24:32] 
..........[22000000 Read-Pairs processed] [Time: 2023-02-24 23:25:18] 
..........[23000000 Read-Pairs processed] [Time: 2023-02-24 23:26:07] 
..........[24000000 Read-Pairs processed] [Time: 2023-02-24 23:26:56] 
..........[25000000 Read-Pairs processed] [Time: 2023-02-24 23:27:41] 
..........[26000000 Read-Pairs processed] [Time: 2023-02-24 23:28:31] 
..........[27000000 Read-Pairs processed] [Time: 2023-02-24 23:29:17] 
..........[28000000 Read-Pairs processed] [Time: 2023-02-24 23:30:00] 
..........[29000000 Read-Pairs processed] [Time: 2023-02-24 23:30:53] 
..........[30000000 Read-Pairs processed] [Time: 2023-02-24 23:31:39] 
..........[31000000 Read-Pairs processed] [Time: 2023-02-24 23:32:28] 
..........[32000000 Read-Pairs processed] [Time: 2023-02-24 23:33:16] 
..........[33000000 Read-Pairs processed] [Time: 2023-02-24 23:34:06] 
..........[34000000 Read-Pairs processed] [Time: 2023-02-24 23:34:55] 
..........[35000000 Read-Pairs processed] [Time: 2023-02-24 23:35:44] 
..........[36000000 Read-Pairs processed] [Time: 2023-02-24 23:36:27] 
..........[37000000 Read-Pairs processed] [Time: 2023-02-24 23:37:04] 
..........[38000000 Read-Pairs processed] [Time: 2023-02-24 23:37:57] 
..........[39000000 Read-Pairs processed] [Time: 2023-02-24 23:38:47] 
..........[40000000 Read-Pairs processed] [Time: 2023-02-24 23:39:36] 
..........[41000000 Read-Pairs processed] [Time: 2023-02-24 23:40:24] 
..........[42000000 Read-Pairs processed] [Time: 2023-02-24 23:41:12] 
..........[43000000 Read-Pairs processed] [Time: 2023-02-24 23:42:04] 
..........[44000000 Read-Pairs processed] [Time: 2023-02-24 23:42:53] 
..........[45000000 Read-Pairs processed] [Time: 2023-02-24 23:43:40] 
..........[46000000 Read-Pairs processed] [Time: 2023-02-24 23:44:34] 
..........[47000000 Read-Pairs processed] [Time: 2023-02-24 23:45:25] 
..........[48000000 Read-Pairs processed] [Time: 2023-02-24 23:46:11] 
..........[49000000 Read-Pairs processed] [Time: 2023-02-24 23:46:51] 
Finished reading SAM. Read: 49050975 reads/read-pairs.
Finished reading SAM. Used: 38162688 reads/read-pairs.
[Time: 2023-02-24 23:46:52] [Mem usage: [4875MB / 16GB]] [Elapsed Time: 00:39:42.0189]
> Read Stats:
>   READ_PAIR_OK                   38162688
>   TOTAL_READ_PAIRS               49050975
>   DROPPED_NOT_PROPER_PAIR        -1
>   DROPPED_READ_FAILS_VENDOR_QC   0
>   DROPPED_MARKED_NOT_VALID       0
>   DROPPED_CHROMS_MISMATCH        -1
>   DROPPED_PAIR_STRANDS_MISMATCH  -1
>   DROPPED_IGNORED_CHROMOSOME     0
>   DROPPED_NOT_UNIQUE_ALIGNMENT   10888287
>   DROPPED_NO_ALN_BLOCKS   0
>   DROPPED_NOT_MARKED_RG   -1
Pre-alignment read count unknown (Set --seqReadCt or --rawfastq)
Writing Output...
QoRTs completed WITH WARNINGS! See log for details.
Generating plots...
Creating Directory: /athena/angsd/scratch/xil4009/SMG6_RNA_SEQ/alignment_qc/SRR16684377/QCplots
Successfully Created Directory: /athena/angsd/scratch/xil4009/SMG6_RNA_SEQ/alignment_qc/SRR16684377/QCplots
 > Starting R execution. (generating plots)
 > Finished R execution.
Done.
Time spent on setup:           00:02:55.0529
Time spent on SAM iteration:   00:36:46.0661
                               (0.749560363818796 minutes per million read-pairs)
                               (0.9634192084862225 minutes per million read-pairs used)
Time spent on file output:     00:02:02.0223
Total runtime:                 00:41:44.0413
Done. (Fri Feb 24 23:48:55 EST 2023)
 
---------------AlignQC SRR16684378----------------
Starting QoRTs v1.3.6 (Compiled Tue Sep 25 11:21:46 EDT 2018)
Starting time: (Fri Feb 24 23:48:55 EST 2023)
INPUT_COMMAND(QC)
  INPUT_ARG(infile)=/athena/angsd/scratch/xil4009/SMG6_RNA_SEQ/alignment_star/SRR16684378.Aligned.sortedByCoord.out.bam
  INPUT_ARG(gtffile)=/athena/angsd/scratch/xil4009/genomes/Mus_musculus.GRCm39.109.gtf
  INPUT_ARG(outdir)=/athena/angsd/scratch/xil4009/SMG6_RNA_SEQ/alignment_qc/SRR16684378
  INPUT_ARG(generatePlots)=true
  INPUT_ARG(singleEnded)=true
  INPUT_ARG(stranded)=true
Creating Directory: /athena/angsd/scratch/xil4009/SMG6_RNA_SEQ/alignment_qc/SRR16684378
Created Log File: /athena/angsd/scratch/xil4009/SMG6_RNA_SEQ/alignment_qc/SRR16684378/QC.bKIwB2Hni3DZ.log
Starting QC
[Time: 2023-02-24 23:48:55] [Mem usage: [38MB / 704MB]] [Elapsed Time: 00:00:00.0000]
QoRTs is Running in single-end mode.
Note: read-sorting is irrelevant in single-ended mode.
Running functions: CigarOpDistribution, GCDistribution, GeneCalcs, JunctionCalcs, NVC, 
        QualityScoreDistribution, StrandCheck, chromCounts, 
        cigarLocusCounts, readLengthDistro, writeBiotypeCounts, 
        writeClippedNVC, writeDESeq, writeDEXSeq, writeGeneBody, 
        writeGeneCounts, writeGenewiseGeneBody, 
        writeJunctionSeqCounts, writeKnownSplices, 
        writeNovelSplices, writeSpliceExon
Checking first 10000 reads. Checking SAM file for formatting errors...
NOTE: Read length is not consistent.
   In the first 10000 reads, read length varies from 20 to 51 (param maxReadLength=51)
Note that using data that is hard-clipped prior to alignment is NOT recommended, because this makes it difficult (or impossible) to determine the sequencer read-cycle of each nucleotide base. This may obfuscate cycle-specific artifacts, trends, or errors, the detection of which is one of the primary purposes of QoRTs!In addition, hard clipping (whether before or after alignment) removes quality score data, and thus quality score metrics may be misleadingly optimistic. A MUCH preferable method of removing undesired sequence is to replace such sequence with N's, which preserves the quality score and the sequencer cycle information.
   WARNING WARNING WARNING: Read length is not consistent, AND "--maxReadLength" option is not set!
      QoRTs has ATTEMPTED to determine the maximum read length (51).
      It is STRONGLY recommended that you use the --maxReadLength option 
      to set the maximum possible read length, or else errors may occur if/when 
      reads longer than 51 appear.
Done checking first 10000 reads. WARNINGS FOUND!
SAMRecord Reader Generated. Read length: 51.
[Time: 2023-02-24 23:48:58] [Mem usage: [507MB / 1241MB]] [Elapsed Time: 00:00:02.0768]
Compiling flat feature annotation, internally in memory...
Internal flat feature annotation compiled!
QC Utilities Generated!
[Time: 2023-02-24 23:52:02] [Mem usage: [1664MB / 14GB]] [Elapsed Time: 00:03:06.0908]
..........[1000000 Read-Pairs processed] [Time: 2023-02-24 23:53:26] 
..........[2000000 Read-Pairs processed] [Time: 2023-02-24 23:54:10] 
..........[3000000 Read-Pairs processed] [Time: 2023-02-24 23:54:57] 
..........[4000000 Read-Pairs processed] [Time: 2023-02-24 23:55:44] 
..........[5000000 Read-Pairs processed] [Time: 2023-02-24 23:56:31] 
..........[6000000 Read-Pairs processed] [Time: 2023-02-24 23:57:17] 
..........[7000000 Read-Pairs processed] [Time: 2023-02-24 23:58:03] 
..........[8000000 Read-Pairs processed] [Time: 2023-02-24 23:58:47] 
..........[9000000 Read-Pairs processed] [Time: 2023-02-24 23:59:29] 
..........[10000000 Read-Pairs processed] [Time: 2023-02-24 23:59:31] 
..........[11000000 Read-Pairs processed] [Time: 2023-02-24 23:59:33] 
..........[12000000 Read-Pairs processed] [Time: 2023-02-24 23:59:37] 
..........[13000000 Read-Pairs processed] [Time: 2023-02-25 00:00:16] 
..........[14000000 Read-Pairs processed] [Time: 2023-02-25 00:00:54] 
..........[15000000 Read-Pairs processed] [Time: 2023-02-25 00:01:36] 
..........[16000000 Read-Pairs processed] [Time: 2023-02-25 00:02:18] 
..........[17000000 Read-Pairs processed] [Time: 2023-02-25 00:03:03] 
..........[18000000 Read-Pairs processed] [Time: 2023-02-25 00:03:48] 
..........[19000000 Read-Pairs processed] [Time: 2023-02-25 00:04:16] 
..........[20000000 Read-Pairs processed] [Time: 2023-02-25 00:05:00] 
..........[21000000 Read-Pairs processed] [Time: 2023-02-25 00:05:44] 
..........[22000000 Read-Pairs processed] [Time: 2023-02-25 00:06:30] 
..........[23000000 Read-Pairs processed] [Time: 2023-02-25 00:07:15] 
..........[24000000 Read-Pairs processed] [Time: 2023-02-25 00:07:58] 
..........[25000000 Read-Pairs processed] [Time: 2023-02-25 00:08:40] 
..........[26000000 Read-Pairs processed] [Time: 2023-02-25 00:09:25] 
..........[27000000 Read-Pairs processed] [Time: 2023-02-25 00:10:07] 
..........[28000000 Read-Pairs processed] [Time: 2023-02-25 00:10:52] 
..........[29000000 Read-Pairs processed] [Time: 2023-02-25 00:11:36] 
..........[30000000 Read-Pairs processed] [Time: 2023-02-25 00:12:21] 
..........[31000000 Read-Pairs processed] [Time: 2023-02-25 00:13:05] 
..........[32000000 Read-Pairs processed] [Time: 2023-02-25 00:13:49] 
..........[33000000 Read-Pairs processed] [Time: 2023-02-25 00:14:33] 
..........[34000000 Read-Pairs processed] [Time: 2023-02-25 00:15:19] 
..........[35000000 Read-Pairs processed] [Time: 2023-02-25 00:16:02] 
..........[36000000 Read-Pairs processed] [Time: 2023-02-25 00:16:36] 
..........[37000000 Read-Pairs processed] [Time: 2023-02-25 00:17:22] 
..........[38000000 Read-Pairs processed] [Time: 2023-02-25 00:18:08] 
..........[39000000 Read-Pairs processed] [Time: 2023-02-25 00:18:55] 
..........[40000000 Read-Pairs processed] [Time: 2023-02-25 00:19:37] 
..........[41000000 Read-Pairs processed] [Time: 2023-02-25 00:20:23] 
..........[42000000 Read-Pairs processed] [Time: 2023-02-25 00:21:07] 
..........[43000000 Read-Pairs processed] [Time: 2023-02-25 00:21:54] 
..........[44000000 Read-Pairs processed] [Time: 2023-02-25 00:22:37] 
..........[45000000 Read-Pairs processed] [Time: 2023-02-25 00:23:29] 
..........[46000000 Read-Pairs processed] [Time: 2023-02-25 00:24:12] 
..........[47000000 Read-Pairs processed] [Time: 2023-02-25 00:24:55] 
..........[48000000 Read-Pairs processed] [Time: 2023-02-25 00:25:33] 
Finished reading SAM. Read: 48067048 reads/read-pairs.
Finished reading SAM. Used: 38269401 reads/read-pairs.
[Time: 2023-02-25 00:25:35] [Mem usage: [5GB / 16GB]] [Elapsed Time: 00:36:39.0389]
> Read Stats:
>   READ_PAIR_OK                   38269401
>   TOTAL_READ_PAIRS               48067048
>   DROPPED_NOT_PROPER_PAIR        -1
>   DROPPED_READ_FAILS_VENDOR_QC   0
>   DROPPED_MARKED_NOT_VALID       0
>   DROPPED_CHROMS_MISMATCH        -1
>   DROPPED_PAIR_STRANDS_MISMATCH  -1
>   DROPPED_IGNORED_CHROMOSOME     0
>   DROPPED_NOT_UNIQUE_ALIGNMENT   9797647
>   DROPPED_NO_ALN_BLOCKS   0
>   DROPPED_NOT_MARKED_RG   -1
Pre-alignment read count unknown (Set --seqReadCt or --rawfastq)
Writing Output...
QoRTs completed WITH WARNINGS! See log for details.
Generating plots...
Creating Directory: /athena/angsd/scratch/xil4009/SMG6_RNA_SEQ/alignment_qc/SRR16684378/QCplots
Successfully Created Directory: /athena/angsd/scratch/xil4009/SMG6_RNA_SEQ/alignment_qc/SRR16684378/QCplots
 > Starting R execution. (generating plots)
 > Finished R execution.
Done.
Time spent on setup:           00:03:06.0908
Time spent on SAM iteration:   00:33:32.0481
                               (0.6976366290131512 minutes per million read-pairs)
                               (0.8762440084529499 minutes per million read-pairs used)
Time spent on file output:     00:02:13.0047
Total runtime:                 00:38:52.0436
Done. (Sat Feb 25 00:27:48 EST 2023)
 
---------------AlignQC SRR16684379----------------
Starting QoRTs v1.3.6 (Compiled Tue Sep 25 11:21:46 EDT 2018)
Starting time: (Sat Feb 25 00:27:49 EST 2023)
INPUT_COMMAND(QC)
  INPUT_ARG(infile)=/athena/angsd/scratch/xil4009/SMG6_RNA_SEQ/alignment_star/SRR16684379.Aligned.sortedByCoord.out.bam
  INPUT_ARG(gtffile)=/athena/angsd/scratch/xil4009/genomes/Mus_musculus.GRCm39.109.gtf
  INPUT_ARG(outdir)=/athena/angsd/scratch/xil4009/SMG6_RNA_SEQ/alignment_qc/SRR16684379
  INPUT_ARG(generatePlots)=true
  INPUT_ARG(singleEnded)=true
  INPUT_ARG(stranded)=true
Creating Directory: /athena/angsd/scratch/xil4009/SMG6_RNA_SEQ/alignment_qc/SRR16684379
Created Log File: /athena/angsd/scratch/xil4009/SMG6_RNA_SEQ/alignment_qc/SRR16684379/QC.8Gq485iUhVKX.log
Starting QC
[Time: 2023-02-25 00:27:49] [Mem usage: [38MB / 704MB]] [Elapsed Time: 00:00:00.0000]
QoRTs is Running in single-end mode.
Note: read-sorting is irrelevant in single-ended mode.
Running functions: CigarOpDistribution, GCDistribution, GeneCalcs, JunctionCalcs, NVC, 
        QualityScoreDistribution, StrandCheck, chromCounts, 
        cigarLocusCounts, readLengthDistro, writeBiotypeCounts, 
        writeClippedNVC, writeDESeq, writeDEXSeq, writeGeneBody, 
        writeGeneCounts, writeGenewiseGeneBody, 
        writeJunctionSeqCounts, writeKnownSplices, 
        writeNovelSplices, writeSpliceExon
Checking first 10000 reads. Checking SAM file for formatting errors...
NOTE: Read length is not consistent.
   In the first 10000 reads, read length varies from 20 to 51 (param maxReadLength=51)
Note that using data that is hard-clipped prior to alignment is NOT recommended, because this makes it difficult (or impossible) to determine the sequencer read-cycle of each nucleotide base. This may obfuscate cycle-specific artifacts, trends, or errors, the detection of which is one of the primary purposes of QoRTs!In addition, hard clipping (whether before or after alignment) removes quality score data, and thus quality score metrics may be misleadingly optimistic. A MUCH preferable method of removing undesired sequence is to replace such sequence with N's, which preserves the quality score and the sequencer cycle information.
   WARNING WARNING WARNING: Read length is not consistent, AND "--maxReadLength" option is not set!
      QoRTs has ATTEMPTED to determine the maximum read length (51).
      It is STRONGLY recommended that you use the --maxReadLength option 
      to set the maximum possible read length, or else errors may occur if/when 
      reads longer than 51 appear.
Done checking first 10000 reads. WARNINGS FOUND!
SAMRecord Reader Generated. Read length: 51.
[Time: 2023-02-25 00:27:51] [Mem usage: [504MB / 1342MB]] [Elapsed Time: 00:00:02.0392]
Compiling flat feature annotation, internally in memory...
Internal flat feature annotation compiled!
QC Utilities Generated!
[Time: 2023-02-25 00:30:52] [Mem usage: [1282MB / 13GB]] [Elapsed Time: 00:03:03.0029]
..........[1000000 Read-Pairs processed] [Time: 2023-02-25 00:32:12] 
..........[2000000 Read-Pairs processed] [Time: 2023-02-25 00:32:55] 
..........[3000000 Read-Pairs processed] [Time: 2023-02-25 00:33:42] 
..........[4000000 Read-Pairs processed] [Time: 2023-02-25 00:34:29] 
..........[5000000 Read-Pairs processed] [Time: 2023-02-25 00:35:18] 
..........[6000000 Read-Pairs processed] [Time: 2023-02-25 00:36:03] 
..........[7000000 Read-Pairs processed] [Time: 2023-02-25 00:36:51] 
..........[8000000 Read-Pairs processed] [Time: 2023-02-25 00:37:35] 
..........[9000000 Read-Pairs processed] [Time: 2023-02-25 00:38:19] 
..........[10000000 Read-Pairs processed] [Time: 2023-02-25 00:38:29] 
..........[11000000 Read-Pairs processed] [Time: 2023-02-25 00:38:30] 
..........[12000000 Read-Pairs processed] [Time: 2023-02-25 00:38:33] 
..........[13000000 Read-Pairs processed] [Time: 2023-02-25 00:39:11] 
..........[14000000 Read-Pairs processed] [Time: 2023-02-25 00:39:50] 
..........[15000000 Read-Pairs processed] [Time: 2023-02-25 00:40:32] 
..........[16000000 Read-Pairs processed] [Time: 2023-02-25 00:41:14] 
..........[17000000 Read-Pairs processed] [Time: 2023-02-25 00:42:00] 
..........[18000000 Read-Pairs processed] [Time: 2023-02-25 00:42:46] 
..........[19000000 Read-Pairs processed] [Time: 2023-02-25 00:43:16] 
..........[20000000 Read-Pairs processed] [Time: 2023-02-25 00:43:59] 
..........[21000000 Read-Pairs processed] [Time: 2023-02-25 00:44:44] 
..........[22000000 Read-Pairs processed] [Time: 2023-02-25 00:45:31] 
..........[23000000 Read-Pairs processed] [Time: 2023-02-25 00:46:16] 
..........[24000000 Read-Pairs processed] [Time: 2023-02-25 00:47:01] 
..........[25000000 Read-Pairs processed] [Time: 2023-02-25 00:47:41] 
..........[26000000 Read-Pairs processed] [Time: 2023-02-25 00:48:26] 
..........[27000000 Read-Pairs processed] [Time: 2023-02-25 00:49:11] 
..........[28000000 Read-Pairs processed] [Time: 2023-02-25 00:49:53] 
..........[29000000 Read-Pairs processed] [Time: 2023-02-25 00:50:41] 
..........[30000000 Read-Pairs processed] [Time: 2023-02-25 00:51:24] 
..........[31000000 Read-Pairs processed] [Time: 2023-02-25 00:52:10] 
..........[32000000 Read-Pairs processed] [Time: 2023-02-25 00:52:54] 
..........[33000000 Read-Pairs processed] [Time: 2023-02-25 00:53:39] 
..........[34000000 Read-Pairs processed] [Time: 2023-02-25 00:54:24] 
..........[35000000 Read-Pairs processed] [Time: 2023-02-25 00:55:09] 
..........[36000000 Read-Pairs processed] [Time: 2023-02-25 00:55:49] 
..........[37000000 Read-Pairs processed] [Time: 2023-02-25 00:56:27] 
..........[38000000 Read-Pairs processed] [Time: 2023-02-25 00:57:15] 
..........[39000000 Read-Pairs processed] [Time: 2023-02-25 00:58:02] 
..........[40000000 Read-Pairs processed] [Time: 2023-02-25 00:58:48] 
..........[41000000 Read-Pairs processed] [Time: 2023-02-25 00:59:32] 
..........[42000000 Read-Pairs processed] [Time: 2023-02-25 01:00:17] 
..........[43000000 Read-Pairs processed] [Time: 2023-02-25 01:01:05] 
..........[44000000 Read-Pairs processed] [Time: 2023-02-25 01:01:51] 
..........[45000000 Read-Pairs processed] [Time: 2023-02-25 01:02:35] 
..........[46000000 Read-Pairs processed] [Time: 2023-02-25 01:03:25] 
..........[47000000 Read-Pairs processed] [Time: 2023-02-25 01:04:13] 
..........[48000000 Read-Pairs processed] [Time: 2023-02-25 01:04:58] 
..........[49000000 Read-Pairs processed] [Time: 2023-02-25 01:05:38] 
Finished reading SAM. Read: 49062947 reads/read-pairs.
Finished reading SAM. Used: 39253746 reads/read-pairs.
[Time: 2023-02-25 01:05:39] [Mem usage: [2150MB / 15GB]] [Elapsed Time: 00:37:50.0656]
> Read Stats:
>   READ_PAIR_OK                   39253746
>   TOTAL_READ_PAIRS               49062947
>   DROPPED_NOT_PROPER_PAIR        -1
>   DROPPED_READ_FAILS_VENDOR_QC   0
>   DROPPED_MARKED_NOT_VALID       0
>   DROPPED_CHROMS_MISMATCH        -1
>   DROPPED_PAIR_STRANDS_MISMATCH  -1
>   DROPPED_IGNORED_CHROMOSOME     0
>   DROPPED_NOT_UNIQUE_ALIGNMENT   9809201
>   DROPPED_NO_ALN_BLOCKS   0
>   DROPPED_NOT_MARKED_RG   -1
Pre-alignment read count unknown (Set --seqReadCt or --rawfastq)
Writing Output...
QoRTs completed WITH WARNINGS! See log for details.
Generating plots...
Creating Directory: /athena/angsd/scratch/xil4009/SMG6_RNA_SEQ/alignment_qc/SRR16684379/QCplots
Successfully Created Directory: /athena/angsd/scratch/xil4009/SMG6_RNA_SEQ/alignment_qc/SRR16684379/QCplots
 > Starting R execution. (generating plots)
 > Finished R execution.
Done.
Time spent on setup:           00:03:03.0029
Time spent on SAM iteration:   00:34:47.0628
                               (0.7089532011465461 minutes per million read-pairs)
                               (0.8861150050069956 minutes per million read-pairs used)
Time spent on file output:     00:02:10.0742
Total runtime:                 00:40:01.0399
Done. (Sat Feb 25 01:07:50 EST 2023)
 
---------------AlignQC SRR16684380----------------
Starting QoRTs v1.3.6 (Compiled Tue Sep 25 11:21:46 EDT 2018)
Starting time: (Sat Feb 25 01:07:51 EST 2023)
INPUT_COMMAND(QC)
  INPUT_ARG(infile)=/athena/angsd/scratch/xil4009/SMG6_RNA_SEQ/alignment_star/SRR16684380.Aligned.sortedByCoord.out.bam
  INPUT_ARG(gtffile)=/athena/angsd/scratch/xil4009/genomes/Mus_musculus.GRCm39.109.gtf
  INPUT_ARG(outdir)=/athena/angsd/scratch/xil4009/SMG6_RNA_SEQ/alignment_qc/SRR16684380
  INPUT_ARG(generatePlots)=true
  INPUT_ARG(singleEnded)=true
  INPUT_ARG(stranded)=true
Creating Directory: /athena/angsd/scratch/xil4009/SMG6_RNA_SEQ/alignment_qc/SRR16684380
Created Log File: /athena/angsd/scratch/xil4009/SMG6_RNA_SEQ/alignment_qc/SRR16684380/QC.fD82UngijqUS.log
Starting QC
[Time: 2023-02-25 01:07:51] [Mem usage: [38MB / 704MB]] [Elapsed Time: 00:00:00.0000]
QoRTs is Running in single-end mode.
Note: read-sorting is irrelevant in single-ended mode.
Running functions: CigarOpDistribution, GCDistribution, GeneCalcs, JunctionCalcs, NVC, 
        QualityScoreDistribution, StrandCheck, chromCounts, 
        cigarLocusCounts, readLengthDistro, writeBiotypeCounts, 
        writeClippedNVC, writeDESeq, writeDEXSeq, writeGeneBody, 
        writeGeneCounts, writeGenewiseGeneBody, 
        writeJunctionSeqCounts, writeKnownSplices, 
        writeNovelSplices, writeSpliceExon
Checking first 10000 reads. Checking SAM file for formatting errors...
NOTE: Read length is not consistent.
   In the first 10000 reads, read length varies from 20 to 51 (param maxReadLength=51)
Note that using data that is hard-clipped prior to alignment is NOT recommended, because this makes it difficult (or impossible) to determine the sequencer read-cycle of each nucleotide base. This may obfuscate cycle-specific artifacts, trends, or errors, the detection of which is one of the primary purposes of QoRTs!In addition, hard clipping (whether before or after alignment) removes quality score data, and thus quality score metrics may be misleadingly optimistic. A MUCH preferable method of removing undesired sequence is to replace such sequence with N's, which preserves the quality score and the sequencer cycle information.
   WARNING WARNING WARNING: Read length is not consistent, AND "--maxReadLength" option is not set!
      QoRTs has ATTEMPTED to determine the maximum read length (51).
      It is STRONGLY recommended that you use the --maxReadLength option 
      to set the maximum possible read length, or else errors may occur if/when 
      reads longer than 51 appear.
Done checking first 10000 reads. WARNINGS FOUND!
SAMRecord Reader Generated. Read length: 51.
[Time: 2023-02-25 01:07:54] [Mem usage: [504MB / 1241MB]] [Elapsed Time: 00:00:02.0681]
Compiling flat feature annotation, internally in memory...
Internal flat feature annotation compiled!
QC Utilities Generated!
[Time: 2023-02-25 01:09:28] [Mem usage: [1742MB / 16GB]] [Elapsed Time: 00:01:36.0658]
..........[1000000 Read-Pairs processed] [Time: 2023-02-25 01:10:22] 
..........[2000000 Read-Pairs processed] [Time: 2023-02-25 01:11:06] 
..........[3000000 Read-Pairs processed] [Time: 2023-02-25 01:11:48] 
..........[4000000 Read-Pairs processed] [Time: 2023-02-25 01:12:32] 
..........[5000000 Read-Pairs processed] [Time: 2023-02-25 01:13:20] 
..........[6000000 Read-Pairs processed] [Time: 2023-02-25 01:14:05] 
..........[7000000 Read-Pairs processed] [Time: 2023-02-25 01:14:47] 
..........[8000000 Read-Pairs processed] [Time: 2023-02-25 01:15:34] 
..........[9000000 Read-Pairs processed] [Time: 2023-02-25 01:16:17] 
..........[10000000 Read-Pairs processed] [Time: 2023-02-25 01:17:00] 
..........[11000000 Read-Pairs processed] [Time: 2023-02-25 01:17:37] 
..........[12000000 Read-Pairs processed] [Time: 2023-02-25 01:17:39] 
..........[13000000 Read-Pairs processed] [Time: 2023-02-25 01:17:40] 
..........[14000000 Read-Pairs processed] [Time: 2023-02-25 01:17:45] 
..........[15000000 Read-Pairs processed] [Time: 2023-02-25 01:18:24] 
..........[16000000 Read-Pairs processed] [Time: 2023-02-25 01:19:02] 
..........[17000000 Read-Pairs processed] [Time: 2023-02-25 01:19:40] 
..........[18000000 Read-Pairs processed] [Time: 2023-02-25 01:20:22] 
..........[19000000 Read-Pairs processed] [Time: 2023-02-25 01:21:05] 
..........[20000000 Read-Pairs processed] [Time: 2023-02-25 01:21:48] 
..........[21000000 Read-Pairs processed] [Time: 2023-02-25 01:22:32] 
..........[22000000 Read-Pairs processed] [Time: 2023-02-25 01:23:01] 
..........[23000000 Read-Pairs processed] [Time: 2023-02-25 01:23:42] 
..........[24000000 Read-Pairs processed] [Time: 2023-02-25 01:24:24] 
..........[25000000 Read-Pairs processed] [Time: 2023-02-25 01:25:07] 
..........[26000000 Read-Pairs processed] [Time: 2023-02-25 01:25:49] 
..........[27000000 Read-Pairs processed] [Time: 2023-02-25 01:26:33] 
..........[28000000 Read-Pairs processed] [Time: 2023-02-25 01:27:15] 
..........[29000000 Read-Pairs processed] [Time: 2023-02-25 01:27:56] 
..........[30000000 Read-Pairs processed] [Time: 2023-02-25 01:28:39] 
..........[31000000 Read-Pairs processed] [Time: 2023-02-25 01:29:21] 
..........[32000000 Read-Pairs processed] [Time: 2023-02-25 01:30:02] 
..........[33000000 Read-Pairs processed] [Time: 2023-02-25 01:30:47] 
..........[34000000 Read-Pairs processed] [Time: 2023-02-25 01:31:30] 
..........[35000000 Read-Pairs processed] [Time: 2023-02-25 01:32:13] 
..........[36000000 Read-Pairs processed] [Time: 2023-02-25 01:32:56] 
..........[37000000 Read-Pairs processed] [Time: 2023-02-25 01:33:39] 
..........[38000000 Read-Pairs processed] [Time: 2023-02-25 01:34:21] 
..........[39000000 Read-Pairs processed] [Time: 2023-02-25 01:35:05] 
..........[40000000 Read-Pairs processed] [Time: 2023-02-25 01:35:49] 
..........[41000000 Read-Pairs processed] [Time: 2023-02-25 01:36:32] 
..........[42000000 Read-Pairs processed] [Time: 2023-02-25 01:37:09] 
..........[43000000 Read-Pairs processed] [Time: 2023-02-25 01:37:44] 
..........[44000000 Read-Pairs processed] [Time: 2023-02-25 01:38:30] 
..........[45000000 Read-Pairs processed] [Time: 2023-02-25 01:39:15] 
..........[46000000 Read-Pairs processed] [Time: 2023-02-25 01:40:00] 
..........[47000000 Read-Pairs processed] [Time: 2023-02-25 01:40:44] 
..........[48000000 Read-Pairs processed] [Time: 2023-02-25 01:41:26] 
..........[49000000 Read-Pairs processed] [Time: 2023-02-25 01:42:09] 
..........[50000000 Read-Pairs processed] [Time: 2023-02-25 01:42:53] 
..........[51000000 Read-Pairs processed] [Time: 2023-02-25 01:43:39] 
..........[52000000 Read-Pairs processed] [Time: 2023-02-25 01:44:22] 
..........[53000000 Read-Pairs processed] [Time: 2023-02-25 01:45:08] 
..........[54000000 Read-Pairs processed] [Time: 2023-02-25 01:45:53] 
..........[55000000 Read-Pairs processed] [Time: 2023-02-25 01:46:37] 
..........[56000000 Read-Pairs processed] [Time: 2023-02-25 01:47:20] 
..........[57000000 Read-Pairs processed] [Time: 2023-02-25 01:47:56] 
....
Finished reading SAM. Read: 57407850 reads/read-pairs.
Finished reading SAM. Used: 46031985 reads/read-pairs.
[Time: 2023-02-25 01:48:11] [Mem usage: [4184MB / 17GB]] [Elapsed Time: 00:40:19.0946]
> Read Stats:
>   READ_PAIR_OK                   46031985
>   TOTAL_READ_PAIRS               57407850
>   DROPPED_NOT_PROPER_PAIR        -1
>   DROPPED_READ_FAILS_VENDOR_QC   0
>   DROPPED_MARKED_NOT_VALID       0
>   DROPPED_CHROMS_MISMATCH        -1
>   DROPPED_PAIR_STRANDS_MISMATCH  -1
>   DROPPED_IGNORED_CHROMOSOME     0
>   DROPPED_NOT_UNIQUE_ALIGNMENT   11375865
>   DROPPED_NO_ALN_BLOCKS   0
>   DROPPED_NOT_MARKED_RG   -1
Pre-alignment read count unknown (Set --seqReadCt or --rawfastq)
Writing Output...
QoRTs completed WITH WARNINGS! See log for details.
Generating plots...
Creating Directory: /athena/angsd/scratch/xil4009/SMG6_RNA_SEQ/alignment_qc/SRR16684380/QCplots
Successfully Created Directory: /athena/angsd/scratch/xil4009/SMG6_RNA_SEQ/alignment_qc/SRR16684380/QCplots
 > Starting R execution. (generating plots)
 > Finished R execution.
Done.
Time spent on setup:           00:01:36.0658
Time spent on SAM iteration:   00:38:43.0289
                               (0.6744141553231251 minutes per million read-pairs)
                               (0.8410818405216866 minutes per million read-pairs used)
Time spent on file output:     00:01:13.0019
Total runtime:                 00:41:32.0966
Done. (Sat Feb 25 01:49:24 EST 2023)
 
---------------AlignQC SRR16684381----------------
Starting QoRTs v1.3.6 (Compiled Tue Sep 25 11:21:46 EDT 2018)
Starting time: (Sat Feb 25 01:49:25 EST 2023)
INPUT_COMMAND(QC)
  INPUT_ARG(infile)=/athena/angsd/scratch/xil4009/SMG6_RNA_SEQ/alignment_star/SRR16684381.Aligned.sortedByCoord.out.bam
  INPUT_ARG(gtffile)=/athena/angsd/scratch/xil4009/genomes/Mus_musculus.GRCm39.109.gtf
  INPUT_ARG(outdir)=/athena/angsd/scratch/xil4009/SMG6_RNA_SEQ/alignment_qc/SRR16684381
  INPUT_ARG(generatePlots)=true
  INPUT_ARG(singleEnded)=true
  INPUT_ARG(stranded)=true
Creating Directory: /athena/angsd/scratch/xil4009/SMG6_RNA_SEQ/alignment_qc/SRR16684381
Created Log File: /athena/angsd/scratch/xil4009/SMG6_RNA_SEQ/alignment_qc/SRR16684381/QC.8GDfl3lGTckZ.log
Starting QC
[Time: 2023-02-25 01:49:25] [Mem usage: [38MB / 704MB]] [Elapsed Time: 00:00:00.0000]
QoRTs is Running in single-end mode.
Note: read-sorting is irrelevant in single-ended mode.
Running functions: CigarOpDistribution, GCDistribution, GeneCalcs, JunctionCalcs, NVC, 
        QualityScoreDistribution, StrandCheck, chromCounts, 
        cigarLocusCounts, readLengthDistro, writeBiotypeCounts, 
        writeClippedNVC, writeDESeq, writeDEXSeq, writeGeneBody, 
        writeGeneCounts, writeGenewiseGeneBody, 
        writeJunctionSeqCounts, writeKnownSplices, 
        writeNovelSplices, writeSpliceExon
Checking first 10000 reads. Checking SAM file for formatting errors...
NOTE: Read length is not consistent.
   In the first 10000 reads, read length varies from 20 to 51 (param maxReadLength=51)
Note that using data that is hard-clipped prior to alignment is NOT recommended, because this makes it difficult (or impossible) to determine the sequencer read-cycle of each nucleotide base. This may obfuscate cycle-specific artifacts, trends, or errors, the detection of which is one of the primary purposes of QoRTs!In addition, hard clipping (whether before or after alignment) removes quality score data, and thus quality score metrics may be misleadingly optimistic. A MUCH preferable method of removing undesired sequence is to replace such sequence with N's, which preserves the quality score and the sequencer cycle information.
   WARNING WARNING WARNING: Read length is not consistent, AND "--maxReadLength" option is not set!
      QoRTs has ATTEMPTED to determine the maximum read length (51).
      It is STRONGLY recommended that you use the --maxReadLength option 
      to set the maximum possible read length, or else errors may occur if/when 
      reads longer than 51 appear.
Done checking first 10000 reads. WARNINGS FOUND!
SAMRecord Reader Generated. Read length: 51.
[Time: 2023-02-25 01:49:27] [Mem usage: [503MB / 1191MB]] [Elapsed Time: 00:00:02.0621]
Compiling flat feature annotation, internally in memory...
Internal flat feature annotation compiled!
QC Utilities Generated!
[Time: 2023-02-25 01:52:27] [Mem usage: [1395MB / 15GB]] [Elapsed Time: 00:03:02.0411]
..........[1000000 Read-Pairs processed] [Time: 2023-02-25 01:53:49] 
..........[2000000 Read-Pairs processed] [Time: 2023-02-25 01:54:32] 
..........[3000000 Read-Pairs processed] [Time: 2023-02-25 01:55:19] 
..........[4000000 Read-Pairs processed] [Time: 2023-02-25 01:56:05] 
..........[5000000 Read-Pairs processed] [Time: 2023-02-25 01:56:53] 
..........[6000000 Read-Pairs processed] [Time: 2023-02-25 01:57:37] 
..........[7000000 Read-Pairs processed] [Time: 2023-02-25 01:58:24] 
..........[8000000 Read-Pairs processed] [Time: 2023-02-25 01:59:10] 
..........[9000000 Read-Pairs processed] [Time: 2023-02-25 01:59:54] 
..........[10000000 Read-Pairs processed] [Time: 2023-02-25 02:00:22] 
..........[11000000 Read-Pairs processed] [Time: 2023-02-25 02:00:23] 
..........[12000000 Read-Pairs processed] [Time: 2023-02-25 02:00:27] 
..........[13000000 Read-Pairs processed] [Time: 2023-02-25 02:01:09] 
..........[14000000 Read-Pairs processed] [Time: 2023-02-25 02:01:46] 
..........[15000000 Read-Pairs processed] [Time: 2023-02-25 02:02:29] 
..........[16000000 Read-Pairs processed] [Time: 2023-02-25 02:03:11] 
..........[17000000 Read-Pairs processed] [Time: 2023-02-25 02:03:55] 
..........[18000000 Read-Pairs processed] [Time: 2023-02-25 02:04:41] 
..........[19000000 Read-Pairs processed] [Time: 2023-02-25 02:05:13] 
..........[20000000 Read-Pairs processed] [Time: 2023-02-25 02:05:55] 
..........[21000000 Read-Pairs processed] [Time: 2023-02-25 02:06:38] 
..........[22000000 Read-Pairs processed] [Time: 2023-02-25 02:07:22] 
..........[23000000 Read-Pairs processed] [Time: 2023-02-25 02:08:06] 
..........[24000000 Read-Pairs processed] [Time: 2023-02-25 02:08:50] 
..........[25000000 Read-Pairs processed] [Time: 2023-02-25 02:09:33] 
..........[26000000 Read-Pairs processed] [Time: 2023-02-25 02:10:16] 
..........[27000000 Read-Pairs processed] [Time: 2023-02-25 02:11:01] 
..........[28000000 Read-Pairs processed] [Time: 2023-02-25 02:11:44] 
..........[29000000 Read-Pairs processed] [Time: 2023-02-25 02:12:29] 
..........[30000000 Read-Pairs processed] [Time: 2023-02-25 02:13:13] 
..........[31000000 Read-Pairs processed] [Time: 2023-02-25 02:13:57] 
..........[32000000 Read-Pairs processed] [Time: 2023-02-25 02:14:42] 
..........[33000000 Read-Pairs processed] [Time: 2023-02-25 02:15:25] 
..........[34000000 Read-Pairs processed] [Time: 2023-02-25 02:16:10] 
..........[35000000 Read-Pairs processed] [Time: 2023-02-25 02:16:55] 
..........[36000000 Read-Pairs processed] [Time: 2023-02-25 02:17:40] 
..........[37000000 Read-Pairs processed] [Time: 2023-02-25 02:18:21] 
..........[38000000 Read-Pairs processed] [Time: 2023-02-25 02:18:59] 
..........[39000000 Read-Pairs processed] [Time: 2023-02-25 02:19:46] 
..........[40000000 Read-Pairs processed] [Time: 2023-02-25 02:20:31] 
..........[41000000 Read-Pairs processed] [Time: 2023-02-25 02:21:18] 
..........[42000000 Read-Pairs processed] [Time: 2023-02-25 02:22:01] 
..........[43000000 Read-Pairs processed] [Time: 2023-02-25 02:22:46] 
..........[44000000 Read-Pairs processed] [Time: 2023-02-25 02:23:30] 
..........[45000000 Read-Pairs processed] [Time: 2023-02-25 02:24:17] 
..........[46000000 Read-Pairs processed] [Time: 2023-02-25 02:25:01] 
..........[47000000 Read-Pairs processed] [Time: 2023-02-25 02:25:52] 
..........[48000000 Read-Pairs processed] [Time: 2023-02-25 02:26:35] 
..........[49000000 Read-Pairs processed] [Time: 2023-02-25 02:27:20] 
..........[50000000 Read-Pairs processed] [Time: 2023-02-25 02:27:59] 
....
Finished reading SAM. Read: 50422948 reads/read-pairs.
Finished reading SAM. Used: 41225056 reads/read-pairs.
[Time: 2023-02-25 02:28:15] [Mem usage: [6GB / 16GB]] [Elapsed Time: 00:38:50.0600]
> Read Stats:
>   READ_PAIR_OK                   41225056
>   TOTAL_READ_PAIRS               50422948
>   DROPPED_NOT_PROPER_PAIR        -1
>   DROPPED_READ_FAILS_VENDOR_QC   0
>   DROPPED_MARKED_NOT_VALID       0
>   DROPPED_CHROMS_MISMATCH        -1
>   DROPPED_PAIR_STRANDS_MISMATCH  -1
>   DROPPED_IGNORED_CHROMOSOME     0
>   DROPPED_NOT_UNIQUE_ALIGNMENT   9197892
>   DROPPED_NO_ALN_BLOCKS   0
>   DROPPED_NOT_MARKED_RG   -1
Pre-alignment read count unknown (Set --seqReadCt or --rawfastq)
Writing Output...
QoRTs completed WITH WARNINGS! See log for details.
Generating plots...
Creating Directory: /athena/angsd/scratch/xil4009/SMG6_RNA_SEQ/alignment_qc/SRR16684381/QCplots
Successfully Created Directory: /athena/angsd/scratch/xil4009/SMG6_RNA_SEQ/alignment_qc/SRR16684381/QCplots
 > Starting R execution. (generating plots)
 > Finished R execution.
Done.
Time spent on setup:           00:03:02.0411
Time spent on SAM iteration:   00:35:48.0189
                               (0.7099941875671371 minutes per million read-pairs)
                               (0.8684039143573267 minutes per million read-pairs used)
Time spent on file output:     00:02:01.0178
Total runtime:                 00:40:51.0778
Done. (Sat Feb 25 02:30:17 EST 2023)
 
---------------AlignQC SRR16684382----------------
Starting QoRTs v1.3.6 (Compiled Tue Sep 25 11:21:46 EDT 2018)
Starting time: (Sat Feb 25 02:30:17 EST 2023)
INPUT_COMMAND(QC)
  INPUT_ARG(infile)=/athena/angsd/scratch/xil4009/SMG6_RNA_SEQ/alignment_star/SRR16684382.Aligned.sortedByCoord.out.bam
  INPUT_ARG(gtffile)=/athena/angsd/scratch/xil4009/genomes/Mus_musculus.GRCm39.109.gtf
  INPUT_ARG(outdir)=/athena/angsd/scratch/xil4009/SMG6_RNA_SEQ/alignment_qc/SRR16684382
  INPUT_ARG(generatePlots)=true
  INPUT_ARG(singleEnded)=true
  INPUT_ARG(stranded)=true
Creating Directory: /athena/angsd/scratch/xil4009/SMG6_RNA_SEQ/alignment_qc/SRR16684382
Created Log File: /athena/angsd/scratch/xil4009/SMG6_RNA_SEQ/alignment_qc/SRR16684382/QC.WeGkjhbRbrCY.log
Starting QC
[Time: 2023-02-25 02:30:17] [Mem usage: [38MB / 704MB]] [Elapsed Time: 00:00:00.0000]
QoRTs is Running in single-end mode.
Note: read-sorting is irrelevant in single-ended mode.
Running functions: CigarOpDistribution, GCDistribution, GeneCalcs, JunctionCalcs, NVC, 
        QualityScoreDistribution, StrandCheck, chromCounts, 
        cigarLocusCounts, readLengthDistro, writeBiotypeCounts, 
        writeClippedNVC, writeDESeq, writeDEXSeq, writeGeneBody, 
        writeGeneCounts, writeGenewiseGeneBody, 
        writeJunctionSeqCounts, writeKnownSplices, 
        writeNovelSplices, writeSpliceExon
Checking first 10000 reads. Checking SAM file for formatting errors...
NOTE: Read length is not consistent.
   In the first 10000 reads, read length varies from 21 to 51 (param maxReadLength=51)
Note that using data that is hard-clipped prior to alignment is NOT recommended, because this makes it difficult (or impossible) to determine the sequencer read-cycle of each nucleotide base. This may obfuscate cycle-specific artifacts, trends, or errors, the detection of which is one of the primary purposes of QoRTs!In addition, hard clipping (whether before or after alignment) removes quality score data, and thus quality score metrics may be misleadingly optimistic. A MUCH preferable method of removing undesired sequence is to replace such sequence with N's, which preserves the quality score and the sequencer cycle information.
   WARNING WARNING WARNING: Read length is not consistent, AND "--maxReadLength" option is not set!
      QoRTs has ATTEMPTED to determine the maximum read length (51).
      It is STRONGLY recommended that you use the --maxReadLength option 
      to set the maximum possible read length, or else errors may occur if/when 
      reads longer than 51 appear.
Done checking first 10000 reads. WARNINGS FOUND!
SAMRecord Reader Generated. Read length: 51.
[Time: 2023-02-25 02:30:20] [Mem usage: [503MB / 1191MB]] [Elapsed Time: 00:00:02.0531]
Compiling flat feature annotation, internally in memory...
Internal flat feature annotation compiled!
QC Utilities Generated!
[Time: 2023-02-25 02:31:48] [Mem usage: [1343MB / 15GB]] [Elapsed Time: 00:01:30.0744]
..........[1000000 Read-Pairs processed] [Time: 2023-02-25 02:32:40] 
..........[2000000 Read-Pairs processed] [Time: 2023-02-25 02:33:23] 
..........[3000000 Read-Pairs processed] [Time: 2023-02-25 02:34:04] 
..........[4000000 Read-Pairs processed] [Time: 2023-02-25 02:34:49] 
..........[5000000 Read-Pairs processed] [Time: 2023-02-25 02:35:33] 
..........[6000000 Read-Pairs processed] [Time: 2023-02-25 02:36:19] 
..........[7000000 Read-Pairs processed] [Time: 2023-02-25 02:37:03] 
..........[8000000 Read-Pairs processed] [Time: 2023-02-25 02:37:47] 
..........[9000000 Read-Pairs processed] [Time: 2023-02-25 02:38:31] 
..........[10000000 Read-Pairs processed] [Time: 2023-02-25 02:39:13] 
..........[11000000 Read-Pairs processed] [Time: 2023-02-25 02:39:55] 
..........[12000000 Read-Pairs processed] [Time: 2023-02-25 02:40:14] 
..........[13000000 Read-Pairs processed] [Time: 2023-02-25 02:40:16] 
..........[14000000 Read-Pairs processed] [Time: 2023-02-25 02:40:17] 
..........[15000000 Read-Pairs processed] [Time: 2023-02-25 02:40:22] 
..........[16000000 Read-Pairs processed] [Time: 2023-02-25 02:41:05] 
..........[17000000 Read-Pairs processed] [Time: 2023-02-25 02:41:41] 
..........[18000000 Read-Pairs processed] [Time: 2023-02-25 02:42:22] 
..........[19000000 Read-Pairs processed] [Time: 2023-02-25 02:43:04] 
..........[20000000 Read-Pairs processed] [Time: 2023-02-25 02:43:46] 
..........[21000000 Read-Pairs processed] [Time: 2023-02-25 02:44:29] 
..........[22000000 Read-Pairs processed] [Time: 2023-02-25 02:45:13] 
..........[23000000 Read-Pairs processed] [Time: 2023-02-25 02:45:38] 
..........[24000000 Read-Pairs processed] [Time: 2023-02-25 02:46:21] 
..........[25000000 Read-Pairs processed] [Time: 2023-02-25 02:47:01] 
..........[26000000 Read-Pairs processed] [Time: 2023-02-25 02:47:44] 
..........[27000000 Read-Pairs processed] [Time: 2023-02-25 02:48:29] 
..........[28000000 Read-Pairs processed] [Time: 2023-02-25 02:49:11] 
..........[29000000 Read-Pairs processed] [Time: 2023-02-25 02:49:54] 
..........[30000000 Read-Pairs processed] [Time: 2023-02-25 02:50:36] 
..........[31000000 Read-Pairs processed] [Time: 2023-02-25 02:51:16] 
..........[32000000 Read-Pairs processed] [Time: 2023-02-25 02:51:58] 
..........[33000000 Read-Pairs processed] [Time: 2023-02-25 02:52:41] 
..........[34000000 Read-Pairs processed] [Time: 2023-02-25 02:53:22] 
..........[35000000 Read-Pairs processed] [Time: 2023-02-25 02:54:07] 
..........[36000000 Read-Pairs processed] [Time: 2023-02-25 02:54:51] 
..........[37000000 Read-Pairs processed] [Time: 2023-02-25 02:55:33] 
..........[38000000 Read-Pairs processed] [Time: 2023-02-25 02:56:16] 
..........[39000000 Read-Pairs processed] [Time: 2023-02-25 02:56:59] 
..........[40000000 Read-Pairs processed] [Time: 2023-02-25 02:57:41] 
..........[41000000 Read-Pairs processed] [Time: 2023-02-25 02:58:24] 
..........[42000000 Read-Pairs processed] [Time: 2023-02-25 02:59:08] 
..........[43000000 Read-Pairs processed] [Time: 2023-02-25 02:59:52] 
..........[44000000 Read-Pairs processed] [Time: 2023-02-25 03:00:34] 
..........[45000000 Read-Pairs processed] [Time: 2023-02-25 03:01:04] 
..........[46000000 Read-Pairs processed] [Time: 2023-02-25 03:01:45] 
..........[47000000 Read-Pairs processed] [Time: 2023-02-25 03:02:31] 
..........[48000000 Read-Pairs processed] [Time: 2023-02-25 03:03:16] 
..........[49000000 Read-Pairs processed] [Time: 2023-02-25 03:04:00] 
..........[50000000 Read-Pairs processed] [Time: 2023-02-25 03:04:42] 
..........[51000000 Read-Pairs processed] [Time: 2023-02-25 03:05:26] 
..........[52000000 Read-Pairs processed] [Time: 2023-02-25 03:06:07] 
..........[53000000 Read-Pairs processed] [Time: 2023-02-25 03:06:52] 
..........[54000000 Read-Pairs processed] [Time: 2023-02-25 03:07:36] 
..........[55000000 Read-Pairs processed] [Time: 2023-02-25 03:08:18] 
..........[56000000 Read-Pairs processed] [Time: 2023-02-25 03:09:07] 
..........[57000000 Read-Pairs processed] [Time: 2023-02-25 03:09:50] 
..........[58000000 Read-Pairs processed] [Time: 2023-02-25 03:10:36] 
..........[59000000 Read-Pairs processed] [Time: 2023-02-25 03:11:19] 
..........[60000000 Read-Pairs processed] [Time: 2023-02-25 03:11:57] 
....
Finished reading SAM. Read: 60417757 reads/read-pairs.
Finished reading SAM. Used: 49036247 reads/read-pairs.
[Time: 2023-02-25 03:12:12] [Mem usage: [3524MB / 17GB]] [Elapsed Time: 00:41:55.0186]
> Read Stats:
>   READ_PAIR_OK                   49036247
>   TOTAL_READ_PAIRS               60417757
>   DROPPED_NOT_PROPER_PAIR        -1
>   DROPPED_READ_FAILS_VENDOR_QC   0
>   DROPPED_MARKED_NOT_VALID       0
>   DROPPED_CHROMS_MISMATCH        -1
>   DROPPED_PAIR_STRANDS_MISMATCH  -1
>   DROPPED_IGNORED_CHROMOSOME     0
>   DROPPED_NOT_UNIQUE_ALIGNMENT   11381510
>   DROPPED_NO_ALN_BLOCKS   0
>   DROPPED_NOT_MARKED_RG   -1
Pre-alignment read count unknown (Set --seqReadCt or --rawfastq)
Writing Output...
QoRTs completed WITH WARNINGS! See log for details.
Generating plots...
Creating Directory: /athena/angsd/scratch/xil4009/SMG6_RNA_SEQ/alignment_qc/SRR16684382/QCplots
Successfully Created Directory: /athena/angsd/scratch/xil4009/SMG6_RNA_SEQ/alignment_qc/SRR16684382/QCplots
 > Starting R execution. (generating plots)
 > Finished R execution.
Done.
Time spent on setup:           00:01:30.0744
Time spent on SAM iteration:   00:40:24.0442
                               (0.6686775876171636 minutes per million read-pairs)
                               (0.8238803430450131 minutes per million read-pairs used)
Time spent on file output:     00:01:06.0731
Total runtime:                 00:43:01.0917
Done. (Sat Feb 25 03:13:19 EST 2023)
 
---------------AlignQC SRR16684383----------------
Starting QoRTs v1.3.6 (Compiled Tue Sep 25 11:21:46 EDT 2018)
Starting time: (Sat Feb 25 03:13:20 EST 2023)
INPUT_COMMAND(QC)
  INPUT_ARG(infile)=/athena/angsd/scratch/xil4009/SMG6_RNA_SEQ/alignment_star/SRR16684383.Aligned.sortedByCoord.out.bam
  INPUT_ARG(gtffile)=/athena/angsd/scratch/xil4009/genomes/Mus_musculus.GRCm39.109.gtf
  INPUT_ARG(outdir)=/athena/angsd/scratch/xil4009/SMG6_RNA_SEQ/alignment_qc/SRR16684383
  INPUT_ARG(generatePlots)=true
  INPUT_ARG(singleEnded)=true
  INPUT_ARG(stranded)=true
Creating Directory: /athena/angsd/scratch/xil4009/SMG6_RNA_SEQ/alignment_qc/SRR16684383
Created Log File: /athena/angsd/scratch/xil4009/SMG6_RNA_SEQ/alignment_qc/SRR16684383/QC.ElNqFd4lcoad.log
Starting QC
[Time: 2023-02-25 03:13:20] [Mem usage: [38MB / 704MB]] [Elapsed Time: 00:00:00.0000]
QoRTs is Running in single-end mode.
Note: read-sorting is irrelevant in single-ended mode.
Running functions: CigarOpDistribution, GCDistribution, GeneCalcs, JunctionCalcs, NVC, 
        QualityScoreDistribution, StrandCheck, chromCounts, 
        cigarLocusCounts, readLengthDistro, writeBiotypeCounts, 
        writeClippedNVC, writeDESeq, writeDEXSeq, writeGeneBody, 
        writeGeneCounts, writeGenewiseGeneBody, 
        writeJunctionSeqCounts, writeKnownSplices, 
        writeNovelSplices, writeSpliceExon
Checking first 10000 reads. Checking SAM file for formatting errors...
NOTE: Read length is not consistent.
   In the first 10000 reads, read length varies from 20 to 51 (param maxReadLength=51)
Note that using data that is hard-clipped prior to alignment is NOT recommended, because this makes it difficult (or impossible) to determine the sequencer read-cycle of each nucleotide base. This may obfuscate cycle-specific artifacts, trends, or errors, the detection of which is one of the primary purposes of QoRTs!In addition, hard clipping (whether before or after alignment) removes quality score data, and thus quality score metrics may be misleadingly optimistic. A MUCH preferable method of removing undesired sequence is to replace such sequence with N's, which preserves the quality score and the sequencer cycle information.
   WARNING WARNING WARNING: Read length is not consistent, AND "--maxReadLength" option is not set!
      QoRTs has ATTEMPTED to determine the maximum read length (51).
      It is STRONGLY recommended that you use the --maxReadLength option 
      to set the maximum possible read length, or else errors may occur if/when 
      reads longer than 51 appear.
Done checking first 10000 reads. WARNINGS FOUND!
SAMRecord Reader Generated. Read length: 51.
[Time: 2023-02-25 03:13:22] [Mem usage: [503MB / 1275MB]] [Elapsed Time: 00:00:02.0575]
Compiling flat feature annotation, internally in memory...
Internal flat feature annotation compiled!
QC Utilities Generated!
[Time: 2023-02-25 03:16:14] [Mem usage: [1756MB / 15GB]] [Elapsed Time: 00:02:54.0203]
..........[1000000 Read-Pairs processed] [Time: 2023-02-25 03:17:32] 
..........[2000000 Read-Pairs processed] [Time: 2023-02-25 03:18:17] 
..........[3000000 Read-Pairs processed] [Time: 2023-02-25 03:19:05] 
..........[4000000 Read-Pairs processed] [Time: 2023-02-25 03:19:54] 
..........[5000000 Read-Pairs processed] [Time: 2023-02-25 03:20:44] 
..........[6000000 Read-Pairs processed] [Time: 2023-02-25 03:21:30] 
..........[7000000 Read-Pairs processed] [Time: 2023-02-25 03:22:19] 
..........[8000000 Read-Pairs processed] [Time: 2023-02-25 03:23:05] 
..........[9000000 Read-Pairs processed] [Time: 2023-02-25 03:23:50] 
..........[10000000 Read-Pairs processed] [Time: 2023-02-25 03:23:56] 
..........[11000000 Read-Pairs processed] [Time: 2023-02-25 03:23:58] 
..........[12000000 Read-Pairs processed] [Time: 2023-02-25 03:23:59] 
..........[13000000 Read-Pairs processed] [Time: 2023-02-25 03:24:31] 
..........[14000000 Read-Pairs processed] [Time: 2023-02-25 03:25:11] 
..........[15000000 Read-Pairs processed] [Time: 2023-02-25 03:25:56] 
..........[16000000 Read-Pairs processed] [Time: 2023-02-25 03:26:38] 
..........[17000000 Read-Pairs processed] [Time: 2023-02-25 03:27:24] 
..........[18000000 Read-Pairs processed] [Time: 2023-02-25 03:28:12] 
..........[19000000 Read-Pairs processed] [Time: 2023-02-25 03:28:42] 
..........[20000000 Read-Pairs processed] [Time: 2023-02-25 03:29:27] 
..........[21000000 Read-Pairs processed] [Time: 2023-02-25 03:30:13] 
..........[22000000 Read-Pairs processed] [Time: 2023-02-25 03:31:01] 
..........[23000000 Read-Pairs processed] [Time: 2023-02-25 03:31:48] 
..........[24000000 Read-Pairs processed] [Time: 2023-02-25 03:32:32] 
..........[25000000 Read-Pairs processed] [Time: 2023-02-25 03:33:14] 
..........[26000000 Read-Pairs processed] [Time: 2023-02-25 03:33:59] 
..........[27000000 Read-Pairs processed] [Time: 2023-02-25 03:34:45] 
..........[28000000 Read-Pairs processed] [Time: 2023-02-25 03:35:31] 
..........[29000000 Read-Pairs processed] [Time: 2023-02-25 03:36:18] 
..........[30000000 Read-Pairs processed] [Time: 2023-02-25 03:37:03] 
..........[31000000 Read-Pairs processed] [Time: 2023-02-25 03:37:51] 
..........[32000000 Read-Pairs processed] [Time: 2023-02-25 03:38:35] 
..........[33000000 Read-Pairs processed] [Time: 2023-02-25 03:39:21] 
..........[34000000 Read-Pairs processed] [Time: 2023-02-25 03:40:09] 
..........[35000000 Read-Pairs processed] [Time: 2023-02-25 03:40:54] 
..........[36000000 Read-Pairs processed] [Time: 2023-02-25 03:41:34] 
..........[37000000 Read-Pairs processed] [Time: 2023-02-25 03:42:12] 
..........[38000000 Read-Pairs processed] [Time: 2023-02-25 03:43:01] 
..........[39000000 Read-Pairs processed] [Time: 2023-02-25 03:43:50] 
..........[40000000 Read-Pairs processed] [Time: 2023-02-25 03:44:36] 
..........[41000000 Read-Pairs processed] [Time: 2023-02-25 03:45:22] 
..........[42000000 Read-Pairs processed] [Time: 2023-02-25 03:46:07] 
..........[43000000 Read-Pairs processed] [Time: 2023-02-25 03:46:56] 
..........[44000000 Read-Pairs processed] [Time: 2023-02-25 03:47:40] 
..........[45000000 Read-Pairs processed] [Time: 2023-02-25 03:48:30] 
..........[46000000 Read-Pairs processed] [Time: 2023-02-25 03:49:17] 
..........[47000000 Read-Pairs processed] [Time: 2023-02-25 03:50:06] 
..........[48000000 Read-Pairs processed] [Time: 2023-02-25 03:50:47] 
.....
Finished reading SAM. Read: 48505381 reads/read-pairs.
Finished reading SAM. Used: 38588450 reads/read-pairs.
[Time: 2023-02-25 03:51:07] [Mem usage: [9GB / 16GB]] [Elapsed Time: 00:37:47.0189]
> Read Stats:
>   READ_PAIR_OK                   38588450
>   TOTAL_READ_PAIRS               48505381
>   DROPPED_NOT_PROPER_PAIR        -1
>   DROPPED_READ_FAILS_VENDOR_QC   0
>   DROPPED_MARKED_NOT_VALID       0
>   DROPPED_CHROMS_MISMATCH        -1
>   DROPPED_PAIR_STRANDS_MISMATCH  -1
>   DROPPED_IGNORED_CHROMOSOME     0
>   DROPPED_NOT_UNIQUE_ALIGNMENT   9916931
>   DROPPED_NO_ALN_BLOCKS   0
>   DROPPED_NOT_MARKED_RG   -1
Pre-alignment read count unknown (Set --seqReadCt or --rawfastq)
Writing Output...
QoRTs completed WITH WARNINGS! See log for details.
Generating plots...
Creating Directory: /athena/angsd/scratch/xil4009/SMG6_RNA_SEQ/alignment_qc/SRR16684383/QCplots
Successfully Created Directory: /athena/angsd/scratch/xil4009/SMG6_RNA_SEQ/alignment_qc/SRR16684383/QCplots
 > Starting R execution. (generating plots)
 > Finished R execution.
Done.
Time spent on setup:           00:02:54.0204
Time spent on SAM iteration:   00:34:52.0986
                               (0.7188205916095508 minutes per million read-pairs)
                               (0.9035518831843897 minutes per million read-pairs used)
Time spent on file output:     00:01:59.0893
Total runtime:                 00:39:47.0083
Done. (Sat Feb 25 03:53:07 EST 2023)
 
---------------AlignQC SRR16684384----------------
Starting QoRTs v1.3.6 (Compiled Tue Sep 25 11:21:46 EDT 2018)
Starting time: (Sat Feb 25 03:53:07 EST 2023)
INPUT_COMMAND(QC)
  INPUT_ARG(infile)=/athena/angsd/scratch/xil4009/SMG6_RNA_SEQ/alignment_star/SRR16684384.Aligned.sortedByCoord.out.bam
  INPUT_ARG(gtffile)=/athena/angsd/scratch/xil4009/genomes/Mus_musculus.GRCm39.109.gtf
  INPUT_ARG(outdir)=/athena/angsd/scratch/xil4009/SMG6_RNA_SEQ/alignment_qc/SRR16684384
  INPUT_ARG(generatePlots)=true
  INPUT_ARG(singleEnded)=true
  INPUT_ARG(stranded)=true
Creating Directory: /athena/angsd/scratch/xil4009/SMG6_RNA_SEQ/alignment_qc/SRR16684384
Created Log File: /athena/angsd/scratch/xil4009/SMG6_RNA_SEQ/alignment_qc/SRR16684384/QC.LkGlIqzyXqhl.log
Starting QC
[Time: 2023-02-25 03:53:07] [Mem usage: [38MB / 704MB]] [Elapsed Time: 00:00:00.0000]
QoRTs is Running in single-end mode.
Note: read-sorting is irrelevant in single-ended mode.
Running functions: CigarOpDistribution, GCDistribution, GeneCalcs, JunctionCalcs, NVC, 
        QualityScoreDistribution, StrandCheck, chromCounts, 
        cigarLocusCounts, readLengthDistro, writeBiotypeCounts, 
        writeClippedNVC, writeDESeq, writeDEXSeq, writeGeneBody, 
        writeGeneCounts, writeGenewiseGeneBody, 
        writeJunctionSeqCounts, writeKnownSplices, 
        writeNovelSplices, writeSpliceExon
Checking first 10000 reads. Checking SAM file for formatting errors...
NOTE: Read length is not consistent.
   In the first 10000 reads, read length varies from 20 to 51 (param maxReadLength=51)
Note that using data that is hard-clipped prior to alignment is NOT recommended, because this makes it difficult (or impossible) to determine the sequencer read-cycle of each nucleotide base. This may obfuscate cycle-specific artifacts, trends, or errors, the detection of which is one of the primary purposes of QoRTs!In addition, hard clipping (whether before or after alignment) removes quality score data, and thus quality score metrics may be misleadingly optimistic. A MUCH preferable method of removing undesired sequence is to replace such sequence with N's, which preserves the quality score and the sequencer cycle information.
   WARNING WARNING WARNING: Read length is not consistent, AND "--maxReadLength" option is not set!
      QoRTs has ATTEMPTED to determine the maximum read length (51).
      It is STRONGLY recommended that you use the --maxReadLength option 
      to set the maximum possible read length, or else errors may occur if/when 
      reads longer than 51 appear.
Done checking first 10000 reads. WARNINGS FOUND!
SAMRecord Reader Generated. Read length: 51.
[Time: 2023-02-25 03:53:11] [Mem usage: [524MB / 1358MB]] [Elapsed Time: 00:00:03.0320]
Compiling flat feature annotation, internally in memory...
Internal flat feature annotation compiled!
QC Utilities Generated!
[Time: 2023-02-25 03:56:01] [Mem usage: [1575MB / 16GB]] [Elapsed Time: 00:02:53.0707]
..........[1000000 Read-Pairs processed] [Time: 2023-02-25 03:57:19] 
..........[2000000 Read-Pairs processed] [Time: 2023-02-25 03:58:01] 
..........[3000000 Read-Pairs processed] [Time: 2023-02-25 03:58:45] 
..........[4000000 Read-Pairs processed] [Time: 2023-02-25 03:59:29] 
..........[5000000 Read-Pairs processed] [Time: 2023-02-25 04:00:16] 
..........[6000000 Read-Pairs processed] [Time: 2023-02-25 04:00:59] 
..........[7000000 Read-Pairs processed] [Time: 2023-02-25 04:01:45] 
..........[8000000 Read-Pairs processed] [Time: 2023-02-25 04:02:27] 
..........[9000000 Read-Pairs processed] [Time: 2023-02-25 04:03:10] 
..........[10000000 Read-Pairs processed] [Time: 2023-02-25 04:03:32] 
..........[11000000 Read-Pairs processed] [Time: 2023-02-25 04:03:33] 
..........[12000000 Read-Pairs processed] [Time: 2023-02-25 04:03:34] 
..........[13000000 Read-Pairs processed] [Time: 2023-02-25 04:03:54] 
..........[14000000 Read-Pairs processed] [Time: 2023-02-25 04:04:35] 
..........[15000000 Read-Pairs processed] [Time: 2023-02-25 04:05:14] 
..........[16000000 Read-Pairs processed] [Time: 2023-02-25 04:05:54] 
..........[17000000 Read-Pairs processed] [Time: 2023-02-25 04:06:35] 
..........[18000000 Read-Pairs processed] [Time: 2023-02-25 04:07:18] 
..........[19000000 Read-Pairs processed] [Time: 2023-02-25 04:07:48] 
..........[20000000 Read-Pairs processed] [Time: 2023-02-25 04:08:27] 
..........[21000000 Read-Pairs processed] [Time: 2023-02-25 04:09:09] 
..........[22000000 Read-Pairs processed] [Time: 2023-02-25 04:09:51] 
..........[23000000 Read-Pairs processed] [Time: 2023-02-25 04:10:36] 
..........[24000000 Read-Pairs processed] [Time: 2023-02-25 04:11:19] 
..........[25000000 Read-Pairs processed] [Time: 2023-02-25 04:12:01] 
..........[26000000 Read-Pairs processed] [Time: 2023-02-25 04:12:39] 
..........[27000000 Read-Pairs processed] [Time: 2023-02-25 04:13:22] 
..........[28000000 Read-Pairs processed] [Time: 2023-02-25 04:14:05] 
..........[29000000 Read-Pairs processed] [Time: 2023-02-25 04:14:38] 
..........[30000000 Read-Pairs processed] [Time: 2023-02-25 04:15:23] 
..........[31000000 Read-Pairs processed] [Time: 2023-02-25 04:16:07] 
..........[32000000 Read-Pairs processed] [Time: 2023-02-25 04:16:49] 
..........[33000000 Read-Pairs processed] [Time: 2023-02-25 04:17:32] 
..........[34000000 Read-Pairs processed] [Time: 2023-02-25 04:18:14] 
..........[35000000 Read-Pairs processed] [Time: 2023-02-25 04:18:57] 
..........[36000000 Read-Pairs processed] [Time: 2023-02-25 04:19:42] 
..........[37000000 Read-Pairs processed] [Time: 2023-02-25 04:20:24] 
..........[38000000 Read-Pairs processed] [Time: 2023-02-25 04:21:03] 
..........[39000000 Read-Pairs processed] [Time: 2023-02-25 04:21:38] 
..........[40000000 Read-Pairs processed] [Time: 2023-02-25 04:22:24] 
..........[41000000 Read-Pairs processed] [Time: 2023-02-25 04:23:09] 
..........[42000000 Read-Pairs processed] [Time: 2023-02-25 04:23:52] 
..........[43000000 Read-Pairs processed] [Time: 2023-02-25 04:24:33] 
..........[44000000 Read-Pairs processed] [Time: 2023-02-25 04:25:16] 
..........[45000000 Read-Pairs processed] [Time: 2023-02-25 04:26:01] 
..........[46000000 Read-Pairs processed] [Time: 2023-02-25 04:26:41] 
..........[47000000 Read-Pairs processed] [Time: 2023-02-25 04:27:22] 
..........[48000000 Read-Pairs processed] [Time: 2023-02-25 04:28:14] 
..........[49000000 Read-Pairs processed] [Time: 2023-02-25 04:28:55] 
..........[50000000 Read-Pairs processed] [Time: 2023-02-25 04:29:40] 
..........[51000000 Read-Pairs processed] [Time: 2023-02-25 04:30:17] 
....
Finished reading SAM. Read: 51420647 reads/read-pairs.
Finished reading SAM. Used: 41234598 reads/read-pairs.
[Time: 2023-02-25 04:30:28] [Mem usage: [9GB / 16GB]] [Elapsed Time: 00:37:20.0582]
> Read Stats:
>   READ_PAIR_OK                   41234598
>   TOTAL_READ_PAIRS               51420647
>   DROPPED_NOT_PROPER_PAIR        -1
>   DROPPED_READ_FAILS_VENDOR_QC   0
>   DROPPED_MARKED_NOT_VALID       0
>   DROPPED_CHROMS_MISMATCH        -1
>   DROPPED_PAIR_STRANDS_MISMATCH  -1
>   DROPPED_IGNORED_CHROMOSOME     0
>   DROPPED_NOT_UNIQUE_ALIGNMENT   10186049
>   DROPPED_NO_ALN_BLOCKS   0
>   DROPPED_NOT_MARKED_RG   -1
Pre-alignment read count unknown (Set --seqReadCt or --rawfastq)
Writing Output...
QoRTs completed WITH WARNINGS! See log for details.
Generating plots...
Creating Directory: /athena/angsd/scratch/xil4009/SMG6_RNA_SEQ/alignment_qc/SRR16684384/QCplots
Successfully Created Directory: /athena/angsd/scratch/xil4009/SMG6_RNA_SEQ/alignment_qc/SRR16684384/QCplots
 > Starting R execution. (generating plots)
 > Finished R execution.
Done.
Time spent on setup:           00:02:53.0707
Time spent on SAM iteration:   00:34:26.0875
                               (0.6696402192942715 minutes per million read-pairs)
                               (0.8350592706962569 minutes per million read-pairs used)
Time spent on file output:     00:02:02.0642
Total runtime:                 00:39:23.0224
Done. (Sat Feb 25 04:32:31 EST 2023)
 
---------------AlignQC SRR16684385----------------
Starting QoRTs v1.3.6 (Compiled Tue Sep 25 11:21:46 EDT 2018)
Starting time: (Sat Feb 25 04:32:31 EST 2023)
INPUT_COMMAND(QC)
  INPUT_ARG(infile)=/athena/angsd/scratch/xil4009/SMG6_RNA_SEQ/alignment_star/SRR16684385.Aligned.sortedByCoord.out.bam
  INPUT_ARG(gtffile)=/athena/angsd/scratch/xil4009/genomes/Mus_musculus.GRCm39.109.gtf
  INPUT_ARG(outdir)=/athena/angsd/scratch/xil4009/SMG6_RNA_SEQ/alignment_qc/SRR16684385
  INPUT_ARG(generatePlots)=true
  INPUT_ARG(singleEnded)=true
  INPUT_ARG(stranded)=true
Creating Directory: /athena/angsd/scratch/xil4009/SMG6_RNA_SEQ/alignment_qc/SRR16684385
Created Log File: /athena/angsd/scratch/xil4009/SMG6_RNA_SEQ/alignment_qc/SRR16684385/QC.dDL3rqjVECk4.log
Starting QC
[Time: 2023-02-25 04:32:31] [Mem usage: [38MB / 704MB]] [Elapsed Time: 00:00:00.0000]
QoRTs is Running in single-end mode.
Note: read-sorting is irrelevant in single-ended mode.
Running functions: CigarOpDistribution, GCDistribution, GeneCalcs, JunctionCalcs, NVC, 
        QualityScoreDistribution, StrandCheck, chromCounts, 
        cigarLocusCounts, readLengthDistro, writeBiotypeCounts, 
        writeClippedNVC, writeDESeq, writeDEXSeq, writeGeneBody, 
        writeGeneCounts, writeGenewiseGeneBody, 
        writeJunctionSeqCounts, writeKnownSplices, 
        writeNovelSplices, writeSpliceExon
Checking first 10000 reads. Checking SAM file for formatting errors...
NOTE: Read length is not consistent.
   In the first 10000 reads, read length varies from 20 to 51 (param maxReadLength=51)
Note that using data that is hard-clipped prior to alignment is NOT recommended, because this makes it difficult (or impossible) to determine the sequencer read-cycle of each nucleotide base. This may obfuscate cycle-specific artifacts, trends, or errors, the detection of which is one of the primary purposes of QoRTs!In addition, hard clipping (whether before or after alignment) removes quality score data, and thus quality score metrics may be misleadingly optimistic. A MUCH preferable method of removing undesired sequence is to replace such sequence with N's, which preserves the quality score and the sequencer cycle information.
   WARNING WARNING WARNING: Read length is not consistent, AND "--maxReadLength" option is not set!
      QoRTs has ATTEMPTED to determine the maximum read length (51).
      It is STRONGLY recommended that you use the --maxReadLength option 
      to set the maximum possible read length, or else errors may occur if/when 
      reads longer than 51 appear.
Done checking first 10000 reads. WARNINGS FOUND!
SAMRecord Reader Generated. Read length: 51.
[Time: 2023-02-25 04:32:34] [Mem usage: [520MB / 1174MB]] [Elapsed Time: 00:00:02.0968]
Compiling flat feature annotation, internally in memory...
Internal flat feature annotation compiled!
QC Utilities Generated!
[Time: 2023-02-25 04:34:05] [Mem usage: [1476MB / 15GB]] [Elapsed Time: 00:01:33.0682]
..........[1000000 Read-Pairs processed] [Time: 2023-02-25 04:35:01] 
..........[2000000 Read-Pairs processed] [Time: 2023-02-25 04:35:44] 
..........[3000000 Read-Pairs processed] [Time: 2023-02-25 04:36:27] 
..........[4000000 Read-Pairs processed] [Time: 2023-02-25 04:37:11] 
..........[5000000 Read-Pairs processed] [Time: 2023-02-25 04:37:59] 
..........[6000000 Read-Pairs processed] [Time: 2023-02-25 04:38:43] 
..........[7000000 Read-Pairs processed] [Time: 2023-02-25 04:39:27] 
..........[8000000 Read-Pairs processed] [Time: 2023-02-25 04:40:13] 
..........[9000000 Read-Pairs processed] [Time: 2023-02-25 04:40:55] 
..........[10000000 Read-Pairs processed] [Time: 2023-02-25 04:41:37] 
..........[11000000 Read-Pairs processed] [Time: 2023-02-25 04:42:00] 
..........[12000000 Read-Pairs processed] [Time: 2023-02-25 04:42:01] 
..........[13000000 Read-Pairs processed] [Time: 2023-02-25 04:42:02] 
..........[14000000 Read-Pairs processed] [Time: 2023-02-25 04:42:06] 
..........[15000000 Read-Pairs processed] [Time: 2023-02-25 04:42:48] 
..........[16000000 Read-Pairs processed] [Time: 2023-02-25 04:43:25] 
..........[17000000 Read-Pairs processed] [Time: 2023-02-25 04:44:05] 
..........[18000000 Read-Pairs processed] [Time: 2023-02-25 04:44:43] 
..........[19000000 Read-Pairs processed] [Time: 2023-02-25 04:45:25] 
..........[20000000 Read-Pairs processed] [Time: 2023-02-25 04:46:08] 
..........[21000000 Read-Pairs processed] [Time: 2023-02-25 04:46:49] 
..........[22000000 Read-Pairs processed] [Time: 2023-02-25 04:47:17] 
..........[23000000 Read-Pairs processed] [Time: 2023-02-25 04:47:59] 
..........[24000000 Read-Pairs processed] [Time: 2023-02-25 04:48:43] 
..........[25000000 Read-Pairs processed] [Time: 2023-02-25 04:49:25] 
..........[26000000 Read-Pairs processed] [Time: 2023-02-25 04:50:10] 
..........[27000000 Read-Pairs processed] [Time: 2023-02-25 04:50:53] 
..........[28000000 Read-Pairs processed] [Time: 2023-02-25 04:51:35] 
..........[29000000 Read-Pairs processed] [Time: 2023-02-25 04:52:15] 
..........[30000000 Read-Pairs processed] [Time: 2023-02-25 04:52:57] 
..........[31000000 Read-Pairs processed] [Time: 2023-02-25 04:53:42] 
..........[32000000 Read-Pairs processed] [Time: 2023-02-25 04:54:07] 
..........[33000000 Read-Pairs processed] [Time: 2023-02-25 04:54:42] 
..........[34000000 Read-Pairs processed] [Time: 2023-02-25 04:55:27] 
..........[35000000 Read-Pairs processed] [Time: 2023-02-25 04:56:10] 
..........[36000000 Read-Pairs processed] [Time: 2023-02-25 04:56:53] 
..........[37000000 Read-Pairs processed] [Time: 2023-02-25 04:57:37] 
..........[38000000 Read-Pairs processed] [Time: 2023-02-25 04:58:19] 
..........[39000000 Read-Pairs processed] [Time: 2023-02-25 04:59:02] 
..........[40000000 Read-Pairs processed] [Time: 2023-02-25 04:59:46] 
..........[41000000 Read-Pairs processed] [Time: 2023-02-25 05:00:31] 
..........[42000000 Read-Pairs processed] [Time: 2023-02-25 05:01:12] 
..........[43000000 Read-Pairs processed] [Time: 2023-02-25 05:01:51] 
..........[44000000 Read-Pairs processed] [Time: 2023-02-25 05:02:26] 
..........[45000000 Read-Pairs processed] [Time: 2023-02-25 05:03:13] 
..........[46000000 Read-Pairs processed] [Time: 2023-02-25 05:03:58] 
..........[47000000 Read-Pairs processed] [Time: 2023-02-25 05:04:43] 
..........[48000000 Read-Pairs processed] [Time: 2023-02-25 05:05:23] 
..........[49000000 Read-Pairs processed] [Time: 2023-02-25 05:06:09] 
..........[50000000 Read-Pairs processed] [Time: 2023-02-25 05:06:51] 
..........[51000000 Read-Pairs processed] [Time: 2023-02-25 05:07:37] 
..........[52000000 Read-Pairs processed] [Time: 2023-02-25 05:08:11] 
..........[53000000 Read-Pairs processed] [Time: 2023-02-25 05:08:50] 
..........[54000000 Read-Pairs processed] [Time: 2023-02-25 05:09:40] 
..........[55000000 Read-Pairs processed] [Time: 2023-02-25 05:10:23] 
..........[56000000 Read-Pairs processed] [Time: 2023-02-25 05:11:09] 
..........[57000000 Read-Pairs processed] [Time: 2023-02-25 05:11:49] 
..........[58000000 Read-Pairs processed] [Time: 2023-02-25 05:12:18] 
...
Finished reading SAM. Read: 58342095 reads/read-pairs.
Finished reading SAM. Used: 46130035 reads/read-pairs.
[Time: 2023-02-25 05:12:24] [Mem usage: [6GB / 17GB]] [Elapsed Time: 00:39:52.0620]
> Read Stats:
>   READ_PAIR_OK                   46130035
>   TOTAL_READ_PAIRS               58342095
>   DROPPED_NOT_PROPER_PAIR        -1
>   DROPPED_READ_FAILS_VENDOR_QC   0
>   DROPPED_MARKED_NOT_VALID       0
>   DROPPED_CHROMS_MISMATCH        -1
>   DROPPED_PAIR_STRANDS_MISMATCH  -1
>   DROPPED_IGNORED_CHROMOSOME     0
>   DROPPED_NOT_UNIQUE_ALIGNMENT   12212060
>   DROPPED_NO_ALN_BLOCKS   0
>   DROPPED_NOT_MARKED_RG   -1
Pre-alignment read count unknown (Set --seqReadCt or --rawfastq)
Writing Output...
QoRTs completed WITH WARNINGS! See log for details.
Generating plots...
Creating Directory: /athena/angsd/scratch/xil4009/SMG6_RNA_SEQ/alignment_qc/SRR16684385/QCplots
Successfully Created Directory: /athena/angsd/scratch/xil4009/SMG6_RNA_SEQ/alignment_qc/SRR16684385/QCplots
 > Starting R execution. (generating plots)
 > Finished R execution.
Done.
Time spent on setup:           00:01:33.0682
Time spent on SAM iteration:   00:38:18.0938
                               (0.6564728263529103 minutes per million read-pairs)
                               (0.8302616722488938 minutes per million read-pairs used)
Time spent on file output:     00:01:07.0013
Total runtime:                 00:40:59.0633
Done. (Sat Feb 25 05:13:31 EST 2023)
 
--------------- Script Termination ----------------
