making fastqc dir /athena/angsd/scratch/xil4009/SMG6_RNA_SEQ/fastq_raw/../fastq_trimmed
---------------TrimGlaore SRR16684375----------------
Multicore support not enabled. Proceeding with single-core trimming.
Path to Cutadapt set as: 'cutadapt' (default)
Cutadapt seems to be working fine (tested command 'cutadapt --version')
Cutadapt version: 4.2
single-core operation.
igzip command line interface 2.30.0
igzip detected. Using igzip for decompressing

No quality encoding type selected. Assuming that the data provided uses Sanger encoded Phred scores (default)

Output will be written into the directory: /athena/angsd/scratch/xil4009/SMG6_RNA_SEQ/fastq_trimmed/
Writing report to '/athena/angsd/scratch/xil4009/SMG6_RNA_SEQ/fastq_trimmed/SRR16684375.fastq.gz_trimming_report.txt'

SUMMARISING RUN PARAMETERS
==========================
Input filename: /athena/angsd/scratch/xil4009/SMG6_RNA_SEQ/fastq_raw/SRR16684375.fastq.gz
Trimming mode: single-end
Trim Galore version: 0.6.9
Cutadapt version: 4.2
Number of cores used for trimming: 1
Quality Phred score cutoff: 20
Quality encoding type selected: ASCII+33
Adapter sequence: 'AGATCGGAAGAGC' (Illumina TruSeq, Sanger iPCR; user defined)
Maximum trimming error rate: 0.1 (default)
Minimum required adapter overlap (stringency): 1 bp
Minimum required sequence length before a sequence gets removed: 20 bp
Output file(s) will be GZIP compressed

Cutadapt seems to be fairly up-to-date (version 4.2). Setting -j 1
Writing final adapter and quality trimmed output to SRR16684375_trimmed.fq.gz


  >>> Now performing quality (cutoff '-q 20') and adapter trimming in a single pass for the adapter sequence: 'AGATCGGAAGAGC' from file /athena/angsd/scratch/xil4009/SMG6_RNA_SEQ/fastq_raw/SRR16684375.fastq.gz <<< 
10000000 sequences processed
20000000 sequences processed
30000000 sequences processed
40000000 sequences processed
50000000 sequences processed
This is cutadapt 4.2 with Python 3.10.8
Command line parameters: -j 1 -e 0.1 -q 20 -O 1 -a AGATCGGAAGAGC /athena/angsd/scratch/xil4009/SMG6_RNA_SEQ/fastq_raw/SRR16684375.fastq.gz
Processing single-end reads on 1 core ...
Finished in 988.765 s (17.604 µs/read; 3.41 M reads/minute).

=== Summary ===

Total reads processed:              56,167,603
Reads with adapters:                17,686,069 (31.5%)
Reads written (passing filters):    56,167,603 (100.0%)

Total basepairs processed: 2,864,547,753 bp
Quality-trimmed:              29,979,014 bp (1.0%)
Total written (filtered):  2,809,278,167 bp (98.1%)

=== Adapter 1 ===

Sequence: AGATCGGAAGAGC; Type: regular 3'; Length: 13; Trimmed: 17686069 times

Minimum overlap: 1
No. of allowed errors:
1-9 bp: 0; 10-13 bp: 1

Bases preceding removed adapters:
  A: 27.6%
  C: 35.7%
  G: 19.7%
  T: 17.0%
  none/other: 0.0%

Overview of removed sequences
length	count	expect	max.err	error counts
1	12148011	14041900.8	0	12148011
2	4293205	3510475.2	0	4293205
3	978707	877618.8	0	978707
4	191086	219404.7	0	191086
5	50883	54851.2	0	50883
6	3642	13712.8	0	3642
7	2539	3428.2	0	2539
8	716	857.0	0	716
9	1511	214.3	0	587 924
10	1472	53.6	1	464 1008
11	947	13.4	1	366 581
12	573	3.3	1	364 209
13	353	0.8	1	285 68
14	312	0.8	1	244 68
15	367	0.8	1	265 102
16	276	0.8	1	185 91
17	227	0.8	1	186 41
18	235	0.8	1	173 62
19	155	0.8	1	95 60
20	173	0.8	1	118 55
21	149	0.8	1	105 44
22	126	0.8	1	80 46
23	147	0.8	1	76 71
24	147	0.8	1	84 63
25	116	0.8	1	50 66
26	108	0.8	1	60 48
27	123	0.8	1	59 64
28	154	0.8	1	100 54
29	128	0.8	1	77 51
30	235	0.8	1	124 111
31	141	0.8	1	57 84
32	154	0.8	1	93 61
33	403	0.8	1	352 51
34	116	0.8	1	76 40
35	117	0.8	1	60 57
36	164	0.8	1	116 48
37	106	0.8	1	62 44
38	110	0.8	1	75 35
39	135	0.8	1	74 61
40	83	0.8	1	45 38
41	75	0.8	1	35 40
42	119	0.8	1	69 50
43	101	0.8	1	44 57
44	100	0.8	1	59 41
45	152	0.8	1	35 117
46	208	0.8	1	72 136
47	112	0.8	1	35 77
48	218	0.8	1	82 136
49	146	0.8	1	32 114
50	99	0.8	1	22 77
51	6387	0.8	1	45 6342

RUN STATISTICS FOR INPUT FILE: /athena/angsd/scratch/xil4009/SMG6_RNA_SEQ/fastq_raw/SRR16684375.fastq.gz
=============================================
56167603 sequences processed in total
Sequences removed because they became shorter than the length cutoff of 20 bp:	40412 (0.1%)

 
---------------TrimGlaore SRR16684376----------------
Multicore support not enabled. Proceeding with single-core trimming.
Path to Cutadapt set as: 'cutadapt' (default)
Cutadapt seems to be working fine (tested command 'cutadapt --version')
Cutadapt version: 4.2
single-core operation.
igzip command line interface 2.30.0
igzip detected. Using igzip for decompressing

No quality encoding type selected. Assuming that the data provided uses Sanger encoded Phred scores (default)

Output will be written into the directory: /athena/angsd/scratch/xil4009/SMG6_RNA_SEQ/fastq_trimmed/
Writing report to '/athena/angsd/scratch/xil4009/SMG6_RNA_SEQ/fastq_trimmed/SRR16684376.fastq.gz_trimming_report.txt'

SUMMARISING RUN PARAMETERS
==========================
Input filename: /athena/angsd/scratch/xil4009/SMG6_RNA_SEQ/fastq_raw/SRR16684376.fastq.gz
Trimming mode: single-end
Trim Galore version: 0.6.9
Cutadapt version: 4.2
Number of cores used for trimming: 1
Quality Phred score cutoff: 20
Quality encoding type selected: ASCII+33
Adapter sequence: 'AGATCGGAAGAGC' (Illumina TruSeq, Sanger iPCR; user defined)
Maximum trimming error rate: 0.1 (default)
Minimum required adapter overlap (stringency): 1 bp
Minimum required sequence length before a sequence gets removed: 20 bp
Output file(s) will be GZIP compressed

Cutadapt seems to be fairly up-to-date (version 4.2). Setting -j 1
Writing final adapter and quality trimmed output to SRR16684376_trimmed.fq.gz


  >>> Now performing quality (cutoff '-q 20') and adapter trimming in a single pass for the adapter sequence: 'AGATCGGAAGAGC' from file /athena/angsd/scratch/xil4009/SMG6_RNA_SEQ/fastq_raw/SRR16684376.fastq.gz <<< 
10000000 sequences processed
20000000 sequences processed
30000000 sequences processed
40000000 sequences processed
50000000 sequences processed
60000000 sequences processed
This is cutadapt 4.2 with Python 3.10.8
Command line parameters: -j 1 -e 0.1 -q 20 -O 1 -a AGATCGGAAGAGC /athena/angsd/scratch/xil4009/SMG6_RNA_SEQ/fastq_raw/SRR16684376.fastq.gz
Processing single-end reads on 1 core ...
Finished in 1111.404 s (18.240 µs/read; 3.29 M reads/minute).

=== Summary ===

Total reads processed:              60,930,832
Reads with adapters:                19,389,226 (31.8%)
Reads written (passing filters):    60,930,832 (100.0%)

Total basepairs processed: 3,107,472,432 bp
Quality-trimmed:              32,060,811 bp (1.0%)
Total written (filtered):  3,047,682,665 bp (98.1%)

=== Adapter 1 ===

Sequence: AGATCGGAAGAGC; Type: regular 3'; Length: 13; Trimmed: 19389226 times

Minimum overlap: 1
No. of allowed errors:
1-9 bp: 0; 10-13 bp: 1

Bases preceding removed adapters:
  A: 28.6%
  C: 34.4%
  G: 19.6%
  T: 17.3%
  none/other: 0.0%

Overview of removed sequences
length	count	expect	max.err	error counts
1	13447794	15232708.0	0	13447794
2	4556189	3808177.0	0	4556189
3	1084097	952044.2	0	1084097
4	213965	238011.1	0	213965
5	56369	59502.8	0	56369
6	4175	14875.7	0	4175
7	2751	3718.9	0	2751
8	1016	929.7	0	1016
9	1827	232.4	0	883 944
10	1940	58.1	1	789 1151
11	1163	14.5	1	560 603
12	838	3.6	1	594 244
13	574	0.9	1	496 78
14	496	0.9	1	377 119
15	494	0.9	1	386 108
16	415	0.9	1	331 84
17	388	0.9	1	319 69
18	350	0.9	1	263 87
19	216	0.9	1	164 52
20	250	0.9	1	164 86
21	200	0.9	1	154 46
22	229	0.9	1	166 63
23	170	0.9	1	97 73
24	185	0.9	1	110 75
25	151	0.9	1	85 66
26	156	0.9	1	90 66
27	174	0.9	1	99 75
28	200	0.9	1	151 49
29	148	0.9	1	93 55
30	344	0.9	1	219 125
31	162	0.9	1	70 92
32	230	0.9	1	153 77
33	497	0.9	1	447 50
34	132	0.9	1	86 46
35	162	0.9	1	98 64
36	261	0.9	1	219 42
37	144	0.9	1	101 43
38	176	0.9	1	108 68
39	181	0.9	1	114 67
40	98	0.9	1	62 36
41	125	0.9	1	66 59
42	162	0.9	1	111 51
43	183	0.9	1	101 82
44	194	0.9	1	86 108
45	198	0.9	1	70 128
46	264	0.9	1	89 175
47	177	0.9	1	55 122
48	382	0.9	1	123 259
49	158	0.9	1	44 114
50	117	0.9	1	21 96
51	7959	0.9	1	53 7906

RUN STATISTICS FOR INPUT FILE: /athena/angsd/scratch/xil4009/SMG6_RNA_SEQ/fastq_raw/SRR16684376.fastq.gz
=============================================
60930832 sequences processed in total
Sequences removed because they became shorter than the length cutoff of 20 bp:	46980 (0.1%)

 
---------------TrimGlaore SRR16684377----------------
Multicore support not enabled. Proceeding with single-core trimming.
Path to Cutadapt set as: 'cutadapt' (default)
Cutadapt seems to be working fine (tested command 'cutadapt --version')
Cutadapt version: 4.2
single-core operation.
igzip command line interface 2.30.0
igzip detected. Using igzip for decompressing

No quality encoding type selected. Assuming that the data provided uses Sanger encoded Phred scores (default)

Output will be written into the directory: /athena/angsd/scratch/xil4009/SMG6_RNA_SEQ/fastq_trimmed/
Writing report to '/athena/angsd/scratch/xil4009/SMG6_RNA_SEQ/fastq_trimmed/SRR16684377.fastq.gz_trimming_report.txt'

SUMMARISING RUN PARAMETERS
==========================
Input filename: /athena/angsd/scratch/xil4009/SMG6_RNA_SEQ/fastq_raw/SRR16684377.fastq.gz
Trimming mode: single-end
Trim Galore version: 0.6.9
Cutadapt version: 4.2
Number of cores used for trimming: 1
Quality Phred score cutoff: 20
Quality encoding type selected: ASCII+33
Adapter sequence: 'AGATCGGAAGAGC' (Illumina TruSeq, Sanger iPCR; user defined)
Maximum trimming error rate: 0.1 (default)
Minimum required adapter overlap (stringency): 1 bp
Minimum required sequence length before a sequence gets removed: 20 bp
Output file(s) will be GZIP compressed

Cutadapt seems to be fairly up-to-date (version 4.2). Setting -j 1
Writing final adapter and quality trimmed output to SRR16684377_trimmed.fq.gz


  >>> Now performing quality (cutoff '-q 20') and adapter trimming in a single pass for the adapter sequence: 'AGATCGGAAGAGC' from file /athena/angsd/scratch/xil4009/SMG6_RNA_SEQ/fastq_raw/SRR16684377.fastq.gz <<< 
10000000 sequences processed
20000000 sequences processed
30000000 sequences processed
40000000 sequences processed
50000000 sequences processed
This is cutadapt 4.2 with Python 3.10.8
Command line parameters: -j 1 -e 0.1 -q 20 -O 1 -a AGATCGGAAGAGC /athena/angsd/scratch/xil4009/SMG6_RNA_SEQ/fastq_raw/SRR16684377.fastq.gz
Processing single-end reads on 1 core ...
Finished in 910.091 s (17.742 µs/read; 3.38 M reads/minute).

=== Summary ===

Total reads processed:              51,297,008
Reads with adapters:                15,922,137 (31.0%)
Reads written (passing filters):    51,297,008 (100.0%)

Total basepairs processed: 2,616,147,408 bp
Quality-trimmed:              29,687,866 bp (1.1%)
Total written (filtered):  2,563,066,034 bp (98.0%)

=== Adapter 1 ===

Sequence: AGATCGGAAGAGC; Type: regular 3'; Length: 13; Trimmed: 15922137 times

Minimum overlap: 1
No. of allowed errors:
1-9 bp: 0; 10-13 bp: 1

Bases preceding removed adapters:
  A: 27.5%
  C: 35.1%
  G: 20.5%
  T: 16.8%
  none/other: 0.1%

Overview of removed sequences
length	count	expect	max.err	error counts
1	10947516	12824252.0	0	10947516
2	3829833	3206063.0	0	3829833
3	881033	801515.8	0	881033
4	173861	200378.9	0	173861
5	48688	50094.7	0	48688
6	4239	12523.7	0	4239
7	2971	3130.9	0	2971
8	1451	782.7	0	1451
9	2129	195.7	0	1319 810
10	2004	48.9	1	1119 885
11	1359	12.2	1	852 507
12	1056	3.1	1	826 230
13	776	0.8	1	695 81
14	634	0.8	1	553 81
15	704	0.8	1	607 97
16	596	0.8	1	492 104
17	529	0.8	1	468 61
18	472	0.8	1	399 73
19	339	0.8	1	277 62
20	375	0.8	1	283 92
21	302	0.8	1	254 48
22	305	0.8	1	232 73
23	202	0.8	1	137 65
24	190	0.8	1	138 52
25	212	0.8	1	121 91
26	136	0.8	1	84 52
27	155	0.8	1	74 81
28	209	0.8	1	155 54
29	137	0.8	1	82 55
30	235	0.8	1	131 104
31	135	0.8	1	68 67
32	166	0.8	1	109 57
33	353	0.8	1	286 67
34	146	0.8	1	89 57
35	143	0.8	1	88 55
36	194	0.8	1	141 53
37	149	0.8	1	85 64
38	141	0.8	1	82 59
39	163	0.8	1	79 84
40	104	0.8	1	54 50
41	82	0.8	1	39 43
42	132	0.8	1	73 59
43	162	0.8	1	60 102
44	190	0.8	1	60 130
45	262	0.8	1	27 235
46	280	0.8	1	62 218
47	192	0.8	1	42 150
48	364	0.8	1	95 269
49	190	0.8	1	32 158
50	148	0.8	1	13 135
51	15793	0.8	1	42 15751

RUN STATISTICS FOR INPUT FILE: /athena/angsd/scratch/xil4009/SMG6_RNA_SEQ/fastq_raw/SRR16684377.fastq.gz
=============================================
51297008 sequences processed in total
Sequences removed because they became shorter than the length cutoff of 20 bp:	54992 (0.1%)

 
---------------TrimGlaore SRR16684378----------------
Multicore support not enabled. Proceeding with single-core trimming.
Path to Cutadapt set as: 'cutadapt' (default)
Cutadapt seems to be working fine (tested command 'cutadapt --version')
Cutadapt version: 4.2
single-core operation.
igzip command line interface 2.30.0
igzip detected. Using igzip for decompressing

No quality encoding type selected. Assuming that the data provided uses Sanger encoded Phred scores (default)

Output will be written into the directory: /athena/angsd/scratch/xil4009/SMG6_RNA_SEQ/fastq_trimmed/
Writing report to '/athena/angsd/scratch/xil4009/SMG6_RNA_SEQ/fastq_trimmed/SRR16684378.fastq.gz_trimming_report.txt'

SUMMARISING RUN PARAMETERS
==========================
Input filename: /athena/angsd/scratch/xil4009/SMG6_RNA_SEQ/fastq_raw/SRR16684378.fastq.gz
Trimming mode: single-end
Trim Galore version: 0.6.9
Cutadapt version: 4.2
Number of cores used for trimming: 1
Quality Phred score cutoff: 20
Quality encoding type selected: ASCII+33
Adapter sequence: 'AGATCGGAAGAGC' (Illumina TruSeq, Sanger iPCR; user defined)
Maximum trimming error rate: 0.1 (default)
Minimum required adapter overlap (stringency): 1 bp
Minimum required sequence length before a sequence gets removed: 20 bp
Output file(s) will be GZIP compressed

Cutadapt seems to be fairly up-to-date (version 4.2). Setting -j 1
Writing final adapter and quality trimmed output to SRR16684378_trimmed.fq.gz


  >>> Now performing quality (cutoff '-q 20') and adapter trimming in a single pass for the adapter sequence: 'AGATCGGAAGAGC' from file /athena/angsd/scratch/xil4009/SMG6_RNA_SEQ/fastq_raw/SRR16684378.fastq.gz <<< 
10000000 sequences processed
20000000 sequences processed
30000000 sequences processed
40000000 sequences processed
This is cutadapt 4.2 with Python 3.10.8
Command line parameters: -j 1 -e 0.1 -q 20 -O 1 -a AGATCGGAAGAGC /athena/angsd/scratch/xil4009/SMG6_RNA_SEQ/fastq_raw/SRR16684378.fastq.gz
Processing single-end reads on 1 core ...
Finished in 881.578 s (17.720 µs/read; 3.39 M reads/minute).

=== Summary ===

Total reads processed:              49,751,422
Reads with adapters:                15,849,961 (31.9%)
Reads written (passing filters):    49,751,422 (100.0%)

Total basepairs processed: 2,537,322,522 bp
Quality-trimmed:              25,465,621 bp (1.0%)
Total written (filtered):  2,489,239,865 bp (98.1%)

=== Adapter 1 ===

Sequence: AGATCGGAAGAGC; Type: regular 3'; Length: 13; Trimmed: 15849961 times

Minimum overlap: 1
No. of allowed errors:
1-9 bp: 0; 10-13 bp: 1

Bases preceding removed adapters:
  A: 27.9%
  C: 35.3%
  G: 20.0%
  T: 16.8%
  none/other: 0.0%

Overview of removed sequences
length	count	expect	max.err	error counts
1	10898724	12437855.5	0	10898724
2	3816082	3109463.9	0	3816082
3	886714	777366.0	0	886714
4	176384	194341.5	0	176384
5	45933	48585.4	0	45933
6	4339	12146.3	0	4339
7	3178	3036.6	0	3178
8	1401	759.1	0	1401
9	2045	189.8	0	1255 790
10	2034	47.4	1	1058 976
11	1349	11.9	1	802 547
12	968	3.0	1	788 180
13	627	0.7	1	555 72
14	565	0.7	1	500 65
15	527	0.7	1	441 86
16	440	0.7	1	367 73
17	386	0.7	1	336 50
18	368	0.7	1	306 62
19	256	0.7	1	206 50
20	257	0.7	1	192 65
21	212	0.7	1	164 48
22	190	0.7	1	133 57
23	160	0.7	1	88 72
24	140	0.7	1	90 50
25	157	0.7	1	84 73
26	126	0.7	1	60 66
27	107	0.7	1	51 56
28	150	0.7	1	100 50
29	116	0.7	1	58 58
30	192	0.7	1	91 101
31	95	0.7	1	30 65
32	122	0.7	1	68 54
33	224	0.7	1	167 57
34	82	0.7	1	52 30
35	112	0.7	1	68 44
36	126	0.7	1	101 25
37	91	0.7	1	51 40
38	93	0.7	1	51 42
39	140	0.7	1	67 73
40	110	0.7	1	57 53
41	64	0.7	1	27 37
42	101	0.7	1	64 37
43	72	0.7	1	29 43
44	54	0.7	1	25 29
45	94	0.7	1	23 71
46	210	0.7	1	44 166
47	197	0.7	1	33 164
48	211	0.7	1	63 148
49	122	0.7	1	29 93
50	218	0.7	1	10 208
51	3296	0.7	1	30 3266

RUN STATISTICS FOR INPUT FILE: /athena/angsd/scratch/xil4009/SMG6_RNA_SEQ/fastq_raw/SRR16684378.fastq.gz
=============================================
49751422 sequences processed in total
Sequences removed because they became shorter than the length cutoff of 20 bp:	33624 (0.1%)

 
---------------TrimGlaore SRR16684379----------------
Multicore support not enabled. Proceeding with single-core trimming.
Path to Cutadapt set as: 'cutadapt' (default)
Cutadapt seems to be working fine (tested command 'cutadapt --version')
Cutadapt version: 4.2
single-core operation.
igzip command line interface 2.30.0
igzip detected. Using igzip for decompressing

No quality encoding type selected. Assuming that the data provided uses Sanger encoded Phred scores (default)

Output will be written into the directory: /athena/angsd/scratch/xil4009/SMG6_RNA_SEQ/fastq_trimmed/
Writing report to '/athena/angsd/scratch/xil4009/SMG6_RNA_SEQ/fastq_trimmed/SRR16684379.fastq.gz_trimming_report.txt'

SUMMARISING RUN PARAMETERS
==========================
Input filename: /athena/angsd/scratch/xil4009/SMG6_RNA_SEQ/fastq_raw/SRR16684379.fastq.gz
Trimming mode: single-end
Trim Galore version: 0.6.9
Cutadapt version: 4.2
Number of cores used for trimming: 1
Quality Phred score cutoff: 20
Quality encoding type selected: ASCII+33
Adapter sequence: 'AGATCGGAAGAGC' (Illumina TruSeq, Sanger iPCR; user defined)
Maximum trimming error rate: 0.1 (default)
Minimum required adapter overlap (stringency): 1 bp
Minimum required sequence length before a sequence gets removed: 20 bp
Output file(s) will be GZIP compressed

Cutadapt seems to be fairly up-to-date (version 4.2). Setting -j 1
Writing final adapter and quality trimmed output to SRR16684379_trimmed.fq.gz


  >>> Now performing quality (cutoff '-q 20') and adapter trimming in a single pass for the adapter sequence: 'AGATCGGAAGAGC' from file /athena/angsd/scratch/xil4009/SMG6_RNA_SEQ/fastq_raw/SRR16684379.fastq.gz <<< 
10000000 sequences processed
20000000 sequences processed
30000000 sequences processed
40000000 sequences processed
50000000 sequences processed
This is cutadapt 4.2 with Python 3.10.8
Command line parameters: -j 1 -e 0.1 -q 20 -O 1 -a AGATCGGAAGAGC /athena/angsd/scratch/xil4009/SMG6_RNA_SEQ/fastq_raw/SRR16684379.fastq.gz
Processing single-end reads on 1 core ...
Finished in 906.371 s (17.767 µs/read; 3.38 M reads/minute).

=== Summary ===

Total reads processed:              51,014,962
Reads with adapters:                16,170,771 (31.7%)
Reads written (passing filters):    51,014,962 (100.0%)

Total basepairs processed: 2,601,763,062 bp
Quality-trimmed:              27,714,585 bp (1.1%)
Total written (filtered):  2,550,430,176 bp (98.0%)

=== Adapter 1 ===

Sequence: AGATCGGAAGAGC; Type: regular 3'; Length: 13; Trimmed: 16170771 times

Minimum overlap: 1
No. of allowed errors:
1-9 bp: 0; 10-13 bp: 1

Bases preceding removed adapters:
  A: 28.1%
  C: 34.8%
  G: 20.0%
  T: 17.1%
  none/other: 0.1%

Overview of removed sequences
length	count	expect	max.err	error counts
1	11123929	12753740.5	0	11123929
2	3865084	3188435.1	0	3865084
3	911003	797108.8	0	911003
4	182432	199277.2	0	182432
5	49028	49819.3	0	49028
6	4507	12454.8	0	4507
7	3232	3113.7	0	3232
8	1547	778.4	0	1547
9	2180	194.6	0	1327 853
10	2248	48.7	1	1213 1035
11	1587	12.2	1	959 628
12	1103	3.0	1	836 267
13	846	0.8	1	723 123
14	677	0.8	1	568 109
15	671	0.8	1	554 117
16	558	0.8	1	450 108
17	564	0.8	1	464 100
18	506	0.8	1	425 81
19	373	0.8	1	289 84
20	367	0.8	1	272 95
21	254	0.8	1	197 57
22	266	0.8	1	183 83
23	200	0.8	1	121 79
24	177	0.8	1	117 60
25	146	0.8	1	81 65
26	120	0.8	1	76 44
27	108	0.8	1	45 63
28	161	0.8	1	101 60
29	115	0.8	1	61 54
30	243	0.8	1	140 103
31	170	0.8	1	63 107
32	153	0.8	1	81 72
33	390	0.8	1	309 81
34	153	0.8	1	77 76
35	163	0.8	1	93 70
36	205	0.8	1	123 82
37	163	0.8	1	107 56
38	117	0.8	1	52 65
39	155	0.8	1	50 105
40	97	0.8	1	51 46
41	86	0.8	1	25 61
42	127	0.8	1	70 57
43	124	0.8	1	48 76
44	122	0.8	1	52 70
45	168	0.8	1	21 147
46	395	0.8	1	61 334
47	453	0.8	1	48 405
48	396	0.8	1	84 312
49	279	0.8	1	28 251
50	711	0.8	1	9 702
51	11912	0.8	1	43 11869

RUN STATISTICS FOR INPUT FILE: /athena/angsd/scratch/xil4009/SMG6_RNA_SEQ/fastq_raw/SRR16684379.fastq.gz
=============================================
51014962 sequences processed in total
Sequences removed because they became shorter than the length cutoff of 20 bp:	50323 (0.1%)

 
---------------TrimGlaore SRR16684380----------------
Multicore support not enabled. Proceeding with single-core trimming.
Path to Cutadapt set as: 'cutadapt' (default)
Cutadapt seems to be working fine (tested command 'cutadapt --version')
Cutadapt version: 4.2
single-core operation.
igzip command line interface 2.30.0
igzip detected. Using igzip for decompressing

No quality encoding type selected. Assuming that the data provided uses Sanger encoded Phred scores (default)

Output will be written into the directory: /athena/angsd/scratch/xil4009/SMG6_RNA_SEQ/fastq_trimmed/
Writing report to '/athena/angsd/scratch/xil4009/SMG6_RNA_SEQ/fastq_trimmed/SRR16684380.fastq.gz_trimming_report.txt'

SUMMARISING RUN PARAMETERS
==========================
Input filename: /athena/angsd/scratch/xil4009/SMG6_RNA_SEQ/fastq_raw/SRR16684380.fastq.gz
Trimming mode: single-end
Trim Galore version: 0.6.9
Cutadapt version: 4.2
Number of cores used for trimming: 1
Quality Phred score cutoff: 20
Quality encoding type selected: ASCII+33
Adapter sequence: 'AGATCGGAAGAGC' (Illumina TruSeq, Sanger iPCR; user defined)
Maximum trimming error rate: 0.1 (default)
Minimum required adapter overlap (stringency): 1 bp
Minimum required sequence length before a sequence gets removed: 20 bp
Output file(s) will be GZIP compressed

Cutadapt seems to be fairly up-to-date (version 4.2). Setting -j 1
Writing final adapter and quality trimmed output to SRR16684380_trimmed.fq.gz


  >>> Now performing quality (cutoff '-q 20') and adapter trimming in a single pass for the adapter sequence: 'AGATCGGAAGAGC' from file /athena/angsd/scratch/xil4009/SMG6_RNA_SEQ/fastq_raw/SRR16684380.fastq.gz <<< 
10000000 sequences processed
20000000 sequences processed
30000000 sequences processed
40000000 sequences processed
50000000 sequences processed
This is cutadapt 4.2 with Python 3.10.8
Command line parameters: -j 1 -e 0.1 -q 20 -O 1 -a AGATCGGAAGAGC /athena/angsd/scratch/xil4009/SMG6_RNA_SEQ/fastq_raw/SRR16684380.fastq.gz
Processing single-end reads on 1 core ...
Finished in 1108.844 s (18.682 µs/read; 3.21 M reads/minute).

=== Summary ===

Total reads processed:              59,352,224
Reads with adapters:                18,850,413 (31.8%)
Reads written (passing filters):    59,352,224 (100.0%)

Total basepairs processed: 3,026,963,424 bp
Quality-trimmed:              30,956,325 bp (1.0%)
Total written (filtered):  2,968,966,402 bp (98.1%)

=== Adapter 1 ===

Sequence: AGATCGGAAGAGC; Type: regular 3'; Length: 13; Trimmed: 18850413 times

Minimum overlap: 1
No. of allowed errors:
1-9 bp: 0; 10-13 bp: 1

Bases preceding removed adapters:
  A: 28.5%
  C: 34.6%
  G: 19.7%
  T: 17.3%
  none/other: 0.1%

Overview of removed sequences
length	count	expect	max.err	error counts
1	13016924	14838056.0	0	13016924
2	4484453	3709514.0	0	4484453
3	1056077	927378.5	0	1056077
4	208853	231844.6	0	208853
5	53375	57961.2	0	53375
6	4378	14490.3	0	4378
7	2936	3622.6	0	2936
8	1098	905.6	0	1098
9	1988	226.4	0	974 1014
10	1891	56.6	1	808 1083
11	1142	14.2	1	568 574
12	805	3.5	1	584 221
13	507	0.9	1	431 76
14	456	0.9	1	370 86
15	434	0.9	1	330 104
16	349	0.9	1	269 80
17	344	0.9	1	275 69
18	319	0.9	1	237 82
19	222	0.9	1	168 54
20	246	0.9	1	193 53
21	179	0.9	1	129 50
22	155	0.9	1	102 53
23	148	0.9	1	87 61
24	124	0.9	1	72 52
25	146	0.9	1	73 73
26	113	0.9	1	54 59
27	105	0.9	1	43 62
28	147	0.9	1	91 56
29	135	0.9	1	70 65
30	272	0.9	1	135 137
31	145	0.9	1	46 99
32	104	0.9	1	57 47
33	287	0.9	1	234 53
34	120	0.9	1	77 43
35	124	0.9	1	60 64
36	188	0.9	1	149 39
37	126	0.9	1	85 41
38	134	0.9	1	81 53
39	120	0.9	1	68 52
40	92	0.9	1	52 40
41	85	0.9	1	34 51
42	138	0.9	1	95 43
43	130	0.9	1	65 65
44	91	0.9	1	52 39
45	113	0.9	1	27 86
46	302	0.9	1	79 223
47	207	0.9	1	68 139
48	387	0.9	1	127 260
49	237	0.9	1	57 180
50	667	0.9	1	9 658
51	8295	0.9	1	52 8243

RUN STATISTICS FOR INPUT FILE: /athena/angsd/scratch/xil4009/SMG6_RNA_SEQ/fastq_raw/SRR16684380.fastq.gz
=============================================
59352224 sequences processed in total
Sequences removed because they became shorter than the length cutoff of 20 bp:	46555 (0.1%)

 
---------------TrimGlaore SRR16684381----------------
Multicore support not enabled. Proceeding with single-core trimming.
Path to Cutadapt set as: 'cutadapt' (default)
Cutadapt seems to be working fine (tested command 'cutadapt --version')
Cutadapt version: 4.2
single-core operation.
igzip command line interface 2.30.0
igzip detected. Using igzip for decompressing

No quality encoding type selected. Assuming that the data provided uses Sanger encoded Phred scores (default)

Output will be written into the directory: /athena/angsd/scratch/xil4009/SMG6_RNA_SEQ/fastq_trimmed/
Writing report to '/athena/angsd/scratch/xil4009/SMG6_RNA_SEQ/fastq_trimmed/SRR16684381.fastq.gz_trimming_report.txt'

SUMMARISING RUN PARAMETERS
==========================
Input filename: /athena/angsd/scratch/xil4009/SMG6_RNA_SEQ/fastq_raw/SRR16684381.fastq.gz
Trimming mode: single-end
Trim Galore version: 0.6.9
Cutadapt version: 4.2
Number of cores used for trimming: 1
Quality Phred score cutoff: 20
Quality encoding type selected: ASCII+33
Adapter sequence: 'AGATCGGAAGAGC' (Illumina TruSeq, Sanger iPCR; user defined)
Maximum trimming error rate: 0.1 (default)
Minimum required adapter overlap (stringency): 1 bp
Minimum required sequence length before a sequence gets removed: 20 bp
Output file(s) will be GZIP compressed

Cutadapt seems to be fairly up-to-date (version 4.2). Setting -j 1
Writing final adapter and quality trimmed output to SRR16684381_trimmed.fq.gz


  >>> Now performing quality (cutoff '-q 20') and adapter trimming in a single pass for the adapter sequence: 'AGATCGGAAGAGC' from file /athena/angsd/scratch/xil4009/SMG6_RNA_SEQ/fastq_raw/SRR16684381.fastq.gz <<< 
10000000 sequences processed
20000000 sequences processed
30000000 sequences processed
40000000 sequences processed
50000000 sequences processed
This is cutadapt 4.2 with Python 3.10.8
Command line parameters: -j 1 -e 0.1 -q 20 -O 1 -a AGATCGGAAGAGC /athena/angsd/scratch/xil4009/SMG6_RNA_SEQ/fastq_raw/SRR16684381.fastq.gz
Processing single-end reads on 1 core ...
Finished in 947.979 s (18.125 µs/read; 3.31 M reads/minute).

=== Summary ===

Total reads processed:              52,303,371
Reads with adapters:                16,741,388 (32.0%)
Reads written (passing filters):    52,303,371 (100.0%)

Total basepairs processed: 2,667,471,921 bp
Quality-trimmed:              28,440,833 bp (1.1%)
Total written (filtered):  2,614,614,306 bp (98.0%)

=== Adapter 1 ===

Sequence: AGATCGGAAGAGC; Type: regular 3'; Length: 13; Trimmed: 16741388 times

Minimum overlap: 1
No. of allowed errors:
1-9 bp: 0; 10-13 bp: 1

Bases preceding removed adapters:
  A: 28.8%
  C: 34.1%
  G: 19.6%
  T: 17.3%
  none/other: 0.1%

Overview of removed sequences
length	count	expect	max.err	error counts
1	11560571	13075842.8	0	11560571
2	3952806	3268960.7	0	3952806
3	955359	817240.2	0	955359
4	189577	204310.0	0	189577
5	48374	51077.5	0	48374
6	3857	12769.4	0	3857
7	2617	3192.3	0	2617
8	915	798.1	0	915
9	1691	199.5	0	825 866
10	1761	49.9	1	720 1041
11	1059	12.5	1	483 576
12	699	3.1	1	484 215
13	425	0.8	1	342 83
14	354	0.8	1	289 65
15	358	0.8	1	272 86
16	267	0.8	1	206 61
17	301	0.8	1	249 52
18	248	0.8	1	171 77
19	148	0.8	1	100 48
20	195	0.8	1	134 61
21	160	0.8	1	110 50
22	146	0.8	1	95 51
23	144	0.8	1	62 82
24	120	0.8	1	57 63
25	140	0.8	1	65 75
26	117	0.8	1	41 76
27	100	0.8	1	45 55
28	136	0.8	1	80 56
29	115	0.8	1	60 55
30	180	0.8	1	82 98
31	103	0.8	1	34 69
32	114	0.8	1	59 55
33	214	0.8	1	167 47
34	86	0.8	1	49 37
35	115	0.8	1	53 62
36	150	0.8	1	108 42
37	112	0.8	1	68 44
38	121	0.8	1	80 41
39	164	0.8	1	69 95
40	102	0.8	1	46 56
41	93	0.8	1	36 57
42	136	0.8	1	75 61
43	102	0.8	1	37 65
44	91	0.8	1	48 43
45	124	0.8	1	22 102
46	286	0.8	1	69 217
47	223	0.8	1	51 172
48	368	0.8	1	108 260
49	279	0.8	1	43 236
50	920	0.8	1	14 906
51	14545	0.8	1	48 14497

RUN STATISTICS FOR INPUT FILE: /athena/angsd/scratch/xil4009/SMG6_RNA_SEQ/fastq_raw/SRR16684381.fastq.gz
=============================================
52303371 sequences processed in total
Sequences removed because they became shorter than the length cutoff of 20 bp:	52741 (0.1%)

 
---------------TrimGlaore SRR16684382----------------
Multicore support not enabled. Proceeding with single-core trimming.
Path to Cutadapt set as: 'cutadapt' (default)
Cutadapt seems to be working fine (tested command 'cutadapt --version')
Cutadapt version: 4.2
single-core operation.
igzip command line interface 2.30.0
igzip detected. Using igzip for decompressing

No quality encoding type selected. Assuming that the data provided uses Sanger encoded Phred scores (default)

Output will be written into the directory: /athena/angsd/scratch/xil4009/SMG6_RNA_SEQ/fastq_trimmed/
Writing report to '/athena/angsd/scratch/xil4009/SMG6_RNA_SEQ/fastq_trimmed/SRR16684382.fastq.gz_trimming_report.txt'

SUMMARISING RUN PARAMETERS
==========================
Input filename: /athena/angsd/scratch/xil4009/SMG6_RNA_SEQ/fastq_raw/SRR16684382.fastq.gz
Trimming mode: single-end
Trim Galore version: 0.6.9
Cutadapt version: 4.2
Number of cores used for trimming: 1
Quality Phred score cutoff: 20
Quality encoding type selected: ASCII+33
Adapter sequence: 'AGATCGGAAGAGC' (Illumina TruSeq, Sanger iPCR; user defined)
Maximum trimming error rate: 0.1 (default)
Minimum required adapter overlap (stringency): 1 bp
Minimum required sequence length before a sequence gets removed: 20 bp
Output file(s) will be GZIP compressed

Cutadapt seems to be fairly up-to-date (version 4.2). Setting -j 1
Writing final adapter and quality trimmed output to SRR16684382_trimmed.fq.gz


  >>> Now performing quality (cutoff '-q 20') and adapter trimming in a single pass for the adapter sequence: 'AGATCGGAAGAGC' from file /athena/angsd/scratch/xil4009/SMG6_RNA_SEQ/fastq_raw/SRR16684382.fastq.gz <<< 
10000000 sequences processed
20000000 sequences processed
30000000 sequences processed
40000000 sequences processed
50000000 sequences processed
60000000 sequences processed
This is cutadapt 4.2 with Python 3.10.8
Command line parameters: -j 1 -e 0.1 -q 20 -O 1 -a AGATCGGAAGAGC /athena/angsd/scratch/xil4009/SMG6_RNA_SEQ/fastq_raw/SRR16684382.fastq.gz
Processing single-end reads on 1 core ...
Finished in 1120.816 s (17.879 µs/read; 3.36 M reads/minute).

=== Summary ===

Total reads processed:              62,688,853
Reads with adapters:                19,864,015 (31.7%)
Reads written (passing filters):    62,688,853 (100.0%)

Total basepairs processed: 3,197,131,503 bp
Quality-trimmed:              34,579,291 bp (1.1%)
Total written (filtered):  3,134,270,945 bp (98.0%)

=== Adapter 1 ===

Sequence: AGATCGGAAGAGC; Type: regular 3'; Length: 13; Trimmed: 19864015 times

Minimum overlap: 1
No. of allowed errors:
1-9 bp: 0; 10-13 bp: 1

Bases preceding removed adapters:
  A: 28.3%
  C: 34.6%
  G: 19.8%
  T: 17.3%
  none/other: 0.0%

Overview of removed sequences
length	count	expect	max.err	error counts
1	13708689	15672213.2	0	13708689
2	4714827	3918053.3	0	4714827
3	1122740	979513.3	0	1122740
4	226649	244878.3	0	226649
5	60884	61219.6	0	60884
6	4785	15304.9	0	4785
7	3540	3826.2	0	3540
8	1369	956.6	0	1369
9	2267	239.1	0	1210 1057
10	2402	59.8	1	1223 1179
11	1489	14.9	1	812 677
12	1143	3.7	1	850 293
13	728	0.9	1	647 81
14	676	0.9	1	579 97
15	672	0.9	1	587 85
16	498	0.9	1	405 93
17	575	0.9	1	501 74
18	536	0.9	1	434 102
19	355	0.9	1	279 76
20	351	0.9	1	264 87
21	280	0.9	1	216 64
22	291	0.9	1	225 66
23	175	0.9	1	108 67
24	173	0.9	1	121 52
25	171	0.9	1	108 63
26	167	0.9	1	100 67
27	142	0.9	1	80 62
28	234	0.9	1	185 49
29	171	0.9	1	99 72
30	332	0.9	1	203 129
31	161	0.9	1	73 88
32	188	0.9	1	121 67
33	552	0.9	1	499 53
34	121	0.9	1	83 38
35	158	0.9	1	107 51
36	269	0.9	1	227 42
37	166	0.9	1	106 60
38	154	0.9	1	100 54
39	181	0.9	1	94 87
40	141	0.9	1	91 50
41	116	0.9	1	63 53
42	163	0.9	1	105 58
43	146	0.9	1	83 63
44	114	0.9	1	84 30
45	150	0.9	1	59 91
46	231	0.9	1	85 146
47	131	0.9	1	54 77
48	275	0.9	1	102 173
49	130	0.9	1	58 72
50	67	0.9	1	12 55
51	3090	0.9	1	54 3036

RUN STATISTICS FOR INPUT FILE: /athena/angsd/scratch/xil4009/SMG6_RNA_SEQ/fastq_raw/SRR16684382.fastq.gz
=============================================
62688853 sequences processed in total
Sequences removed because they became shorter than the length cutoff of 20 bp:	47099 (0.1%)

 
---------------TrimGlaore SRR16684383----------------
Multicore support not enabled. Proceeding with single-core trimming.
Path to Cutadapt set as: 'cutadapt' (default)
Cutadapt seems to be working fine (tested command 'cutadapt --version')
Cutadapt version: 4.2
single-core operation.
igzip command line interface 2.30.0
igzip detected. Using igzip for decompressing

No quality encoding type selected. Assuming that the data provided uses Sanger encoded Phred scores (default)

Output will be written into the directory: /athena/angsd/scratch/xil4009/SMG6_RNA_SEQ/fastq_trimmed/
Writing report to '/athena/angsd/scratch/xil4009/SMG6_RNA_SEQ/fastq_trimmed/SRR16684383.fastq.gz_trimming_report.txt'

SUMMARISING RUN PARAMETERS
==========================
Input filename: /athena/angsd/scratch/xil4009/SMG6_RNA_SEQ/fastq_raw/SRR16684383.fastq.gz
Trimming mode: single-end
Trim Galore version: 0.6.9
Cutadapt version: 4.2
Number of cores used for trimming: 1
Quality Phred score cutoff: 20
Quality encoding type selected: ASCII+33
Adapter sequence: 'AGATCGGAAGAGC' (Illumina TruSeq, Sanger iPCR; user defined)
Maximum trimming error rate: 0.1 (default)
Minimum required adapter overlap (stringency): 1 bp
Minimum required sequence length before a sequence gets removed: 20 bp
Output file(s) will be GZIP compressed

Cutadapt seems to be fairly up-to-date (version 4.2). Setting -j 1
Writing final adapter and quality trimmed output to SRR16684383_trimmed.fq.gz


  >>> Now performing quality (cutoff '-q 20') and adapter trimming in a single pass for the adapter sequence: 'AGATCGGAAGAGC' from file /athena/angsd/scratch/xil4009/SMG6_RNA_SEQ/fastq_raw/SRR16684383.fastq.gz <<< 
10000000 sequences processed
20000000 sequences processed
30000000 sequences processed
40000000 sequences processed
50000000 sequences processed
This is cutadapt 4.2 with Python 3.10.8
Command line parameters: -j 1 -e 0.1 -q 20 -O 1 -a AGATCGGAAGAGC /athena/angsd/scratch/xil4009/SMG6_RNA_SEQ/fastq_raw/SRR16684383.fastq.gz
Processing single-end reads on 1 core ...
Finished in 915.101 s (18.250 µs/read; 3.29 M reads/minute).

=== Summary ===

Total reads processed:              50,143,052
Reads with adapters:                15,933,737 (31.8%)
Reads written (passing filters):    50,143,052 (100.0%)

Total basepairs processed: 2,557,295,652 bp
Quality-trimmed:              26,077,590 bp (1.0%)
Total written (filtered):  2,508,680,406 bp (98.1%)

=== Adapter 1 ===

Sequence: AGATCGGAAGAGC; Type: regular 3'; Length: 13; Trimmed: 15933737 times

Minimum overlap: 1
No. of allowed errors:
1-9 bp: 0; 10-13 bp: 1

Bases preceding removed adapters:
  A: 28.1%
  C: 35.1%
  G: 19.8%
  T: 17.0%
  none/other: 0.0%

Overview of removed sequences
length	count	expect	max.err	error counts
1	10984444	12535763.0	0	10984444
2	3820806	3133940.8	0	3820806
3	889518	783485.2	0	889518
4	176760	195871.3	0	176760
5	45373	48967.8	0	45373
6	3244	12242.0	0	3244
7	2110	3060.5	0	2110
8	625	765.1	0	625
9	1271	191.3	0	500 771
10	1323	47.8	1	389 934
11	853	12.0	1	336 517
12	503	3.0	1	318 185
13	271	0.7	1	219 52
14	265	0.7	1	202 63
15	256	0.7	1	176 80
16	271	0.7	1	181 90
17	203	0.7	1	161 42
18	214	0.7	1	156 58
19	133	0.7	1	92 41
20	166	0.7	1	107 59
21	126	0.7	1	79 47
22	141	0.7	1	94 47
23	117	0.7	1	66 51
24	117	0.7	1	62 55
25	128	0.7	1	70 58
26	95	0.7	1	47 48
27	122	0.7	1	55 67
28	140	0.7	1	91 49
29	111	0.7	1	70 41
30	214	0.7	1	106 108
31	134	0.7	1	60 74
32	143	0.7	1	89 54
33	330	0.7	1	288 42
34	92	0.7	1	55 37
35	83	0.7	1	43 40
36	144	0.7	1	112 32
37	93	0.7	1	52 41
38	105	0.7	1	57 48
39	127	0.7	1	59 68
40	73	0.7	1	34 39
41	75	0.7	1	33 42
42	99	0.7	1	59 40
43	81	0.7	1	41 40
44	108	0.7	1	43 65
45	113	0.7	1	37 76
46	172	0.7	1	41 131
47	98	0.7	1	41 57
48	199	0.7	1	57 142
49	85	0.7	1	26 59
50	52	0.7	1	12 40
51	1411	0.7	1	31 1380

RUN STATISTICS FOR INPUT FILE: /athena/angsd/scratch/xil4009/SMG6_RNA_SEQ/fastq_raw/SRR16684383.fastq.gz
=============================================
50143052 sequences processed in total
Sequences removed because they became shorter than the length cutoff of 20 bp:	32122 (0.1%)

 
---------------TrimGlaore SRR16684384----------------
Multicore support not enabled. Proceeding with single-core trimming.
Path to Cutadapt set as: 'cutadapt' (default)
Cutadapt seems to be working fine (tested command 'cutadapt --version')
Cutadapt version: 4.2
single-core operation.
igzip command line interface 2.30.0
igzip detected. Using igzip for decompressing

No quality encoding type selected. Assuming that the data provided uses Sanger encoded Phred scores (default)

Output will be written into the directory: /athena/angsd/scratch/xil4009/SMG6_RNA_SEQ/fastq_trimmed/
Writing report to '/athena/angsd/scratch/xil4009/SMG6_RNA_SEQ/fastq_trimmed/SRR16684384.fastq.gz_trimming_report.txt'

SUMMARISING RUN PARAMETERS
==========================
Input filename: /athena/angsd/scratch/xil4009/SMG6_RNA_SEQ/fastq_raw/SRR16684384.fastq.gz
Trimming mode: single-end
Trim Galore version: 0.6.9
Cutadapt version: 4.2
Number of cores used for trimming: 1
Quality Phred score cutoff: 20
Quality encoding type selected: ASCII+33
Adapter sequence: 'AGATCGGAAGAGC' (Illumina TruSeq, Sanger iPCR; user defined)
Maximum trimming error rate: 0.1 (default)
Minimum required adapter overlap (stringency): 1 bp
Minimum required sequence length before a sequence gets removed: 20 bp
Output file(s) will be GZIP compressed

Cutadapt seems to be fairly up-to-date (version 4.2). Setting -j 1
Writing final adapter and quality trimmed output to SRR16684384_trimmed.fq.gz


  >>> Now performing quality (cutoff '-q 20') and adapter trimming in a single pass for the adapter sequence: 'AGATCGGAAGAGC' from file /athena/angsd/scratch/xil4009/SMG6_RNA_SEQ/fastq_raw/SRR16684384.fastq.gz <<< 
10000000 sequences processed
20000000 sequences processed
30000000 sequences processed
40000000 sequences processed
50000000 sequences processed
This is cutadapt 4.2 with Python 3.10.8
Command line parameters: -j 1 -e 0.1 -q 20 -O 1 -a AGATCGGAAGAGC /athena/angsd/scratch/xil4009/SMG6_RNA_SEQ/fastq_raw/SRR16684384.fastq.gz
Processing single-end reads on 1 core ...
Finished in 1020.457 s (18.909 µs/read; 3.17 M reads/minute).

=== Summary ===

Total reads processed:              53,967,404
Reads with adapters:                17,133,300 (31.7%)
Reads written (passing filters):    53,967,404 (100.0%)

Total basepairs processed: 2,752,337,604 bp
Quality-trimmed:              31,319,373 bp (1.1%)
Total written (filtered):  2,696,654,769 bp (98.0%)

=== Adapter 1 ===

Sequence: AGATCGGAAGAGC; Type: regular 3'; Length: 13; Trimmed: 17133300 times

Minimum overlap: 1
No. of allowed errors:
1-9 bp: 0; 10-13 bp: 1

Bases preceding removed adapters:
  A: 28.4%
  C: 34.6%
  G: 20.2%
  T: 16.8%
  none/other: 0.0%

Overview of removed sequences
length	count	expect	max.err	error counts
1	11792573	13491851.0	0	11792573
2	4119368	3372962.8	0	4119368
3	956859	843240.7	0	956859
4	190137	210810.2	0	190137
5	51017	52702.5	0	51017
6	3798	13175.6	0	3798
7	2526	3293.9	0	2526
8	1050	823.5	0	1050
9	1838	205.9	0	947 891
10	1791	51.5	1	771 1020
11	1194	12.9	1	634 560
12	856	3.2	1	655 201
13	522	0.8	1	451 71
14	457	0.8	1	374 83
15	475	0.8	1	378 97
16	383	0.8	1	304 79
17	367	0.8	1	306 61
18	350	0.8	1	292 58
19	232	0.8	1	180 52
20	239	0.8	1	172 67
21	206	0.8	1	155 51
22	183	0.8	1	124 59
23	203	0.8	1	137 66
24	167	0.8	1	103 64
25	167	0.8	1	102 65
26	144	0.8	1	85 59
27	122	0.8	1	79 43
28	168	0.8	1	124 44
29	126	0.8	1	81 45
30	277	0.8	1	191 86
31	110	0.8	1	58 52
32	157	0.8	1	95 62
33	533	0.8	1	475 58
34	167	0.8	1	106 61
35	158	0.8	1	110 48
36	155	0.8	1	119 36
37	110	0.8	1	60 50
38	114	0.8	1	76 38
39	116	0.8	1	57 59
40	108	0.8	1	59 49
41	85	0.8	1	33 52
42	97	0.8	1	65 32
43	83	0.8	1	36 47
44	80	0.8	1	49 31
45	96	0.8	1	22 74
46	222	0.8	1	59 163
47	164	0.8	1	41 123
48	264	0.8	1	76 188
49	121	0.8	1	30 91
50	220	0.8	1	15 205
51	2345	0.8	1	24 2321

RUN STATISTICS FOR INPUT FILE: /athena/angsd/scratch/xil4009/SMG6_RNA_SEQ/fastq_raw/SRR16684384.fastq.gz
=============================================
53967404 sequences processed in total
Sequences removed because they became shorter than the length cutoff of 20 bp:	43412 (0.1%)

 
---------------TrimGlaore SRR16684385----------------
Multicore support not enabled. Proceeding with single-core trimming.
Path to Cutadapt set as: 'cutadapt' (default)
Cutadapt seems to be working fine (tested command 'cutadapt --version')
Cutadapt version: 4.2
single-core operation.
igzip command line interface 2.30.0
igzip detected. Using igzip for decompressing

No quality encoding type selected. Assuming that the data provided uses Sanger encoded Phred scores (default)

Output will be written into the directory: /athena/angsd/scratch/xil4009/SMG6_RNA_SEQ/fastq_trimmed/
Writing report to '/athena/angsd/scratch/xil4009/SMG6_RNA_SEQ/fastq_trimmed/SRR16684385.fastq.gz_trimming_report.txt'

SUMMARISING RUN PARAMETERS
==========================
Input filename: /athena/angsd/scratch/xil4009/SMG6_RNA_SEQ/fastq_raw/SRR16684385.fastq.gz
Trimming mode: single-end
Trim Galore version: 0.6.9
Cutadapt version: 4.2
Number of cores used for trimming: 1
Quality Phred score cutoff: 20
Quality encoding type selected: ASCII+33
Adapter sequence: 'AGATCGGAAGAGC' (Illumina TruSeq, Sanger iPCR; user defined)
Maximum trimming error rate: 0.1 (default)
Minimum required adapter overlap (stringency): 1 bp
Minimum required sequence length before a sequence gets removed: 20 bp
Output file(s) will be GZIP compressed

Cutadapt seems to be fairly up-to-date (version 4.2). Setting -j 1
Writing final adapter and quality trimmed output to SRR16684385_trimmed.fq.gz


  >>> Now performing quality (cutoff '-q 20') and adapter trimming in a single pass for the adapter sequence: 'AGATCGGAAGAGC' from file /athena/angsd/scratch/xil4009/SMG6_RNA_SEQ/fastq_raw/SRR16684385.fastq.gz <<< 
10000000 sequences processed
20000000 sequences processed
30000000 sequences processed
40000000 sequences processed
50000000 sequences processed
60000000 sequences processed
This is cutadapt 4.2 with Python 3.10.8
Command line parameters: -j 1 -e 0.1 -q 20 -O 1 -a AGATCGGAAGAGC /athena/angsd/scratch/xil4009/SMG6_RNA_SEQ/fastq_raw/SRR16684385.fastq.gz
Processing single-end reads on 1 core ...
Finished in 1135.611 s (18.426 µs/read; 3.26 M reads/minute).

=== Summary ===

Total reads processed:              61,631,632
Reads with adapters:                19,706,813 (32.0%)
Reads written (passing filters):    61,631,632 (100.0%)

Total basepairs processed: 3,143,213,232 bp
Quality-trimmed:              32,016,819 bp (1.0%)
Total written (filtered):  3,083,156,445 bp (98.1%)

=== Adapter 1 ===

Sequence: AGATCGGAAGAGC; Type: regular 3'; Length: 13; Trimmed: 19706813 times

Minimum overlap: 1
No. of allowed errors:
1-9 bp: 0; 10-13 bp: 1

Bases preceding removed adapters:
  A: 28.6%
  C: 34.6%
  G: 20.2%
  T: 16.6%
  none/other: 0.0%

Overview of removed sequences
length	count	expect	max.err	error counts
1	13624228	15407908.0	0	13624228
2	4698321	3851977.0	0	4698321
3	1080008	962994.2	0	1080008
4	213462	240748.6	0	213462
5	57703	60187.1	0	57703
6	4985	15046.8	0	4985
7	3721	3761.7	0	3721
8	1650	940.4	0	1650
9	2430	235.1	0	1491 939
10	2495	58.8	1	1362 1133
11	1576	14.7	1	987 589
12	1190	3.7	1	950 240
13	838	0.9	1	754 84
14	749	0.9	1	656 93
15	701	0.9	1	594 107
16	598	0.9	1	496 102
17	580	0.9	1	503 77
18	513	0.9	1	430 83
19	371	0.9	1	296 75
20	414	0.9	1	335 79
21	298	0.9	1	247 51
22	271	0.9	1	212 59
23	228	0.9	1	160 68
24	227	0.9	1	162 65
25	195	0.9	1	128 67
26	158	0.9	1	102 56
27	182	0.9	1	111 71
28	263	0.9	1	193 70
29	205	0.9	1	130 75
30	364	0.9	1	247 117
31	182	0.9	1	109 73
32	237	0.9	1	171 66
33	757	0.9	1	696 61
34	182	0.9	1	113 69
35	172	0.9	1	110 62
36	233	0.9	1	190 43
37	174	0.9	1	113 61
38	182	0.9	1	107 75
39	188	0.9	1	105 83
40	139	0.9	1	88 51
41	155	0.9	1	79 76
42	141	0.9	1	81 60
43	115	0.9	1	79 36
44	120	0.9	1	80 40
45	137	0.9	1	30 107
46	424	0.9	1	111 313
47	284	0.9	1	52 232
48	363	0.9	1	129 234
49	168	0.9	1	37 131
50	366	0.9	1	19 347
51	3170	0.9	1	56 3114

RUN STATISTICS FOR INPUT FILE: /athena/angsd/scratch/xil4009/SMG6_RNA_SEQ/fastq_raw/SRR16684385.fastq.gz
=============================================
61631632 sequences processed in total
Sequences removed because they became shorter than the length cutoff of 20 bp:	43943 (0.1%)

 
--------------- Script Termination ----------------
