making new feature_counts_dir
/athena/angsd/scratch/xil4009/SMG6_RNA_SEQ/alignment_star/SRR16684376.Aligned.sortedByCoord.out.bam

        ==========     _____ _    _ ____  _____  ______          _____  
        =====         / ____| |  | |  _ \|  __ \|  ____|   /\   |  __ \ 
          =====      | (___ | |  | | |_) | |__) | |__     /  \  | |  | |
            ====      \___ \| |  | |  _ <|  _  /|  __|   / /\ \ | |  | |
              ====    ____) | |__| | |_) | | \ \| |____ / ____ \| |__| |
        ==========   |_____/ \____/|____/|_|  \_\______/_/    \_\_____/
	  v2.0.3

//========================== featureCounts setting ===========================\\
||                                                                            ||
||             Input files : 11 BAM files                                     ||
||                                                                            ||
||                           SRR16684376.Aligned.sortedByCoord.out.bam        ||
||                           SRR16684375.Aligned.sortedByCoord.out.bam        ||
||                           SRR16684380.Aligned.sortedByCoord.out.bam        ||
||                           SRR16684377.Aligned.sortedByCoord.out.bam        ||
||                           SRR16684381.Aligned.sortedByCoord.out.bam        ||
||                           SRR16684382.Aligned.sortedByCoord.out.bam        ||
||                           SRR16684383.Aligned.sortedByCoord.out.bam        ||
||                           SRR16684385.Aligned.sortedByCoord.out.bam        ||
||                           SRR16684384.Aligned.sortedByCoord.out.bam        ||
||                           SRR16684379.Aligned.sortedByCoord.out.bam        ||
||                           SRR16684378.Aligned.sortedByCoord.out.bam        ||
||                                                                            ||
||             Output file : featureCounts.txt                                ||
||                 Summary : featureCounts.txt.summary                        ||
||              Paired-end : no                                               ||
||        Count read pairs : no                                               ||
||              Annotation : Mus_musculus.GRCm39.109.gtf (GTF)                ||
||      Dir for temp files : /athena/angsd/scratch/xil4009/SMG6_RNA_SEQ/f ... ||
||                                                                            ||
||                 Threads : 1                                                ||
||                   Level : meta-feature level                               ||
||      Multimapping reads : not counted                                      ||
|| Multi-overlapping reads : not counted                                      ||
||   Min overlapping bases : 1                                                ||
||                                                                            ||
\\============================================================================//

//================================= Running ==================================\\
||                                                                            ||
|| Load annotation file Mus_musculus.GRCm39.109.gtf ...                       ||
||    Features : 868902                                                       ||
||    Meta-features : 57010                                                   ||
||    Chromosomes/contigs : 39                                                ||
||                                                                            ||
|| Process BAM file SRR16684376.Aligned.sortedByCoord.out.bam...              ||
||    Single-end reads are included.                                          ||
||    Total alignments : 84377007                                             ||
||    Successfully assigned alignments : 30974527 (36.7%)                     ||
||    Running time : 1.26 minutes                                             ||
||                                                                            ||
|| Process BAM file SRR16684375.Aligned.sortedByCoord.out.bam...              ||
||    Single-end reads are included.                                          ||
||    Total alignments : 80156159                                             ||
||    Successfully assigned alignments : 29285226 (36.5%)                     ||
||    Running time : 1.17 minutes                                             ||
||                                                                            ||
|| Process BAM file SRR16684380.Aligned.sortedByCoord.out.bam...              ||
||    Single-end reads are included.                                          ||
||    Total alignments : 82511488                                             ||
||    Successfully assigned alignments : 31226592 (37.8%)                     ||
||    Running time : 1.21 minutes                                             ||
||                                                                            ||
|| Process BAM file SRR16684377.Aligned.sortedByCoord.out.bam...              ||
||    Single-end reads are included.                                          ||
||    Total alignments : 73198319                                             ||
||    Successfully assigned alignments : 26108593 (35.7%)                     ||
||    Running time : 1.07 minutes                                             ||
||                                                                            ||
|| Process BAM file SRR16684381.Aligned.sortedByCoord.out.bam...              ||
||    Single-end reads are included.                                          ||
||    Total alignments : 70963859                                             ||
||    Successfully assigned alignments : 27639041 (38.9%)                     ||
||    Running time : 1.05 minutes                                             ||
||                                                                            ||
|| Process BAM file SRR16684382.Aligned.sortedByCoord.out.bam...              ||
||    Single-end reads are included.                                          ||
||    Total alignments : 85401114                                             ||
||    Successfully assigned alignments : 33201492 (38.9%)                     ||
||    Running time : 1.25 minutes                                             ||
||                                                                            ||
|| Process BAM file SRR16684383.Aligned.sortedByCoord.out.bam...              ||
||    Single-end reads are included.                                          ||
||    Total alignments : 70155826                                             ||
||    Successfully assigned alignments : 26576775 (37.9%)                     ||
||    Running time : 1.04 minutes                                             ||
||                                                                            ||
|| Process BAM file SRR16684385.Aligned.sortedByCoord.out.bam...              ||
||    Single-end reads are included.                                          ||
||    Total alignments : 86516616                                             ||
||    Successfully assigned alignments : 30151595 (34.9%)                     ||
||    Running time : 1.27 minutes                                             ||
||                                                                            ||
|| Process BAM file SRR16684384.Aligned.sortedByCoord.out.bam...              ||
||    Single-end reads are included.                                          ||
||    Total alignments : 74387860                                             ||
||    Successfully assigned alignments : 26477541 (35.6%)                     ||
||    Running time : 1.09 minutes                                             ||
||                                                                            ||
|| Process BAM file SRR16684379.Aligned.sortedByCoord.out.bam...              ||
||    Single-end reads are included.                                          ||
||    Total alignments : 70845509                                             ||
||    Successfully assigned alignments : 25944515 (36.6%)                     ||
||    Running time : 1.04 minutes                                             ||
||                                                                            ||
|| Process BAM file SRR16684378.Aligned.sortedByCoord.out.bam...              ||
||    Single-end reads are included.                                          ||
||    Total alignments : 69869972                                             ||
||    Successfully assigned alignments : 26476991 (37.9%)                     ||
||    Running time : 1.04 minutes                                             ||
||                                                                            ||
|| Write the final count table.                                               ||
Failed to create file /athena/angsd/scratch/xil4009/SMG6_RNA_SEQ/feature_counts/featureCounts.txt
|| Write the read assignment summary.                                         ||
||                                                                            ||
|| Summary of counting results can be found in file "/athena/angsd/scratch/x  ||
|| il4009/SMG6_RNA_SEQ/feature_counts/featureCounts.txt.summary"              ||
||                                                                            ||
\\============================================================================//

--------------- Script Termination ----------------
