---------------STAR alining SRR16684375----------------
	STAR --runMode alignReads --runThreadN 6 --genomeDir /athena/angsd/scratch/xil4009/genomes/m39_STARindex --readFilesIn /athena/angsd/scratch/xil4009/SMG6_RNA_SEQ/fastq_trimmed/SRR16684375_trimmed.fq.gz --readFilesCommand zcat --outFileNamePrefix /athena/angsd/scratch/xil4009/SMG6_RNA_SEQ/alignment_star/SRR16684375. --outSAMtype BAM SortedByCoordinate
	STAR version: 2.7.10b   compiled: 2022-11-01T09:53:26-04:00 :/home/dobin/data/STAR/STARcode/STAR.master/source
Feb 22 10:14:04 ..... started STAR run
Feb 22 10:14:04 ..... loading genome
Feb 22 10:14:30 ..... started mapping
Feb 22 10:33:39 ..... finished mapping
Feb 22 10:33:41 ..... started sorting BAM
Feb 22 10:36:14 ..... finished successfully
---------------Indexing Bam SRR16684375----------------
 
---------------STAR alining SRR16684376----------------
	STAR --runMode alignReads --runThreadN 6 --genomeDir /athena/angsd/scratch/xil4009/genomes/m39_STARindex --readFilesIn /athena/angsd/scratch/xil4009/SMG6_RNA_SEQ/fastq_trimmed/SRR16684376_trimmed.fq.gz --readFilesCommand zcat --outFileNamePrefix /athena/angsd/scratch/xil4009/SMG6_RNA_SEQ/alignment_star/SRR16684376. --outSAMtype BAM SortedByCoordinate
	STAR version: 2.7.10b   compiled: 2022-11-01T09:53:26-04:00 :/home/dobin/data/STAR/STARcode/STAR.master/source
Feb 22 10:36:49 ..... started STAR run
Feb 22 10:36:49 ..... loading genome
Feb 22 10:37:30 ..... started mapping
Feb 22 10:59:10 ..... finished mapping
Feb 22 10:59:11 ..... started sorting BAM
Feb 22 11:01:49 ..... finished successfully
---------------Indexing Bam SRR16684376----------------
 
---------------STAR alining SRR16684377----------------
	STAR --runMode alignReads --runThreadN 6 --genomeDir /athena/angsd/scratch/xil4009/genomes/m39_STARindex --readFilesIn /athena/angsd/scratch/xil4009/SMG6_RNA_SEQ/fastq_trimmed/SRR16684377_trimmed.fq.gz --readFilesCommand zcat --outFileNamePrefix /athena/angsd/scratch/xil4009/SMG6_RNA_SEQ/alignment_star/SRR16684377. --outSAMtype BAM SortedByCoordinate
	STAR version: 2.7.10b   compiled: 2022-11-01T09:53:26-04:00 :/home/dobin/data/STAR/STARcode/STAR.master/source
Feb 22 11:02:25 ..... started STAR run
Feb 22 11:02:25 ..... loading genome
Feb 22 11:02:51 ..... started mapping
Feb 22 11:21:54 ..... finished mapping
Feb 22 11:21:55 ..... started sorting BAM
Feb 22 11:24:15 ..... finished successfully
---------------Indexing Bam SRR16684377----------------
 
---------------STAR alining SRR16684378----------------
	STAR --runMode alignReads --runThreadN 6 --genomeDir /athena/angsd/scratch/xil4009/genomes/m39_STARindex --readFilesIn /athena/angsd/scratch/xil4009/SMG6_RNA_SEQ/fastq_trimmed/SRR16684378_trimmed.fq.gz --readFilesCommand zcat --outFileNamePrefix /athena/angsd/scratch/xil4009/SMG6_RNA_SEQ/alignment_star/SRR16684378. --outSAMtype BAM SortedByCoordinate
	STAR version: 2.7.10b   compiled: 2022-11-01T09:53:26-04:00 :/home/dobin/data/STAR/STARcode/STAR.master/source
Feb 22 11:24:46 ..... started STAR run
Feb 22 11:24:46 ..... loading genome
Feb 22 11:25:16 ..... started mapping
Feb 22 11:42:39 ..... finished mapping
Feb 22 11:42:41 ..... started sorting BAM
Feb 22 11:44:51 ..... finished successfully
---------------Indexing Bam SRR16684378----------------
 
---------------STAR alining SRR16684379----------------
	STAR --runMode alignReads --runThreadN 6 --genomeDir /athena/angsd/scratch/xil4009/genomes/m39_STARindex --readFilesIn /athena/angsd/scratch/xil4009/SMG6_RNA_SEQ/fastq_trimmed/SRR16684379_trimmed.fq.gz --readFilesCommand zcat --outFileNamePrefix /athena/angsd/scratch/xil4009/SMG6_RNA_SEQ/alignment_star/SRR16684379. --outSAMtype BAM SortedByCoordinate
	STAR version: 2.7.10b   compiled: 2022-11-01T09:53:26-04:00 :/home/dobin/data/STAR/STARcode/STAR.master/source
Feb 22 11:45:21 ..... started STAR run
Feb 22 11:45:21 ..... loading genome
Feb 22 11:45:45 ..... started mapping
Feb 22 12:04:00 ..... finished mapping
Feb 22 12:04:02 ..... started sorting BAM
Feb 22 12:07:28 ..... finished successfully
---------------Indexing Bam SRR16684379----------------
 
---------------STAR alining SRR16684380----------------
	STAR --runMode alignReads --runThreadN 6 --genomeDir /athena/angsd/scratch/xil4009/genomes/m39_STARindex --readFilesIn /athena/angsd/scratch/xil4009/SMG6_RNA_SEQ/fastq_trimmed/SRR16684380_trimmed.fq.gz --readFilesCommand zcat --outFileNamePrefix /athena/angsd/scratch/xil4009/SMG6_RNA_SEQ/alignment_star/SRR16684380. --outSAMtype BAM SortedByCoordinate
	STAR version: 2.7.10b   compiled: 2022-11-01T09:53:26-04:00 :/home/dobin/data/STAR/STARcode/STAR.master/source
Feb 22 12:08:04 ..... started STAR run
Feb 22 12:08:05 ..... loading genome
Feb 22 12:09:38 ..... started mapping
Feb 22 12:29:55 ..... finished mapping
Feb 22 12:29:56 ..... started sorting BAM
Feb 22 12:32:28 ..... finished successfully
---------------Indexing Bam SRR16684380----------------
 
---------------STAR alining SRR16684381----------------
	STAR --runMode alignReads --runThreadN 6 --genomeDir /athena/angsd/scratch/xil4009/genomes/m39_STARindex --readFilesIn /athena/angsd/scratch/xil4009/SMG6_RNA_SEQ/fastq_trimmed/SRR16684381_trimmed.fq.gz --readFilesCommand zcat --outFileNamePrefix /athena/angsd/scratch/xil4009/SMG6_RNA_SEQ/alignment_star/SRR16684381. --outSAMtype BAM SortedByCoordinate
	STAR version: 2.7.10b   compiled: 2022-11-01T09:53:26-04:00 :/home/dobin/data/STAR/STARcode/STAR.master/source
Feb 22 12:33:03 ..... started STAR run
Feb 22 12:33:03 ..... loading genome
Feb 22 12:33:27 ..... started mapping
Feb 22 12:51:47 ..... finished mapping
Feb 22 12:51:48 ..... started sorting BAM
Feb 22 12:54:00 ..... finished successfully
---------------Indexing Bam SRR16684381----------------
 
---------------STAR alining SRR16684382----------------
	STAR --runMode alignReads --runThreadN 6 --genomeDir /athena/angsd/scratch/xil4009/genomes/m39_STARindex --readFilesIn /athena/angsd/scratch/xil4009/SMG6_RNA_SEQ/fastq_trimmed/SRR16684382_trimmed.fq.gz --readFilesCommand zcat --outFileNamePrefix /athena/angsd/scratch/xil4009/SMG6_RNA_SEQ/alignment_star/SRR16684382. --outSAMtype BAM SortedByCoordinate
	STAR version: 2.7.10b   compiled: 2022-11-01T09:53:26-04:00 :/home/dobin/data/STAR/STARcode/STAR.master/source
Feb 22 12:54:31 ..... started STAR run
Feb 22 12:54:31 ..... loading genome
Feb 22 12:54:53 ..... started mapping
Feb 22 13:16:46 ..... finished mapping
Feb 22 13:16:51 ..... started sorting BAM
Feb 22 13:19:42 ..... finished successfully
---------------Indexing Bam SRR16684382----------------
 
---------------STAR alining SRR16684383----------------
	STAR --runMode alignReads --runThreadN 6 --genomeDir /athena/angsd/scratch/xil4009/genomes/m39_STARindex --readFilesIn /athena/angsd/scratch/xil4009/SMG6_RNA_SEQ/fastq_trimmed/SRR16684383_trimmed.fq.gz --readFilesCommand zcat --outFileNamePrefix /athena/angsd/scratch/xil4009/SMG6_RNA_SEQ/alignment_star/SRR16684383. --outSAMtype BAM SortedByCoordinate
	STAR version: 2.7.10b   compiled: 2022-11-01T09:53:26-04:00 :/home/dobin/data/STAR/STARcode/STAR.master/source
Feb 22 13:20:19 ..... started STAR run
Feb 22 13:20:19 ..... loading genome
Feb 22 13:20:45 ..... started mapping
Feb 22 13:38:14 ..... finished mapping
Feb 22 13:38:15 ..... started sorting BAM
Feb 22 13:40:32 ..... finished successfully
---------------Indexing Bam SRR16684383----------------
 
---------------STAR alining SRR16684384----------------
	STAR --runMode alignReads --runThreadN 6 --genomeDir /athena/angsd/scratch/xil4009/genomes/m39_STARindex --readFilesIn /athena/angsd/scratch/xil4009/SMG6_RNA_SEQ/fastq_trimmed/SRR16684384_trimmed.fq.gz --readFilesCommand zcat --outFileNamePrefix /athena/angsd/scratch/xil4009/SMG6_RNA_SEQ/alignment_star/SRR16684384. --outSAMtype BAM SortedByCoordinate
	STAR version: 2.7.10b   compiled: 2022-11-01T09:53:26-04:00 :/home/dobin/data/STAR/STARcode/STAR.master/source
Feb 22 13:41:03 ..... started STAR run
Feb 22 13:41:03 ..... loading genome
Feb 22 13:41:28 ..... started mapping
Feb 22 14:02:26 ..... finished mapping
Feb 22 14:02:28 ..... started sorting BAM
Feb 22 14:08:08 ..... finished successfully
---------------Indexing Bam SRR16684384----------------
 
---------------STAR alining SRR16684385----------------
	STAR --runMode alignReads --runThreadN 6 --genomeDir /athena/angsd/scratch/xil4009/genomes/m39_STARindex --readFilesIn /athena/angsd/scratch/xil4009/SMG6_RNA_SEQ/fastq_trimmed/SRR16684385_trimmed.fq.gz --readFilesCommand zcat --outFileNamePrefix /athena/angsd/scratch/xil4009/SMG6_RNA_SEQ/alignment_star/SRR16684385. --outSAMtype BAM SortedByCoordinate
	STAR version: 2.7.10b   compiled: 2022-11-01T09:53:26-04:00 :/home/dobin/data/STAR/STARcode/STAR.master/source
Feb 22 14:08:44 ..... started STAR run
Feb 22 14:08:44 ..... loading genome
Feb 22 14:11:04 ..... started mapping
Feb 22 14:37:46 ..... finished mapping
Feb 22 14:37:47 ..... started sorting BAM
Feb 22 14:40:45 ..... finished successfully
---------------Indexing Bam SRR16684385----------------
 
--------------- Script Termination ----------------
